#
# A fatal error has been detected by the Java Runtime Environment:
#
#  EXCEPTION_ACCESS_VIOLATION (0xc0000005) at pc=0x00007ffc5a25c02a, pid=15892, tid=5400
#
# JRE version: OpenJDK Runtime Environment Corretto-17.0.10.7.1 (17.0.10+7) (build 17.0.10+7-LTS)
# Java VM: OpenJDK 64-Bit Server VM Corretto-17.0.10.7.1 (17.0.10+7-LTS, mixed mode, sharing, tiered, compressed oops, compressed class ptrs, g1 gc, windows-amd64)
# Problematic frame:
# C  [igxelpicd64.dll+0x36c02a]
#
# No core dump will be written. Minidumps are not enabled by default on client versions of Windows
#
# If you would like to submit a bug report, please visit:
#   https://github.com/corretto/corretto-17/issues/
#

---------------  S U M M A R Y ------------

Command Line: -agentlib:jdwp=transport=dt_socket,address=127.0.0.1:7554,suspend=y,server=n -Djava.library.path=C:\Users\USER\Desktop\Максим\expensive-master-fixed\libraries\natives -javaagent:C:\Users\USER\AppData\Local\JetBrains\IntelliJIdea2024.1\captureAgent\debugger-agent.jar -Dfile.encoding=UTF-8 Start

Host: Intel(R) Pentium(R) Gold 7505 @ 2.00GHz, 4 cores, 13G,  Windows 10 , 64 bit Build 19041 (10.0.19041.2364)
Time: Tue Sep 24 16:47:40 2024  Windows 10 , 64 bit Build 19041 (10.0.19041.2364) elapsed time: 74.590175 seconds (0d 0h 1m 14s)

---------------  T H R E A D  ---------------

Current thread (0x0000028ec9ed3380):  VMThread "VM Thread" [stack: 0x000000db8d100000,0x000000db8d200000] [id=5400]

Stack: [0x000000db8d100000,0x000000db8d200000],  sp=0x000000db8d1fe8a0,  free space=1018k
Native frames: (J=compiled Java code, j=interpreted, Vv=VM code, C=native code)
C  [igxelpicd64.dll+0x36c02a]


siginfo: EXCEPTION_ACCESS_VIOLATION (0xc0000005), reading address 0x0000000000035888


Registers:
RAX=0x0000028f3afe5418, RBX=0x0000000000000000, RCX=0x0000000000000000, RDX=0x00000000fffffff0
RSP=0x000000db8d1fe8a0, RBP=0x000000db8d1fe908, RSI=0x0000028f1341bb00, RDI=0x0000000000000000
R8 =0x0000000000000000, R9 =0x0000000000000000, R10=0x0000028f3afe58e0, R11=0x0000000000000246
R12=0x0000028f12477c98, R13=0x0000000000000000, R14=0x0000028f3afe5310, R15=0x0000000000000016
RIP=0x00007ffc5a25c02a, EFLAGS=0x0000000000010206


Register to memory mapping:

RIP=0x00007ffc5a25c02a igxelpicd64.dll
RAX=0x0000028f3afe5418 points into unknown readable memory: 0x0000000000111482 | 82 14 11 00 00 00 00 00
RBX=0x0 is NULL
RCX=0x0 is NULL
RDX=0x00000000fffffff0 is an unknown value
RSP=0x000000db8d1fe8a0 points into unknown readable memory: 0x0000028f100e45f0 | f0 45 0e 10 8f 02 00 00
RBP=0x000000db8d1fe908 points into unknown readable memory: 0x0000000000000010 | 10 00 00 00 00 00 00 00
RSI=0x0000028f1341bb00 points into unknown readable memory: 0x0001000600000000 | 00 00 00 00 06 00 01 00
RDI=0x0 is NULL
R8 =0x0 is NULL
R9 =0x0 is NULL
R10=0x0000028f3afe58e0 points into unknown readable memory: 0x0000028f3afecfc0 | c0 cf fe 3a 8f 02 00 00
R11=0x0000000000000246 is an unknown value
R12=0x0000028f12477c98 points into unknown readable memory: 0x0000000000040000 | 00 00 04 00 00 00 00 00
R13=0x0 is NULL
R14=0x0000028f3afe5310 points into unknown readable memory: 0x0000028f10434a60 | 60 4a 43 10 8f 02 00 00
R15=0x0000000000000016 is an unknown value


Top of Stack: (sp=0x000000db8d1fe8a0)
0x000000db8d1fe8a0:   0000028f100e45f0 0000000000000000
0x000000db8d1fe8b0:   000000db8d1fea50 00007ffccab3d499
0x000000db8d1fe8c0:   0000028f3afecfc0 0000000000000000
0x000000db8d1fe8d0:   0000028f100e45f0 0000028f3afe58e0
0x000000db8d1fe8e0:   00f8f56201512962 00007ffccbd30ef4
0x000000db8d1fe8f0:   01246d650126c964 00a76867010e7f65
0x000000db8d1fe900:   0081d26902519367 0000000000000010
0x000000db8d1fe910:   0000000000111507 0000b8021c3c0000
0x000000db8d1fe920:   0000028f12477c98 0000000000000000
0x000000db8d1fe930:   0000000000000000 0000028f1341bb00
0x000000db8d1fe940:   000000db8d1fea50 00007ffc59f8a847
0x000000db8d1fe950:   0000028f1341bb00 0000000000000016
0x000000db8d1fe960:   0143068f01470500 00c8679100f33c00
0x000000db8d1fe970:   000000db00005138 0114c49200000000
0x000000db8d1fe980:   0000000000000000 010b399600d49694
0x000000db8d1fe990:   00a4569b0157c69a 0127409c005cce9b
0x000000db8d1fe9a0:   00c3609f00a09f9d 00cac89f006e8f9f
0x000000db8d1fe9b0:   010ab5a0011cada0 00f8a6a200b3d7a1
0x000000db8d1fe9c0:   006af7a300e2c4a3 010304a500cfdba4
0x000000db8d1fe9d0:   00608fa500a422a5 0133c2a700da38a6
0x000000db8d1fe9e0:   012712ab00dbb2a9 0000028f12442d40
0x000000db8d1fe9f0:   0000028f18d40000 0000000000000060
0x000000db8d1fea00:   0000b8021c3c0000 0000000000005138
0x000000db8d1fea10:   0000000000000000 4000160000000001
0x000000db8d1fea20:   0000000000000000 0000000000000000
0x000000db8d1fea30:   0000000000000000 0000000000000000
0x000000db8d1fea40:   0000000000000000 0000000000000000
0x000000db8d1fea50:   0000000000000000 0000000000000000
0x000000db8d1fea60:   0000000000000000 0000000000000000
0x000000db8d1fea70:   0000000000000000 0000000000000000
0x000000db8d1fea80:   0000000000000000 0000000000000000
0x000000db8d1fea90:   0000000000000000 0000000000000000 

Instructions: (pc=0x00007ffc5a25c02a)
0x00007ffc5a25bf2a:   25 58 00 00 00 41 bd 20 00 00 00 48 8b 04 f8 4e
0x00007ffc5a25bf3a:   8b 2c 28 40 8a 7d 58 4c 3b 2d 38 98 ba 00 45 0f
0x00007ffc5a25bf4a:   44 f8 44 89 7d 50 48 85 c9 0f 84 69 07 00 00 33
0x00007ffc5a25bf5a:   db 4c 8b f1 4c 8d 91 d0 05 00 00 4c 89 55 d0 49
0x00007ffc5a25bf6a:   8b 02 48 89 45 b8 40 84 ff 74 10 48 8b d1 48 8b
0x00007ffc5a25bf7a:   09 e8 f0 2a d3 ff e9 f0 06 00 00 44 8b 86 c8 01
0x00007ffc5a25bf8a:   00 00 48 8b 05 6d 71 aa 00 83 b8 68 03 00 00 02
0x00007ffc5a25bf9a:   0f 85 1e 02 00 00 41 8d 50 f0 41 83 f8 10 73 11
0x00007ffc5a25bfaa:   4a 8d 04 c5 21 00 00 00 49 03 c0 48 8d 04 c1 eb
0x00007ffc5a25bfba:   5b 8b c2 c1 e8 04 83 f8 03 73 1f 0f ae e8 8b ca
0x00007ffc5a25bfca:   83 e1 0f 4d 8b 8c c6 88 05 00 00 4d 85 c9 74 21
0x00007ffc5a25bfda:   48 8d 0c c9 49 8d 04 c9 eb 32 48 8b 81 a0 05 00
0x00007ffc5a25bfea:   00 eb 09 44 39 00 74 2f 48 8b 40 50 48 85 c0 75
0x00007ffc5a25bffa:   f2 41 38 9e a8 05 00 00 74 23 41 8b c0 83 e0 0f
0x00007ffc5a25c00a:   48 8d 04 c0 48 8d 40 21 49 8d 04 c6 48 85 c0 74
0x00007ffc5a25c01a:   0c 48 8b 48 08 eb 09 48 83 c0 08 eb ef 48 8b cb
0x00007ffc5a25c02a:   49 3b 8d 88 58 03 00 0f 86 87 01 00 00 41 83 f8
0x00007ffc5a25c03a:   10 73 0d 4a 8d 04 c5 21 00 00 00 49 03 c0 eb 55
0x00007ffc5a25c04a:   8b c2 c1 e8 04 83 f8 03 73 1d 0f ae e8 83 e2 0f
0x00007ffc5a25c05a:   4d 8b 8c c6 88 05 00 00 4d 85 c9 74 21 48 8d 0c
0x00007ffc5a25c06a:   d2 49 8d 04 c9 eb 32 49 8b 86 a0 05 00 00 eb 09
0x00007ffc5a25c07a:   44 39 00 74 2f 48 8b 40 50 48 85 c0 75 f2 41 38
0x00007ffc5a25c08a:   9e a8 05 00 00 74 23 41 8b c0 83 e0 0f 48 8d 04
0x00007ffc5a25c09a:   c0 48 8d 40 21 49 8d 04 c6 48 85 c0 74 0c 48 8b
0x00007ffc5a25c0aa:   48 08 eb 09 48 83 c0 08 eb ef 48 8b cb 49 3b 8e
0x00007ffc5a25c0ba:   48 06 00 00 0f 86 fa 00 00 00 48 8b 86 78 02 00
0x00007ffc5a25c0ca:   00 49 89 02 4c 89 b6 78 02 00 00 ff 86 80 02 00
0x00007ffc5a25c0da:   00 ba 01 00 00 00 49 8b 4e 08 e8 d7 4a cd ff 0f
0x00007ffc5a25c0ea:   b7 c8 48 2b c1 48 05 00 00 01 00 48 01 86 88 02
0x00007ffc5a25c0fa:   00 00 ba 01 00 00 00 49 8b 4e 08 e8 b6 4a cd ff
0x00007ffc5a25c10a:   48 01 86 98 02 00 00 45 85 ff 0f 84 9a 00 00 00
0x00007ffc5a25c11a:   49 8b 9d 38 50 03 00 0f 57 c0 f3 0f 7f 45 d8 45 


Stack slot to memory mapping:
stack at sp + 0 slots: 0x0000028f100e45f0 points into unknown readable memory: 0xffffffffffffffff | ff ff ff ff ff ff ff ff
stack at sp + 1 slots: 0x0 is NULL
stack at sp + 2 slots: 0x000000db8d1fea50 points into unknown readable memory: 0x0000000000000000 | 00 00 00 00 00 00 00 00
stack at sp + 3 slots: 0x00007ffccab3d499 USER32.dll
stack at sp + 4 slots: 0x0000028f3afecfc0 points into unknown readable memory: 0x0000028f10434a60 | 60 4a 43 10 8f 02 00 00
stack at sp + 5 slots: 0x0 is NULL
stack at sp + 6 slots: 0x0000028f100e45f0 points into unknown readable memory: 0xffffffffffffffff | ff ff ff ff ff ff ff ff
stack at sp + 7 slots: 0x0000028f3afe58e0 points into unknown readable memory: 0x0000028f3afecfc0 | c0 cf fe 3a 8f 02 00 00

VM_Operation (0x000000db8c9ff150): Exit, mode: safepoint, requested by thread 0x0000028f12e84fd0


---------------  P R O C E S S  ---------------

Threads class SMR info:
_java_thread_list=0x0000028f3a136780, length=36, elements={
0x0000028ea8d98230, 0x0000028ec9ed8af0, 0x0000028ec9eda5d0, 0x0000028ec9ef34b0,
0x0000028ec9ef3d80, 0x0000028ec9ef6660, 0x0000028ec9ef8340, 0x0000028ec9ef8f40,
0x0000028f0f14b530, 0x0000028f0f14ea70, 0x0000028ec9ec1130, 0x0000028f0f2a6230,
0x0000028f0f2d1fa0, 0x0000028f10a405c0, 0x0000028f124e7820, 0x0000028f11b63300,
0x0000028f0f7747f0, 0x0000028f0f775210, 0x0000028f0f776650, 0x0000028f0f775720,
0x0000028f0f7742e0, 0x0000028f1055f1b0, 0x0000028f1055e790, 0x0000028f10561f40,
0x0000028f11b623d0, 0x0000028f11b60a80, 0x0000028f11b60060, 0x0000028f11b619b0,
0x0000028f0f776b60, 0x0000028f11b614a0, 0x0000028f24aeb7f0, 0x0000028f0f774d00,
0x0000028f12e87d60, 0x0000028f12e84fd0, 0x0000028f12e891a0, 0x0000028f119051e0
}

Java Threads: ( => current thread )
  0x0000028ea8d98230 JavaThread "Render thread" [_thread_blocked, id=10864, stack(0x000000db8cb00000,0x000000db8cc00000)]
  0x0000028ec9ed8af0 JavaThread "Reference Handler" daemon [_thread_blocked, id=16084, stack(0x000000db8d200000,0x000000db8d300000)]
  0x0000028ec9eda5d0 JavaThread "Finalizer" daemon [_thread_blocked, id=15072, stack(0x000000db8d300000,0x000000db8d400000)]
  0x0000028ec9ef34b0 JavaThread "Signal Dispatcher" daemon [_thread_blocked, id=10880, stack(0x000000db8d400000,0x000000db8d500000)]
  0x0000028ec9ef3d80 JavaThread "Attach Listener" daemon [_thread_blocked, id=3696, stack(0x000000db8d500000,0x000000db8d600000)]
  0x0000028ec9ef6660 JavaThread "Service Thread" daemon [_thread_blocked, id=2708, stack(0x000000db8d600000,0x000000db8d700000)]
  0x0000028ec9ef8340 JavaThread "Monitor Deflation Thread" daemon [_thread_blocked, id=11248, stack(0x000000db8d700000,0x000000db8d800000)]
  0x0000028ec9ef8f40 JavaThread "C2 CompilerThread0" daemon [_thread_blocked, id=14168, stack(0x000000db8d800000,0x000000db8d900000)]
  0x0000028f0f14b530 JavaThread "C1 CompilerThread0" daemon [_thread_blocked, id=12488, stack(0x000000db8d900000,0x000000db8da00000)]
  0x0000028f0f14ea70 JavaThread "Sweeper thread" daemon [_thread_blocked, id=10624, stack(0x000000db8da00000,0x000000db8db00000)]
  0x0000028ec9ec1130 JavaThread "Common-Cleaner" daemon [_thread_blocked, id=15652, stack(0x000000db8db00000,0x000000db8dc00000)]
  0x0000028f0f2a6230 JavaThread "JDWP Event Helper Thread" daemon [_thread_blocked, id=13164, stack(0x000000db8dd00000,0x000000db8de00000)]
  0x0000028f0f2d1fa0 JavaThread "Notification Thread" daemon [_thread_blocked, id=10576, stack(0x000000db8df00000,0x000000db8e000000)]
  0x0000028f10a405c0 JavaThread "Timer hack thread" daemon [_thread_blocked, id=3796, stack(0x000000db8e500000,0x000000db8e600000)]
  0x0000028f124e7820 JavaThread "Snooper Timer" daemon [_thread_blocked, id=60, stack(0x000000db8e600000,0x000000db8e700000)]
  0x0000028f11b63300 JavaThread "Narrator" [_thread_blocked, id=13628, stack(0x000000db8ef00000,0x000000db8f000000)]
  0x0000028f0f7747f0 JavaThread "Via Async Task 0" [_thread_blocked, id=8900, stack(0x000000db8ff00000,0x000000db90000000)]
  0x0000028f0f775210 JavaThread "Via Async Scheduler 0" [_thread_blocked, id=8336, stack(0x000000db90000000,0x000000db90100000)]
  0x0000028f0f776650 JavaThread "Worker-Main-1" daemon [_thread_blocked, id=15288, stack(0x000000db90100000,0x000000db90200000)]
  0x0000028f0f775720 JavaThread "Worker-Main-2" daemon [_thread_blocked, id=15832, stack(0x000000db90200000,0x000000db90300000)]
  0x0000028f0f7742e0 JavaThread "Worker-Main-3" daemon [_thread_blocked, id=16080, stack(0x000000db90300000,0x000000db90400000)]
  0x0000028f1055f1b0 JavaThread "Via Async Task 1" [_thread_blocked, id=15040, stack(0x000000db90400000,0x000000db90500000)]
  0x0000028f1055e790 JavaThread "Java2D Disposer" daemon [_thread_blocked, id=8160, stack(0x000000db8f100000,0x000000db8f200000)]
  0x0000028f10561f40 JavaThread "Worker-Main-4" daemon [_thread_blocked, id=644, stack(0x000000db8e900000,0x000000db8ea00000)]
  0x0000028f11b623d0 JavaThread "Server Pinger #0" daemon [_thread_blocked, id=8532, stack(0x000000db8fb00000,0x000000db8fc00000)]
  0x0000028f11b60a80 JavaThread "Thread-4" daemon [_thread_in_native, id=5696, stack(0x000000db8fc00000,0x000000db8fd00000)]
  0x0000028f11b60060 JavaThread "ObjectCleanerThread" daemon [_thread_blocked, id=4012, stack(0x000000db8fd00000,0x000000db8fe00000)]
  0x0000028f11b619b0 JavaThread "Netty Client IO #1" daemon [_thread_blocked, id=16020, stack(0x000000db90600000,0x000000db90700000)]
  0x0000028f0f776b60 JavaThread "Netty Client IO #0" daemon [_thread_blocked, id=15612, stack(0x000000db90700000,0x000000db90800000)]
  0x0000028f11b614a0 JavaThread "Sound engine" daemon [_thread_blocked, id=12112, stack(0x000000db8f000000,0x000000db8f100000)]
  0x0000028f24aeb7f0 JavaThread "Worker-Cape-5" daemon [_thread_blocked, id=1616, stack(0x000000db90800000,0x000000db90900000)]
  0x0000028f0f774d00 JavaThread "Worker-Cape-6" daemon [_thread_blocked, id=6972, stack(0x000000db90c00000,0x000000db90d00000)]
  0x0000028f12e87d60 JavaThread "Worker-Cape-7" daemon [_thread_blocked, id=15168, stack(0x000000db90e00000,0x000000db90f00000)]
  0x0000028f12e84fd0 JavaThread "SIGINT handler" daemon [_thread_blocked, id=15964, stack(0x000000db8c900000,0x000000db8ca00000)]
  0x0000028f12e891a0 JavaThread "Logging-Cleaner" [_thread_blocked, id=11280, stack(0x000000db8ca00000,0x000000db8cb00000)]
  0x0000028f119051e0 JavaThread "C2 CompilerThread1" daemon [_thread_blocked, id=756, stack(0x000000db8dc00000,0x000000db8dd00000)]

Other Threads:
=>0x0000028ec9ed3380 VMThread "VM Thread" [stack: 0x000000db8d100000,0x000000db8d200000] [id=5400]
  0x0000028ea8df81e0 GCTaskThread "GC Thread#0" [stack: 0x000000db8cc00000,0x000000db8cd00000] [id=9636]
  0x0000028f0f6e8160 GCTaskThread "GC Thread#1" [stack: 0x000000db8e100000,0x000000db8e200000] [id=5728]
  0x0000028f0f706640 GCTaskThread "GC Thread#2" [stack: 0x000000db8e200000,0x000000db8e300000] [id=12196]
  0x0000028f0f706900 GCTaskThread "GC Thread#3" [stack: 0x000000db8e300000,0x000000db8e400000] [id=15692]
  0x0000028ea8e06af0 ConcurrentGCThread "G1 Main Marker" terminated
  0x0000028ea8e07510 ConcurrentGCThread "G1 Conc#0" [stack: 0x000000db8ce00000,0x000000db8cf00000] [id=11268]
  0x0000028ea8e46600 ConcurrentGCThread "G1 Refine#0" terminated
  0x0000028f1046f960 ConcurrentGCThread "G1 Refine#1" terminated
  0x0000028f13a22290 ConcurrentGCThread "G1 Refine#2" terminated
  0x0000028f13b29e00 ConcurrentGCThread "G1 Refine#3" terminated
  0x0000028ea8e47030 ConcurrentGCThread "G1 Service" terminated

Threads with active compile tasks:
C2 CompilerThread0  
[error occurred during error reporting (printing all threads), id 0xc0000005, EXCEPTION_ACCESS_VIOLATION (0xc0000005) at pc=0x00007ffc317f29d3]

VM state: at safepoint (shutting down)

VM Mutex/Monitor currently owned by a thread:  ([mutex/lock_event])
[0x0000028ea8d94390] Threads_lock - owner thread: 0x0000028ec9ed3380
[0x0000028ea8d93fa0] Heap_lock - owner thread: 0x0000028f12e84fd0

Heap address: 0x0000000726400000, size: 3484 MB, Compressed Oops mode: Zero based, Oop shift amount: 3

CDS archive(s) mapped at: [0x0000028eca000000-0x0000028ecabb0000-0x0000028ecabb0000), size 12255232, SharedBaseAddress: 0x0000028eca000000, ArchiveRelocationMode: 1.
Compressed class space mapped at: 0x0000028ecb000000-0x0000028f0b000000, reserved size: 1073741824
Narrow klass base: 0x0000028eca000000, Narrow klass shift: 0, Narrow klass range: 0x100000000

GC Precious Log:
 CPUs: 4 total, 4 available
 Memory: 13931M
 Large Page Support: Disabled
 NUMA Support: Disabled
 Compressed Oops: Enabled (Zero based)
 Heap Region Size: 2M
 Heap Min Capacity: 8M
 Heap Initial Capacity: 218M
 Heap Max Capacity: 3484M
 Pre-touch: Disabled
 Parallel Workers: 4
 Concurrent Workers: 1
 Concurrent Refinement Workers: 4
 Periodic GC: Disabled

Heap:
 garbage-first heap   total 397312K, used 259134K [0x0000000726400000, 0x0000000800000000)
  region size 2048K, 29 young (59392K), 2 survivors (4096K)
 Metaspace       used 86309K, committed 87040K, reserved 1179648K
  class space    used 11349K, committed 11712K, reserved 1048576K

Heap Regions: E=young(eden), S=young(survivor), O=old, HS=humongous(starts), HC=humongous(continues), CS=collection set, F=free, OA=open archive, CA=closed archive, TAMS=top-at-mark-start (previous, next)
|   0|0x0000000726400000, 0x0000000726600000, 0x0000000726600000|100%|HS|  |TAMS 0x0000000726600000, 0x0000000726400000| Complete 
|   1|0x0000000726600000, 0x0000000726800000, 0x0000000726800000|100%| O|  |TAMS 0x0000000726800000, 0x0000000726600000| Untracked 
|   2|0x0000000726800000, 0x0000000726a00000, 0x0000000726a00000|100%|HS|  |TAMS 0x0000000726a00000, 0x0000000726800000| Complete 
|   3|0x0000000726a00000, 0x0000000726c00000, 0x0000000726c00000|100%| O|  |TAMS 0x0000000726c00000, 0x0000000726a00000| Untracked 
|   4|0x0000000726c00000, 0x0000000726e00000, 0x0000000726e00000|100%| O|  |TAMS 0x0000000726e00000, 0x0000000726c00000| Untracked 
|   5|0x0000000726e00000, 0x0000000727000000, 0x0000000727000000|100%| O|  |TAMS 0x0000000727000000, 0x0000000726e00000| Untracked 
|   6|0x0000000727000000, 0x0000000727200000, 0x0000000727200000|100%| O|  |TAMS 0x0000000727200000, 0x0000000727000000| Untracked 
|   7|0x0000000727200000, 0x0000000727400000, 0x0000000727400000|100%| O|  |TAMS 0x0000000727400000, 0x0000000727200000| Untracked 
|   8|0x0000000727400000, 0x0000000727600000, 0x0000000727600000|100%| O|  |TAMS 0x0000000727600000, 0x0000000727400000| Untracked 
|   9|0x0000000727600000, 0x0000000727800000, 0x0000000727800000|100%| O|  |TAMS 0x0000000727800000, 0x0000000727600000| Untracked 
|  10|0x0000000727800000, 0x0000000727a00000, 0x0000000727a00000|100%| O|  |TAMS 0x0000000727a00000, 0x0000000727800000| Untracked 
|  11|0x0000000727a00000, 0x0000000727c00000, 0x0000000727c00000|100%| O|  |TAMS 0x0000000727c00000, 0x0000000727a00000| Untracked 
|  12|0x0000000727c00000, 0x0000000727e00000, 0x0000000727e00000|100%| O|  |TAMS 0x0000000727e00000, 0x0000000727c00000| Untracked 
|  13|0x0000000727e00000, 0x0000000728000000, 0x0000000728000000|100%| O|  |TAMS 0x0000000728000000, 0x0000000727e00000| Untracked 
|  14|0x0000000728000000, 0x0000000728200000, 0x0000000728200000|100%| O|  |TAMS 0x0000000728200000, 0x0000000728000000| Untracked 
|  15|0x0000000728200000, 0x0000000728400000, 0x0000000728400000|100%| O|  |TAMS 0x0000000728400000, 0x0000000728200000| Untracked 
|  16|0x0000000728400000, 0x0000000728600000, 0x0000000728600000|100%| O|  |TAMS 0x0000000728600000, 0x0000000728400000| Untracked 
|  17|0x0000000728600000, 0x0000000728800000, 0x0000000728800000|100%| O|  |TAMS 0x0000000728800000, 0x0000000728600000| Untracked 
|  18|0x0000000728800000, 0x0000000728a00000, 0x0000000728a00000|100%| O|  |TAMS 0x0000000728a00000, 0x0000000728800000| Untracked 
|  19|0x0000000728a00000, 0x0000000728c00000, 0x0000000728c00000|100%|HS|  |TAMS 0x0000000728c00000, 0x0000000728a00000| Complete 
|  20|0x0000000728c00000, 0x0000000728e00000, 0x0000000728e00000|100%|HC|  |TAMS 0x0000000728e00000, 0x0000000728c00000| Complete 
|  21|0x0000000728e00000, 0x0000000729000000, 0x0000000729000000|100%|HC|  |TAMS 0x0000000729000000, 0x0000000728e00000| Complete 
|  22|0x0000000729000000, 0x0000000729200000, 0x0000000729200000|100%|HC|  |TAMS 0x0000000729200000, 0x0000000729000000| Complete 
|  23|0x0000000729200000, 0x0000000729400000, 0x0000000729400000|100%|HC|  |TAMS 0x0000000729400000, 0x0000000729200000| Complete 
|  24|0x0000000729400000, 0x0000000729600000, 0x0000000729600000|100%|HC|  |TAMS 0x0000000729600000, 0x0000000729400000| Complete 
|  25|0x0000000729600000, 0x0000000729800000, 0x0000000729800000|100%| O|  |TAMS 0x0000000729800000, 0x0000000729600000| Untracked 
|  26|0x0000000729800000, 0x0000000729a00000, 0x0000000729a00000|100%| O|  |TAMS 0x0000000729a00000, 0x0000000729800000| Untracked 
|  27|0x0000000729a00000, 0x0000000729c00000, 0x0000000729c00000|100%| O|  |TAMS 0x0000000729c00000, 0x0000000729a00000| Untracked 
|  28|0x0000000729c00000, 0x0000000729e00000, 0x0000000729e00000|100%| O|  |TAMS 0x0000000729e00000, 0x0000000729c00000| Untracked 
|  29|0x0000000729e00000, 0x000000072a000000, 0x000000072a000000|100%| O|  |TAMS 0x000000072a000000, 0x0000000729e00000| Untracked 
|  30|0x000000072a000000, 0x000000072a200000, 0x000000072a200000|100%| O|  |TAMS 0x000000072a200000, 0x000000072a000000| Untracked 
|  31|0x000000072a200000, 0x000000072a400000, 0x000000072a400000|100%|HS|  |TAMS 0x000000072a400000, 0x000000072a200000| Complete 
|  32|0x000000072a400000, 0x000000072a600000, 0x000000072a600000|100%|HC|  |TAMS 0x000000072a600000, 0x000000072a400000| Complete 
|  33|0x000000072a600000, 0x000000072a800000, 0x000000072a800000|100%|HC|  |TAMS 0x000000072a800000, 0x000000072a600000| Complete 
|  34|0x000000072a800000, 0x000000072aa00000, 0x000000072aa00000|100%| O|  |TAMS 0x000000072aa00000, 0x000000072a800000| Untracked 
|  35|0x000000072aa00000, 0x000000072ac00000, 0x000000072ac00000|100%| O|  |TAMS 0x000000072ac00000, 0x000000072aa00000| Untracked 
|  36|0x000000072ac00000, 0x000000072ae00000, 0x000000072ae00000|100%| O|  |TAMS 0x000000072ae00000, 0x000000072ac00000| Untracked 
|  37|0x000000072ae00000, 0x000000072b000000, 0x000000072b000000|100%| O|  |TAMS 0x000000072b000000, 0x000000072ae00000| Untracked 
|  38|0x000000072b000000, 0x000000072b200000, 0x000000072b200000|100%| O|  |TAMS 0x000000072b200000, 0x000000072b000000| Untracked 
|  39|0x000000072b200000, 0x000000072b400000, 0x000000072b400000|100%| O|  |TAMS 0x000000072b400000, 0x000000072b200000| Untracked 
|  40|0x000000072b400000, 0x000000072b600000, 0x000000072b600000|100%| O|  |TAMS 0x000000072b600000, 0x000000072b400000| Untracked 
|  41|0x000000072b600000, 0x000000072b800000, 0x000000072b800000|100%| O|  |TAMS 0x000000072b800000, 0x000000072b600000| Untracked 
|  42|0x000000072b800000, 0x000000072ba00000, 0x000000072ba00000|100%| O|  |TAMS 0x000000072ba00000, 0x000000072b800000| Untracked 
|  43|0x000000072ba00000, 0x000000072bc00000, 0x000000072bc00000|100%| O|  |TAMS 0x000000072bc00000, 0x000000072ba00000| Untracked 
|  44|0x000000072bc00000, 0x000000072be00000, 0x000000072be00000|100%| O|  |TAMS 0x000000072be00000, 0x000000072bc00000| Untracked 
|  45|0x000000072be00000, 0x000000072c000000, 0x000000072c000000|100%| O|  |TAMS 0x000000072c000000, 0x000000072be00000| Untracked 
|  46|0x000000072c000000, 0x000000072c200000, 0x000000072c200000|100%| O|  |TAMS 0x000000072c200000, 0x000000072c000000| Untracked 
|  47|0x000000072c200000, 0x000000072c400000, 0x000000072c400000|100%| O|  |TAMS 0x000000072c400000, 0x000000072c200000| Untracked 
|  48|0x000000072c400000, 0x000000072c600000, 0x000000072c600000|100%| O|  |TAMS 0x000000072c4da600, 0x000000072c400000| Untracked 
|  49|0x000000072c600000, 0x000000072c800000, 0x000000072c800000|100%| O|  |TAMS 0x000000072c800000, 0x000000072c600000| Untracked 
|  50|0x000000072c800000, 0x000000072c800000, 0x000000072ca00000|  0%| F|  |TAMS 0x000000072c800000, 0x000000072c800000| Untracked 
|  51|0x000000072ca00000, 0x000000072cc00000, 0x000000072cc00000|100%| O|  |TAMS 0x000000072cc00000, 0x000000072ca00000| Untracked 
|  52|0x000000072cc00000, 0x000000072cca8600, 0x000000072ce00000| 32%| O|  |TAMS 0x000000072cc00000, 0x000000072cc00000| Untracked 
|  53|0x000000072ce00000, 0x000000072d000000, 0x000000072d000000|100%| O|  |TAMS 0x000000072d000000, 0x000000072ce00000| Untracked 
|  54|0x000000072d000000, 0x000000072d200000, 0x000000072d200000|100%| O|  |TAMS 0x000000072d200000, 0x000000072d000000| Untracked 
|  55|0x000000072d200000, 0x000000072d400000, 0x000000072d400000|100%| O|  |TAMS 0x000000072d400000, 0x000000072d200000| Untracked 
|  56|0x000000072d400000, 0x000000072d600000, 0x000000072d600000|100%| O|  |TAMS 0x000000072d600000, 0x000000072d400000| Untracked 
|  57|0x000000072d600000, 0x000000072d800000, 0x000000072d800000|100%| O|  |TAMS 0x000000072d800000, 0x000000072d600000| Untracked 
|  58|0x000000072d800000, 0x000000072da00000, 0x000000072da00000|100%| O|  |TAMS 0x000000072da00000, 0x000000072d800000| Untracked 
|  59|0x000000072da00000, 0x000000072dc00000, 0x000000072dc00000|100%| O|  |TAMS 0x000000072dc00000, 0x000000072da00000| Untracked 
|  60|0x000000072dc00000, 0x000000072de00000, 0x000000072de00000|100%| O|  |TAMS 0x000000072de00000, 0x000000072dc00000| Untracked 
|  61|0x000000072de00000, 0x000000072e000000, 0x000000072e000000|100%| O|  |TAMS 0x000000072e000000, 0x000000072de00000| Untracked 
|  62|0x000000072e000000, 0x000000072e200000, 0x000000072e200000|100%| O|  |TAMS 0x000000072e200000, 0x000000072e000000| Untracked 
|  63|0x000000072e200000, 0x000000072e400000, 0x000000072e400000|100%| O|  |TAMS 0x000000072e400000, 0x000000072e200000| Untracked 
|  64|0x000000072e400000, 0x000000072e600000, 0x000000072e600000|100%| O|  |TAMS 0x000000072e600000, 0x000000072e400000| Untracked 
|  65|0x000000072e600000, 0x000000072e800000, 0x000000072e800000|100%| O|  |TAMS 0x000000072e800000, 0x000000072e600000| Untracked 
|  66|0x000000072e800000, 0x000000072ea00000, 0x000000072ea00000|100%| O|  |TAMS 0x000000072ea00000, 0x000000072e800000| Untracked 
|  67|0x000000072ea00000, 0x000000072ec00000, 0x000000072ec00000|100%| O|  |TAMS 0x000000072ec00000, 0x000000072ea00000| Untracked 
|  68|0x000000072ec00000, 0x000000072ee00000, 0x000000072ee00000|100%| O|  |TAMS 0x000000072ee00000, 0x000000072ec00000| Untracked 
|  69|0x000000072ee00000, 0x000000072f000000, 0x000000072f000000|100%| O|  |TAMS 0x000000072f000000, 0x000000072ee00000| Untracked 
|  70|0x000000072f000000, 0x000000072f200000, 0x000000072f200000|100%| O|  |TAMS 0x000000072f200000, 0x000000072f000000| Untracked 
|  71|0x000000072f200000, 0x000000072f400000, 0x000000072f400000|100%| O|  |TAMS 0x000000072f400000, 0x000000072f200000| Untracked 
|  72|0x000000072f400000, 0x000000072f400000, 0x000000072f600000|  0%| F|  |TAMS 0x000000072f400000, 0x000000072f400000| Untracked 
|  73|0x000000072f600000, 0x000000072f600000, 0x000000072f800000|  0%| F|  |TAMS 0x000000072f600000, 0x000000072f600000| Untracked 
|  74|0x000000072f800000, 0x000000072f800000, 0x000000072fa00000|  0%| F|  |TAMS 0x000000072f800000, 0x000000072f800000| Untracked 
|  75|0x000000072fa00000, 0x000000072fc00000, 0x000000072fc00000|100%| O|  |TAMS 0x000000072fc00000, 0x000000072fa00000| Untracked 
|  76|0x000000072fc00000, 0x000000072fc00000, 0x000000072fe00000|  0%| F|  |TAMS 0x000000072fc00000, 0x000000072fc00000| Untracked 
|  77|0x000000072fe00000, 0x000000072fe00000, 0x0000000730000000|  0%| F|  |TAMS 0x000000072fe00000, 0x000000072fe00000| Untracked 
|  78|0x0000000730000000, 0x0000000730000000, 0x0000000730200000|  0%| F|  |TAMS 0x0000000730000000, 0x0000000730000000| Untracked 
|  79|0x0000000730200000, 0x0000000730200000, 0x0000000730400000|  0%| F|  |TAMS 0x0000000730200000, 0x0000000730200000| Untracked 
|  80|0x0000000730400000, 0x0000000730600000, 0x0000000730600000|100%| O|  |TAMS 0x0000000730600000, 0x0000000730400000| Untracked 
|  81|0x0000000730600000, 0x0000000730800000, 0x0000000730800000|100%| O|  |TAMS 0x0000000730800000, 0x0000000730600000| Untracked 
|  82|0x0000000730800000, 0x0000000730a00000, 0x0000000730a00000|100%| O|  |TAMS 0x0000000730a00000, 0x0000000730800000| Untracked 
|  83|0x0000000730a00000, 0x0000000730c00000, 0x0000000730c00000|100%| O|  |TAMS 0x0000000730c00000, 0x0000000730a00000| Untracked 
|  84|0x0000000730c00000, 0x0000000730e00000, 0x0000000730e00000|100%| O|  |TAMS 0x0000000730e00000, 0x0000000730c00000| Untracked 
|  85|0x0000000730e00000, 0x0000000731000000, 0x0000000731000000|100%| O|  |TAMS 0x0000000731000000, 0x0000000730e00000| Untracked 
|  86|0x0000000731000000, 0x0000000731200000, 0x0000000731200000|100%| O|  |TAMS 0x0000000731200000, 0x0000000731000000| Untracked 
|  87|0x0000000731200000, 0x0000000731400000, 0x0000000731400000|100%| O|  |TAMS 0x0000000731400000, 0x0000000731200000| Untracked 
|  88|0x0000000731400000, 0x0000000731600000, 0x0000000731600000|100%| O|  |TAMS 0x0000000731600000, 0x0000000731400000| Untracked 
|  89|0x0000000731600000, 0x0000000731800000, 0x0000000731800000|100%| O|  |TAMS 0x0000000731800000, 0x0000000731600000| Untracked 
|  90|0x0000000731800000, 0x0000000731a00000, 0x0000000731a00000|100%| O|  |TAMS 0x0000000731a00000, 0x0000000731800000| Untracked 
|  91|0x0000000731a00000, 0x0000000731c00000, 0x0000000731c00000|100%| O|  |TAMS 0x0000000731c00000, 0x0000000731a00000| Untracked 
|  92|0x0000000731c00000, 0x0000000731e00000, 0x0000000731e00000|100%| O|  |TAMS 0x0000000731e00000, 0x0000000731c00000| Untracked 
|  93|0x0000000731e00000, 0x0000000731e00000, 0x0000000732000000|  0%| F|  |TAMS 0x0000000731e00000, 0x0000000731e00000| Untracked 
|  94|0x0000000732000000, 0x0000000732000000, 0x0000000732200000|  0%| F|  |TAMS 0x0000000732000000, 0x0000000732000000| Untracked 
|  95|0x0000000732200000, 0x0000000732200000, 0x0000000732400000|  0%| F|  |TAMS 0x0000000732200000, 0x0000000732200000| Untracked 
|  96|0x0000000732400000, 0x0000000732600000, 0x0000000732600000|100%| O|  |TAMS 0x0000000732600000, 0x0000000732400000| Untracked 
|  97|0x0000000732600000, 0x0000000732600000, 0x0000000732800000|  0%| F|  |TAMS 0x0000000732600000, 0x0000000732600000| Untracked 
|  98|0x0000000732800000, 0x0000000732a00000, 0x0000000732a00000|100%| O|  |TAMS 0x0000000732a00000, 0x0000000732800000| Untracked 
|  99|0x0000000732a00000, 0x0000000732c00000, 0x0000000732c00000|100%| O|  |TAMS 0x0000000732c00000, 0x0000000732a00000| Untracked 
| 100|0x0000000732c00000, 0x0000000732e00000, 0x0000000732e00000|100%| O|  |TAMS 0x0000000732e00000, 0x0000000732c00000| Untracked 
| 101|0x0000000732e00000, 0x0000000733000000, 0x0000000733000000|100%| O|  |TAMS 0x0000000733000000, 0x0000000732e00000| Untracked 
| 102|0x0000000733000000, 0x0000000733200000, 0x0000000733200000|100%| O|  |TAMS 0x0000000733200000, 0x0000000733000000| Untracked 
| 103|0x0000000733200000, 0x0000000733400000, 0x0000000733400000|100%| O|  |TAMS 0x0000000733400000, 0x0000000733200000| Untracked 
| 104|0x0000000733400000, 0x0000000733600000, 0x0000000733600000|100%| O|  |TAMS 0x0000000733600000, 0x0000000733400000| Untracked 
| 105|0x0000000733600000, 0x0000000733800000, 0x0000000733800000|100%| O|  |TAMS 0x0000000733800000, 0x0000000733600000| Untracked 
| 106|0x0000000733800000, 0x0000000733a00000, 0x0000000733a00000|100%| O|  |TAMS 0x0000000733a00000, 0x0000000733800000| Untracked 
| 107|0x0000000733a00000, 0x0000000733c00000, 0x0000000733c00000|100%| O|  |TAMS 0x0000000733c00000, 0x0000000733a00000| Untracked 
| 108|0x0000000733c00000, 0x0000000733e00000, 0x0000000733e00000|100%| O|  |TAMS 0x0000000733e00000, 0x0000000733c00000| Untracked 
| 109|0x0000000733e00000, 0x0000000734000000, 0x0000000734000000|100%| O|  |TAMS 0x0000000734000000, 0x0000000733e00000| Untracked 
| 110|0x0000000734000000, 0x0000000734200000, 0x0000000734200000|100%| O|  |TAMS 0x0000000734200000, 0x0000000734000000| Untracked 
| 111|0x0000000734200000, 0x0000000734200000, 0x0000000734400000|  0%| F|  |TAMS 0x0000000734200000, 0x0000000734200000| Untracked 
| 112|0x0000000734400000, 0x0000000734600000, 0x0000000734600000|100%| O|  |TAMS 0x0000000734600000, 0x0000000734400000| Untracked 
| 113|0x0000000734600000, 0x0000000734600000, 0x0000000734800000|  0%| F|  |TAMS 0x0000000734600000, 0x0000000734600000| Untracked 
| 114|0x0000000734800000, 0x0000000734800000, 0x0000000734a00000|  0%| F|  |TAMS 0x0000000734800000, 0x0000000734800000| Untracked 
| 115|0x0000000734a00000, 0x0000000734a00000, 0x0000000734c00000|  0%| F|  |TAMS 0x0000000734a00000, 0x0000000734a00000| Untracked 
| 116|0x0000000734c00000, 0x0000000734c00000, 0x0000000734e00000|  0%| F|  |TAMS 0x0000000734c00000, 0x0000000734c00000| Untracked 
| 117|0x0000000734e00000, 0x0000000734e00000, 0x0000000735000000|  0%| F|  |TAMS 0x0000000734e00000, 0x0000000734e00000| Untracked 
| 118|0x0000000735000000, 0x0000000735000000, 0x0000000735200000|  0%| F|  |TAMS 0x0000000735000000, 0x0000000735000000| Untracked 
| 119|0x0000000735200000, 0x0000000735200000, 0x0000000735400000|  0%| F|  |TAMS 0x0000000735200000, 0x0000000735200000| Untracked 
| 120|0x0000000735400000, 0x0000000735400000, 0x0000000735600000|  0%| F|  |TAMS 0x0000000735400000, 0x0000000735400000| Untracked 
| 121|0x0000000735600000, 0x0000000735600000, 0x0000000735800000|  0%| F|  |TAMS 0x0000000735600000, 0x0000000735600000| Untracked 
| 122|0x0000000735800000, 0x0000000735800000, 0x0000000735a00000|  0%| F|  |TAMS 0x0000000735800000, 0x0000000735800000| Untracked 
| 123|0x0000000735a00000, 0x0000000735a00000, 0x0000000735c00000|  0%| F|  |TAMS 0x0000000735a00000, 0x0000000735a00000| Untracked 
| 124|0x0000000735c00000, 0x0000000735c00000, 0x0000000735e00000|  0%| F|  |TAMS 0x0000000735c00000, 0x0000000735c00000| Untracked 
| 125|0x0000000735e00000, 0x0000000735e00000, 0x0000000736000000|  0%| F|  |TAMS 0x0000000735e00000, 0x0000000735e00000| Untracked 
| 126|0x0000000736000000, 0x00000007360672e0, 0x0000000736200000| 20%| S|CS|TAMS 0x0000000736000000, 0x0000000736000000| Complete 
| 127|0x0000000736200000, 0x0000000736200000, 0x0000000736400000|  0%| F|  |TAMS 0x0000000736200000, 0x0000000736200000| Untracked 
| 128|0x0000000736400000, 0x0000000736600000, 0x0000000736600000|100%| S|CS|TAMS 0x0000000736400000, 0x0000000736400000| Complete 
| 129|0x0000000736600000, 0x0000000736600000, 0x0000000736800000|  0%| F|  |TAMS 0x0000000736600000, 0x0000000736600000| Untracked 
| 130|0x0000000736800000, 0x0000000736800000, 0x0000000736a00000|  0%| F|  |TAMS 0x0000000736800000, 0x0000000736800000| Untracked 
| 131|0x0000000736a00000, 0x0000000736a00000, 0x0000000736c00000|  0%| F|  |TAMS 0x0000000736a00000, 0x0000000736a00000| Untracked 
| 132|0x0000000736c00000, 0x0000000736c00000, 0x0000000736e00000|  0%| F|  |TAMS 0x0000000736c00000, 0x0000000736c00000| Untracked 
| 133|0x0000000736e00000, 0x0000000736e00000, 0x0000000737000000|  0%| F|  |TAMS 0x0000000736e00000, 0x0000000736e00000| Untracked 
| 134|0x0000000737000000, 0x0000000737000000, 0x0000000737200000|  0%| F|  |TAMS 0x0000000737000000, 0x0000000737000000| Untracked 
| 135|0x0000000737200000, 0x0000000737200000, 0x0000000737400000|  0%| F|  |TAMS 0x0000000737200000, 0x0000000737200000| Untracked 
| 136|0x0000000737400000, 0x0000000737400000, 0x0000000737600000|  0%| F|  |TAMS 0x0000000737400000, 0x0000000737400000| Untracked 
| 137|0x0000000737600000, 0x0000000737600000, 0x0000000737800000|  0%| F|  |TAMS 0x0000000737600000, 0x0000000737600000| Untracked 
| 138|0x0000000737800000, 0x0000000737800000, 0x0000000737a00000|  0%| F|  |TAMS 0x0000000737800000, 0x0000000737800000| Untracked 
| 139|0x0000000737a00000, 0x0000000737a00000, 0x0000000737c00000|  0%| F|  |TAMS 0x0000000737a00000, 0x0000000737a00000| Untracked 
| 140|0x0000000737c00000, 0x0000000737c00000, 0x0000000737e00000|  0%| F|  |TAMS 0x0000000737c00000, 0x0000000737c00000| Untracked 
| 141|0x0000000737e00000, 0x0000000737e00000, 0x0000000738000000|  0%| F|  |TAMS 0x0000000737e00000, 0x0000000737e00000| Untracked 
| 142|0x0000000738000000, 0x0000000738000000, 0x0000000738200000|  0%| F|  |TAMS 0x0000000738000000, 0x0000000738000000| Untracked 
| 143|0x0000000738200000, 0x0000000738200000, 0x0000000738400000|  0%| F|  |TAMS 0x0000000738200000, 0x0000000738200000| Untracked 
| 144|0x0000000738400000, 0x0000000738400000, 0x0000000738600000|  0%| F|  |TAMS 0x0000000738400000, 0x0000000738400000| Untracked 
| 145|0x0000000738600000, 0x0000000738600000, 0x0000000738800000|  0%| F|  |TAMS 0x0000000738600000, 0x0000000738600000| Untracked 
| 146|0x0000000738800000, 0x0000000738800000, 0x0000000738a00000|  0%| F|  |TAMS 0x0000000738800000, 0x0000000738800000| Untracked 
| 147|0x0000000738a00000, 0x0000000738a00000, 0x0000000738c00000|  0%| F|  |TAMS 0x0000000738a00000, 0x0000000738a00000| Untracked 
| 148|0x0000000738c00000, 0x0000000738c00000, 0x0000000738e00000|  0%| F|  |TAMS 0x0000000738c00000, 0x0000000738c00000| Untracked 
| 149|0x0000000738e00000, 0x0000000738e00000, 0x0000000739000000|  0%| F|  |TAMS 0x0000000738e00000, 0x0000000738e00000| Untracked 
| 150|0x0000000739000000, 0x0000000739000000, 0x0000000739200000|  0%| F|  |TAMS 0x0000000739000000, 0x0000000739000000| Untracked 
| 151|0x0000000739200000, 0x0000000739200000, 0x0000000739400000|  0%| F|  |TAMS 0x0000000739200000, 0x0000000739200000| Untracked 
| 152|0x0000000739400000, 0x0000000739400000, 0x0000000739600000|  0%| F|  |TAMS 0x0000000739400000, 0x0000000739400000| Untracked 
| 153|0x0000000739600000, 0x0000000739600000, 0x0000000739800000|  0%| F|  |TAMS 0x0000000739600000, 0x0000000739600000| Untracked 
| 154|0x0000000739800000, 0x0000000739800000, 0x0000000739a00000|  0%| F|  |TAMS 0x0000000739800000, 0x0000000739800000| Untracked 
| 155|0x0000000739a00000, 0x0000000739a00000, 0x0000000739c00000|  0%| F|  |TAMS 0x0000000739a00000, 0x0000000739a00000| Untracked 
| 156|0x0000000739c00000, 0x0000000739c00000, 0x0000000739e00000|  0%| F|  |TAMS 0x0000000739c00000, 0x0000000739c00000| Untracked 
| 157|0x0000000739e00000, 0x0000000739e00000, 0x000000073a000000|  0%| F|  |TAMS 0x0000000739e00000, 0x0000000739e00000| Untracked 
| 158|0x000000073a000000, 0x000000073a000000, 0x000000073a200000|  0%| F|  |TAMS 0x000000073a000000, 0x000000073a000000| Untracked 
| 159|0x000000073a200000, 0x000000073a200000, 0x000000073a400000|  0%| F|  |TAMS 0x000000073a200000, 0x000000073a200000| Untracked 
| 160|0x000000073a400000, 0x000000073a400000, 0x000000073a600000|  0%| F|  |TAMS 0x000000073a400000, 0x000000073a400000| Untracked 
| 161|0x000000073a600000, 0x000000073a600000, 0x000000073a800000|  0%| F|  |TAMS 0x000000073a600000, 0x000000073a600000| Untracked 
| 162|0x000000073a800000, 0x000000073a800000, 0x000000073aa00000|  0%| F|  |TAMS 0x000000073a800000, 0x000000073a800000| Untracked 
| 163|0x000000073aa00000, 0x000000073aa00000, 0x000000073ac00000|  0%| F|  |TAMS 0x000000073aa00000, 0x000000073aa00000| Untracked 
| 164|0x000000073ac00000, 0x000000073ac00000, 0x000000073ae00000|  0%| F|  |TAMS 0x000000073ac00000, 0x000000073ac00000| Untracked 
| 165|0x000000073ae00000, 0x000000073ae00000, 0x000000073b000000|  0%| F|  |TAMS 0x000000073ae00000, 0x000000073ae00000| Untracked 
| 166|0x000000073b000000, 0x000000073b000000, 0x000000073b200000|  0%| F|  |TAMS 0x000000073b000000, 0x000000073b000000| Untracked 
| 167|0x000000073b200000, 0x000000073b352708, 0x000000073b400000| 66%| E|  |TAMS 0x000000073b200000, 0x000000073b200000| Complete 
| 168|0x000000073b400000, 0x000000073b600000, 0x000000073b600000|100%| E|CS|TAMS 0x000000073b400000, 0x000000073b400000| Complete 
| 169|0x000000073b600000, 0x000000073b800000, 0x000000073b800000|100%| E|CS|TAMS 0x000000073b600000, 0x000000073b600000| Complete 
| 170|0x000000073b800000, 0x000000073ba00000, 0x000000073ba00000|100%| E|CS|TAMS 0x000000073b800000, 0x000000073b800000| Complete 
| 171|0x000000073ba00000, 0x000000073bc00000, 0x000000073bc00000|100%| E|CS|TAMS 0x000000073ba00000, 0x000000073ba00000| Complete 
| 172|0x000000073bc00000, 0x000000073be00000, 0x000000073be00000|100%| E|CS|TAMS 0x000000073bc00000, 0x000000073bc00000| Complete 
| 173|0x000000073be00000, 0x000000073c000000, 0x000000073c000000|100%| E|CS|TAMS 0x000000073be00000, 0x000000073be00000| Complete 
| 174|0x000000073c000000, 0x000000073c200000, 0x000000073c200000|100%| E|CS|TAMS 0x000000073c000000, 0x000000073c000000| Complete 
| 175|0x000000073c200000, 0x000000073c400000, 0x000000073c400000|100%| E|CS|TAMS 0x000000073c200000, 0x000000073c200000| Complete 
| 176|0x000000073c400000, 0x000000073c600000, 0x000000073c600000|100%| E|CS|TAMS 0x000000073c400000, 0x000000073c400000| Complete 
| 177|0x000000073c600000, 0x000000073c800000, 0x000000073c800000|100%| E|CS|TAMS 0x000000073c600000, 0x000000073c600000| Complete 
| 178|0x000000073c800000, 0x000000073ca00000, 0x000000073ca00000|100%| E|CS|TAMS 0x000000073c800000, 0x000000073c800000| Complete 
| 179|0x000000073ca00000, 0x000000073cc00000, 0x000000073cc00000|100%| E|CS|TAMS 0x000000073ca00000, 0x000000073ca00000| Complete 
| 180|0x000000073cc00000, 0x000000073ce00000, 0x000000073ce00000|100%| E|CS|TAMS 0x000000073cc00000, 0x000000073cc00000| Complete 
| 181|0x000000073ce00000, 0x000000073d000000, 0x000000073d000000|100%| E|CS|TAMS 0x000000073ce00000, 0x000000073ce00000| Complete 
| 182|0x000000073d000000, 0x000000073d200000, 0x000000073d200000|100%| E|CS|TAMS 0x000000073d000000, 0x000000073d000000| Complete 
| 183|0x000000073d200000, 0x000000073d400000, 0x000000073d400000|100%| E|CS|TAMS 0x000000073d200000, 0x000000073d200000| Complete 
| 184|0x000000073d400000, 0x000000073d600000, 0x000000073d600000|100%| E|CS|TAMS 0x000000073d400000, 0x000000073d400000| Complete 
| 185|0x000000073d600000, 0x000000073d800000, 0x000000073d800000|100%| E|CS|TAMS 0x000000073d600000, 0x000000073d600000| Complete 
| 186|0x000000073d800000, 0x000000073da00000, 0x000000073da00000|100%| E|CS|TAMS 0x000000073d800000, 0x000000073d800000| Complete 
| 187|0x000000073da00000, 0x000000073dc00000, 0x000000073dc00000|100%| E|CS|TAMS 0x000000073da00000, 0x000000073da00000| Complete 
| 188|0x000000073dc00000, 0x000000073de00000, 0x000000073de00000|100%| E|CS|TAMS 0x000000073dc00000, 0x000000073dc00000| Complete 
| 189|0x000000073de00000, 0x000000073e000000, 0x000000073e000000|100%| E|CS|TAMS 0x000000073de00000, 0x000000073de00000| Complete 
| 190|0x000000073e000000, 0x000000073e200000, 0x000000073e200000|100%| E|CS|TAMS 0x000000073e000000, 0x000000073e000000| Complete 
| 191|0x000000073e200000, 0x000000073e400000, 0x000000073e400000|100%| E|CS|TAMS 0x000000073e200000, 0x000000073e200000| Complete 
| 192|0x000000073e400000, 0x000000073e600000, 0x000000073e600000|100%| E|CS|TAMS 0x000000073e400000, 0x000000073e400000| Complete 
| 193|0x000000073e600000, 0x000000073e800000, 0x000000073e800000|100%| E|CS|TAMS 0x000000073e600000, 0x000000073e600000| Complete 

Card table byte_map: [0x0000028ebff80000,0x0000028ec0650000] _byte_map_base: 0x0000028ebc64e000

Marking Bits (Prev, Next): (CMBitMap*) 0x0000028ea8df8800, (CMBitMap*) 0x0000028ea8df8840
 Prev Bits: [0x0000028ec0d20000, 0x0000028ec4390000)
 Next Bits: [0x0000028ec4390000, 0x0000028ec7a00000)

Polling page: 0x0000028ea6f20000

Metaspace:

Usage:
  Non-class:     73.20 MB used.
      Class:     11.08 MB used.
       Both:     84.29 MB used.

Virtual space:
  Non-class space:      128.00 MB reserved,      73.56 MB ( 57%) committed,  2 nodes.
      Class space:        1.00 GB reserved,      11.44 MB (  1%) committed,  1 nodes.
             Both:        1.12 GB reserved,      85.00 MB (  7%) committed. 

Chunk freelists:
   Non-Class:  6.36 MB
       Class:  4.53 MB
        Both:  10.89 MB

MaxMetaspaceSize: unlimited
CompressedClassSpaceSize: 1.00 GB
Initial GC threshold: 21.00 MB
Current GC threshold: 140.88 MB
CDS: on
MetaspaceReclaimPolicy: balanced
 - commit_granule_bytes: 65536.
 - commit_granule_words: 8192.
 - virtual_space_node_default_size: 8388608.
 - enlarge_chunks_in_place: 1.
 - new_chunks_are_fully_committed: 0.
 - uncommit_free_chunks: 1.
 - use_allocation_guard: 0.
 - handle_deallocations: 1.


Internal statistics:

num_allocs_failed_limit: 9.
num_arena_births: 1016.
num_arena_deaths: 2.
num_vsnodes_births: 3.
num_vsnodes_deaths: 0.
num_space_committed: 1358.
num_space_uncommitted: 0.
num_chunks_returned_to_freelist: 11.
num_chunks_taken_from_freelist: 4026.
num_chunk_merges: 6.
num_chunk_splits: 2744.
num_chunks_enlarged: 2134.
num_inconsistent_stats: 0.

CodeHeap 'non-profiled nmethods': size=120000Kb used=13326Kb max_used=13326Kb free=106673Kb
 bounds [0x0000028eb8380000, 0x0000028eb90a0000, 0x0000028ebf8b0000]
CodeHeap 'profiled nmethods': size=120000Kb used=22568Kb max_used=24813Kb free=97431Kb
 bounds [0x0000028eb08b0000, 0x0000028eb2140000, 0x0000028eb7de0000]
CodeHeap 'non-nmethods': size=5760Kb used=2274Kb max_used=2394Kb free=3485Kb
 bounds [0x0000028eb7de0000, 0x0000028eb8050000, 0x0000028eb8380000]
 total_blobs=13935 nmethods=12159 adapters=1687
 compilation: enabled
              stopped_count=0, restarted_count=0
 full_count=0

Compilation events (20 events):
Event: 73.958 Thread 0x0000028f0f14b530 nmethod 17144 0x0000028eb1e22a90 code [0x0000028eb1e22c60, 0x0000028eb1e230d8]
Event: 73.961 Thread 0x0000028f0f14b530 17145       1       net.minecraft.client.audio.ISound::shouldPlaySound (2 bytes)
Event: 73.962 Thread 0x0000028f0f14b530 nmethod 17145 0x0000028eb8c98590 code [0x0000028eb8c98720, 0x0000028eb8c987f8]
Event: 74.038 Thread 0x0000028f0f14b530 17148   !   3       net.minecraft.profiler.Snooper::addStatToSnooper (32 bytes)
Event: 74.038 Thread 0x0000028f0f14b530 nmethod 17148 0x0000028eb1295510 code [0x0000028eb12956c0, 0x0000028eb12959e8]
Event: 74.084 Thread 0x0000028ec9ef8f40 nmethod 17140 0x0000028eb9094110 code [0x0000028eb9094740, 0x0000028eb909ba38]
Event: 74.085 Thread 0x0000028ec9ef8f40 17147       4       net.minecraft.client.renderer.tileentity.BannerTileEntityRenderer::func_241717_a_ (145 bytes)
Event: 74.125 Thread 0x0000028ec9ef8f40 nmethod 17147 0x0000028eb8be7a90 code [0x0000028eb8be7d60, 0x0000028eb8be96b0]
Event: 74.125 Thread 0x0000028ec9ef8f40 17142       4       net.minecraft.client.renderer.WorldRenderer::renderSky (1480 bytes)
Event: 74.230 Thread 0x0000028f0f14b530 17152       1       javax.management.ObjectName$Property::setKeyIndex (6 bytes)
Event: 74.231 Thread 0x0000028f0f14b530 nmethod 17152 0x0000028eb8c98290 code [0x0000028eb8c98420, 0x0000028eb8c984f8]
Event: 74.231 Thread 0x0000028f0f14b530 17153       3       org.apache.logging.log4j.core.config.AbstractConfiguration::getLoggerConfig (56 bytes)
Event: 74.232 Thread 0x0000028f0f14b530 nmethod 17153 0x0000028eb1c69190 code [0x0000028eb1c693e0, 0x0000028eb1c69f28]
Event: 74.232 Thread 0x0000028f0f14b530 17154       3       org.apache.logging.log4j.core.Logger$PrivateConfig::<init> (56 bytes)
Event: 74.233 Thread 0x0000028f0f14b530 nmethod 17154 0x0000028eb1200810 code [0x0000028eb1200a00, 0x0000028eb12012b8]
Event: 74.233 Thread 0x0000028f0f14b530 17155       3       org.apache.logging.log4j.core.config.LoggerConfig::getLevel (22 bytes)
Event: 74.233 Thread 0x0000028f0f14b530 nmethod 17155 0x0000028eb155f490 code [0x0000028eb155f640, 0x0000028eb155f9e8]
Event: 74.234 Thread 0x0000028f119051e0 17149       4       net.minecraft.client.renderer.entity.model.BipedModel::setRotationAngles (1433 bytes)
Event: 74.235 Thread 0x0000028f0f14b530 17156       3       java.util.concurrent.ConcurrentHashMap$KeyIterator::next (34 bytes)
Event: 74.235 Thread 0x0000028f0f14b530 nmethod 17156 0x0000028eb1172b90 code [0x0000028eb1172d60, 0x0000028eb1173038]

GC Heap History (20 events):
Event: 49.412 GC heap before
{Heap before GC invocations=40 (full 0):
 garbage-first heap   total 397312K, used 233472K [0x0000000726400000, 0x0000000800000000)
  region size 2048K, 9 young (18432K), 7 survivors (14336K)
 Metaspace       used 85068K, committed 85760K, reserved 1179648K
  class space    used 11327K, committed 11648K, reserved 1048576K
}
Event: 49.420 GC heap after
{Heap after GC invocations=41 (full 0):
 garbage-first heap   total 397312K, used 219874K [0x0000000726400000, 0x0000000800000000)
  region size 2048K, 1 young (2048K), 1 survivors (2048K)
 Metaspace       used 85068K, committed 85760K, reserved 1179648K
  class space    used 11327K, committed 11648K, reserved 1048576K
}
Event: 52.422 GC heap before
{Heap before GC invocations=41 (full 0):
 garbage-first heap   total 397312K, used 309986K [0x0000000726400000, 0x0000000800000000)
  region size 2048K, 45 young (92160K), 1 survivors (2048K)
 Metaspace       used 85406K, committed 86144K, reserved 1179648K
  class space    used 11327K, committed 11648K, reserved 1048576K
}
Event: 52.425 GC heap after
{Heap after GC invocations=42 (full 0):
 garbage-first heap   total 397312K, used 218243K [0x0000000726400000, 0x0000000800000000)
  region size 2048K, 1 young (2048K), 1 survivors (2048K)
 Metaspace       used 85406K, committed 86144K, reserved 1179648K
  class space    used 11327K, committed 11648K, reserved 1048576K
}
Event: 55.405 GC heap before
{Heap before GC invocations=43 (full 0):
 garbage-first heap   total 397312K, used 310403K [0x0000000726400000, 0x0000000800000000)
  region size 2048K, 49 young (100352K), 1 survivors (2048K)
 Metaspace       used 85576K, committed 86336K, reserved 1179648K
  class space    used 11330K, committed 11712K, reserved 1048576K
}
Event: 55.407 GC heap after
{Heap after GC invocations=44 (full 0):
 garbage-first heap   total 397312K, used 212045K [0x0000000726400000, 0x0000000800000000)
  region size 2048K, 1 young (2048K), 1 survivors (2048K)
 Metaspace       used 85576K, committed 86336K, reserved 1179648K
  class space    used 11330K, committed 11712K, reserved 1048576K
}
Event: 55.847 GC heap before
{Heap before GC invocations=44 (full 0):
 garbage-first heap   total 397312K, used 228429K [0x0000000726400000, 0x0000000800000000)
  region size 2048K, 9 young (18432K), 1 survivors (2048K)
 Metaspace       used 85591K, committed 86336K, reserved 1179648K
  class space    used 11330K, committed 11712K, reserved 1048576K
}
Event: 55.853 GC heap after
{Heap after GC invocations=45 (full 0):
 garbage-first heap   total 397312K, used 206015K [0x0000000726400000, 0x0000000800000000)
  region size 2048K, 1 young (2048K), 1 survivors (2048K)
 Metaspace       used 85591K, committed 86336K, reserved 1179648K
  class space    used 11330K, committed 11712K, reserved 1048576K
}
Event: 59.367 GC heap before
{Heap before GC invocations=45 (full 0):
 garbage-first heap   total 397312K, used 320703K [0x0000000726400000, 0x0000000800000000)
  region size 2048K, 57 young (116736K), 1 survivors (2048K)
 Metaspace       used 85741K, committed 86528K, reserved 1179648K
  class space    used 11330K, committed 11712K, reserved 1048576K
}
Event: 59.370 GC heap after
{Heap after GC invocations=46 (full 0):
 garbage-first heap   total 397312K, used 206069K [0x0000000726400000, 0x0000000800000000)
  region size 2048K, 1 young (2048K), 1 survivors (2048K)
 Metaspace       used 85741K, committed 86528K, reserved 1179648K
  class space    used 11330K, committed 11712K, reserved 1048576K
}
Event: 62.826 GC heap before
{Heap before GC invocations=47 (full 0):
 garbage-first heap   total 397312K, used 326901K [0x0000000726400000, 0x0000000800000000)
  region size 2048K, 60 young (122880K), 1 survivors (2048K)
 Metaspace       used 85790K, committed 86528K, reserved 1179648K
  class space    used 11330K, committed 11712K, reserved 1048576K
}
Event: 62.828 GC heap after
{Heap after GC invocations=48 (full 0):
 garbage-first heap   total 397312K, used 206188K [0x0000000726400000, 0x0000000800000000)
  region size 2048K, 1 young (2048K), 1 survivors (2048K)
 Metaspace       used 85790K, committed 86528K, reserved 1179648K
  class space    used 11330K, committed 11712K, reserved 1048576K
}
Event: 63.170 GC heap before
{Heap before GC invocations=48 (full 0):
 garbage-first heap   total 397312K, used 222572K [0x0000000726400000, 0x0000000800000000)
  region size 2048K, 9 young (18432K), 1 survivors (2048K)
 Metaspace       used 85829K, committed 86592K, reserved 1179648K
  class space    used 11333K, committed 11712K, reserved 1048576K
}
Event: 63.174 GC heap after
{Heap after GC invocations=49 (full 0):
 garbage-first heap   total 397312K, used 204080K [0x0000000726400000, 0x0000000800000000)
  region size 2048K, 1 young (2048K), 1 survivors (2048K)
 Metaspace       used 85829K, committed 86592K, reserved 1179648K
  class space    used 11333K, committed 11712K, reserved 1048576K
}
Event: 66.570 GC heap before
{Heap before GC invocations=49 (full 0):
 garbage-first heap   total 397312K, used 333104K [0x0000000726400000, 0x0000000800000000)
  region size 2048K, 64 young (131072K), 1 survivors (2048K)
 Metaspace       used 86153K, committed 86912K, reserved 1179648K
  class space    used 11346K, committed 11712K, reserved 1048576K
}
Event: 66.573 GC heap after
{Heap after GC invocations=50 (full 0):
 garbage-first heap   total 397312K, used 205972K [0x0000000726400000, 0x0000000800000000)
  region size 2048K, 2 young (4096K), 2 survivors (4096K)
 Metaspace       used 86153K, committed 86912K, reserved 1179648K
  class space    used 11346K, committed 11712K, reserved 1048576K
}
Event: 70.296 GC heap before
{Heap before GC invocations=50 (full 0):
 garbage-first heap   total 397312K, used 334996K [0x0000000726400000, 0x0000000800000000)
  region size 2048K, 65 young (133120K), 2 survivors (4096K)
 Metaspace       used 86183K, committed 86912K, reserved 1179648K
  class space    used 11346K, committed 11712K, reserved 1048576K
}
Event: 70.299 GC heap after
{Heap after GC invocations=51 (full 0):
 garbage-first heap   total 397312K, used 205824K [0x0000000726400000, 0x0000000800000000)
  region size 2048K, 2 young (4096K), 2 survivors (4096K)
 Metaspace       used 86183K, committed 86912K, reserved 1179648K
  class space    used 11346K, committed 11712K, reserved 1048576K
}
Event: 73.324 GC heap before
{Heap before GC invocations=51 (full 0):
 garbage-first heap   total 397312K, used 336896K [0x0000000726400000, 0x0000000800000000)
  region size 2048K, 66 young (135168K), 2 survivors (4096K)
 Metaspace       used 86290K, committed 87040K, reserved 1179648K
  class space    used 11346K, committed 11712K, reserved 1048576K
}
Event: 73.327 GC heap after
{Heap after GC invocations=52 (full 0):
 garbage-first heap   total 397312K, used 205886K [0x0000000726400000, 0x0000000800000000)
  region size 2048K, 2 young (4096K), 2 survivors (4096K)
 Metaspace       used 86290K, committed 87040K, reserved 1179648K
  class space    used 11346K, committed 11712K, reserved 1048576K
}

Dll operation events (18 events):
Event: 0.016 Loaded shared library C:\Users\USER\.jdks\corretto-17.0.10\bin\java.dll
Event: 0.017 Loaded shared library C:\Users\USER\.jdks\corretto-17.0.10\bin\zip.dll
Event: 0.048 Loaded shared library C:\Users\USER\.jdks\corretto-17.0.10\bin\jsvml.dll
Event: 0.321 Loaded shared library C:\Users\USER\.jdks\corretto-17.0.10\bin\instrument.dll
Event: 0.353 Loaded shared library C:\Users\USER\.jdks\corretto-17.0.10\bin\net.dll
Event: 0.358 Loaded shared library C:\Users\USER\.jdks\corretto-17.0.10\bin\nio.dll
Event: 0.376 Loaded shared library C:\Users\USER\.jdks\corretto-17.0.10\bin\zip.dll
Event: 0.549 Loaded shared library C:\Users\USER\.jdks\corretto-17.0.10\bin\jimage.dll
Event: 0.757 Loaded shared library C:\Users\USER\.jdks\corretto-17.0.10\bin\management.dll
Event: 0.769 Loaded shared library C:\Users\USER\.jdks\corretto-17.0.10\bin\management_ext.dll
Event: 9.137 Loaded shared library C:\Users\USER\.jdks\corretto-17.0.10\bin\sunmscapi.dll
Event: 9.209 Loaded shared library C:\Users\USER\.jdks\corretto-17.0.10\bin\extnet.dll
Event: 9.739 Loaded shared library C:\Users\USER\AppData\Local\Temp\lwjglUSER\3.2.2-build-10\lwjgl.dll
Event: 10.135 Loaded shared library C:\Users\USER\AppData\Local\Temp\lwjglUSER\3.2.2-build-10\lwjgl_opengl.dll
Event: 10.461 Loaded shared library C:\Users\USER\.jdks\corretto-17.0.10\bin\verify.dll
Event: 10.487 Loaded shared library C:\Users\USER\AppData\Local\Temp\jna-2614219\jna16837746337071204090.dll
Event: 14.274 Loaded shared library C:\Users\USER\.jdks\corretto-17.0.10\bin\awt.dll
Event: 14.544 Loaded shared library C:\Users\USER\AppData\Local\Temp\lwjglUSER\3.2.2-build-10\lwjgl_stb.dll

Deoptimization events (20 events):
Event: 74.021 Thread 0x0000028f0f776b60 DEOPT PACKING pc=0x0000028eb19741ff sp=0x000000db907fe410
Event: 74.021 Thread 0x0000028f0f776b60 DEOPT UNPACKING pc=0x0000028eb7e3ace3 sp=0x000000db907fd978 mode 1
Event: 74.021 Thread 0x0000028f0f776b60 DEOPT PACKING pc=0x0000028eb19ae47c sp=0x000000db907fe670
Event: 74.021 Thread 0x0000028f0f776b60 DEOPT UNPACKING pc=0x0000028eb7e3ace3 sp=0x000000db907fdae0 mode 1
Event: 74.229 Thread 0x0000028f12e86410 Uncommon trap: trap_request=0xffffffde fr.pc=0x0000028eb8d583c4 relative=0x00000000000001a4
Event: 74.229 Thread 0x0000028f12e86410 Uncommon trap: reason=class_check action=maybe_recompile pc=0x0000028eb8d583c4 method=java.util.concurrent.locks.AbstractQueuedSynchronizer.acquireShared(I)V @ 2 c2
Event: 74.229 Thread 0x0000028f12e86410 DEOPT PACKING pc=0x0000028eb8d583c4 sp=0x000000db8e8fec40
Event: 74.229 Thread 0x0000028f12e86410 DEOPT UNPACKING pc=0x0000028eb7e3a1a3 sp=0x000000db8e8fec18 mode 2
Event: 74.230 Thread 0x0000028f12e86410 Uncommon trap: trap_request=0xffffffde fr.pc=0x0000028eb8d583c4 relative=0x00000000000001a4
Event: 74.230 Thread 0x0000028f12e86410 Uncommon trap: reason=class_check action=maybe_recompile pc=0x0000028eb8d583c4 method=java.util.concurrent.locks.AbstractQueuedSynchronizer.acquireShared(I)V @ 2 c2
Event: 74.230 Thread 0x0000028f12e86410 DEOPT PACKING pc=0x0000028eb8d583c4 sp=0x000000db8e8fec00
Event: 74.230 Thread 0x0000028f12e86410 DEOPT UNPACKING pc=0x0000028eb7e3a1a3 sp=0x000000db8e8febd8 mode 2
Event: 74.230 Thread 0x0000028f12e86410 Uncommon trap: trap_request=0xffffffde fr.pc=0x0000028eb8d583c4 relative=0x00000000000001a4
Event: 74.230 Thread 0x0000028f12e86410 Uncommon trap: reason=class_check action=maybe_recompile pc=0x0000028eb8d583c4 method=java.util.concurrent.locks.AbstractQueuedSynchronizer.acquireShared(I)V @ 2 c2
Event: 74.230 Thread 0x0000028f12e86410 DEOPT PACKING pc=0x0000028eb8d583c4 sp=0x000000db8e8febd0
Event: 74.230 Thread 0x0000028f12e86410 DEOPT UNPACKING pc=0x0000028eb7e3a1a3 sp=0x000000db8e8feba8 mode 2
Event: 74.230 Thread 0x0000028f12e86410 Uncommon trap: trap_request=0xffffffde fr.pc=0x0000028eb8d583c4 relative=0x00000000000001a4
Event: 74.230 Thread 0x0000028f12e86410 Uncommon trap: reason=class_check action=maybe_recompile pc=0x0000028eb8d583c4 method=java.util.concurrent.locks.AbstractQueuedSynchronizer.acquireShared(I)V @ 2 c2
Event: 74.230 Thread 0x0000028f12e86410 DEOPT PACKING pc=0x0000028eb8d583c4 sp=0x000000db8e8feb90
Event: 74.230 Thread 0x0000028f12e86410 DEOPT UNPACKING pc=0x0000028eb7e3a1a3 sp=0x000000db8e8feb68 mode 2

Classes unloaded (1 events):
Event: 35.524 Thread 0x0000028ec9ed3380 Unloading class 0x0000028ecb800800 'java/lang/invoke/LambdaForm$DMH+0x0000028ecb800800'

Classes redefined (0 events):
No events

Internal exceptions (20 events):
Event: 46.130 Thread 0x0000028ea8d98230 Exception <a 'java/lang/NoSuchMethodError'{0x000000073d547fd8}: 'void java.lang.invoke.DirectMethodHandle$Holder.invokeVirtual(java.lang.Object, java.lang.Object, long)'> (0x000000073d547fd8) 
thrown [s\src\hotspot\share\interpreter\linkResolver.cpp, line 759]
Event: 46.154 Thread 0x0000028ea8d98230 Implicit null exception at 0x0000028eb85321b4 to 0x0000028eb85324ec
Event: 46.244 Thread 0x0000028ea8d98230 Exception <a 'java/lang/NoSuchMethodError'{0x000000073d2e9700}: 'java.lang.Object java.lang.invoke.DirectMethodHandle$Holder.invokeSpecial(java.lang.Object, java.lang.Object, java.lang.Object, java.lang.Object, float)'> (0x000000073d2e9700) 
thrown [s\src\hotspot\share\interpreter\linkResolver.cpp, line 759]
Event: 46.280 Thread 0x0000028ea8d98230 Exception <a 'java/lang/NoSuchMethodError'{0x000000073d3c8490}: 'java.lang.Object java.lang.invoke.Invokers$Holder.linkToTargetMethod(java.lang.Object, java.lang.Object, int, java.lang.Object, java.lang.Object)'> (0x000000073d3c8490) 
thrown [s\src\hotspot\share\interpreter\linkResolver.cpp, line 759]
Event: 46.301 Thread 0x0000028ea8d98230 Exception <a 'java/lang/NoSuchMethodError'{0x000000073cf59248}: 'int java.lang.invoke.DirectMethodHandle$Holder.invokeStatic(java.lang.Object, java.lang.Object, int, int)'> (0x000000073cf59248) 
thrown [s\src\hotspot\share\interpreter\linkResolver.cpp, line 759]
Event: 46.308 Thread 0x0000028f0f776650 Exception <a 'java/lang/NoSuchMethodError'{0x000000073cc20708}: 'int java.lang.invoke.DirectMethodHandle$Holder.invokeSpecial(java.lang.Object, java.lang.Object, java.lang.Object, java.lang.Object)'> (0x000000073cc20708) 
thrown [s\src\hotspot\share\interpreter\linkResolver.cpp, line 759]
Event: 46.434 Thread 0x0000028f0f776650 Implicit null exception at 0x0000028eb8b21783 to 0x0000028eb8b22214
Event: 46.488 Thread 0x0000028f0f776650 Implicit null exception at 0x0000028eb8b20c73 to 0x0000028eb8b20cbc
Event: 46.571 Thread 0x0000028ea8d98230 Exception <a 'java/lang/NoSuchMethodError'{0x000000073cb5a628}: 'float java.lang.invoke.DirectMethodHandle$Holder.invokeStaticInit(java.lang.Object, java.lang.Object, java.lang.Object, java.lang.Object)'> (0x000000073cb5a628) 
thrown [s\src\hotspot\share\interpreter\linkResolver.cpp, line 759]
Event: 46.623 Thread 0x0000028ea8d98230 Exception <a 'java/lang/NoSuchMethodError'{0x000000073c838940}: 'java.lang.Object java.lang.invoke.DirectMethodHandle$Holder.newInvokeSpecial(java.lang.Object, int, int, int, int, int, int)'> (0x000000073c838940) 
thrown [s\src\hotspot\share\interpreter\linkResolver.cpp, line 759]
Event: 47.303 Thread 0x0000028ea8d98230 Exception <a 'java/lang/NoSuchMethodError'{0x000000073ba0a280}: 'java.lang.Object java.lang.invoke.DirectMethodHandle$Holder.newInvokeSpecial(java.lang.Object, java.lang.Object, long, int, int)'> (0x000000073ba0a280) 
thrown [s\src\hotspot\share\interpreter\linkResolver.cpp, line 759]
Event: 47.303 Thread 0x0000028ea8d98230 Exception <a 'java/lang/NoSuchMethodError'{0x000000073ba11700}: 'java.lang.Object java.lang.invoke.Invokers$Holder.linkToTargetMethod(java.lang.Object, long, int, int, java.lang.Object)'> (0x000000073ba11700) 
thrown [s\src\hotspot\share\interpreter\linkResolver.cpp, line 759]
Event: 49.875 Thread 0x0000028f24aea3b0 Exception <a 'java/lang/InterruptedException'{0x000000073d901608}> (0x000000073d901608) 
thrown [s\src\hotspot\share\runtime\objectMonitor.cpp, line 1480]
Event: 49.876 Thread 0x0000028f24aebd00 Exception <a 'java/lang/InterruptedException'{0x000000073d913a00}> (0x000000073d913a00) 
thrown [s\src\hotspot\share\runtime\objectMonitor.cpp, line 1658]
Event: 53.061 Thread 0x0000028f0f776b60 Implicit null exception at 0x0000028eb8ce84cc to 0x0000028eb8ce8584
Event: 62.923 Thread 0x0000028ea8d98230 Implicit null exception at 0x0000028eb8d95b53 to 0x0000028eb8d95bb4
Event: 62.965 Thread 0x0000028ea8d98230 Implicit null exception at 0x0000028eb8ce164b to 0x0000028eb8ce1b2c
Event: 63.271 Thread 0x0000028ea8d98230 Implicit null exception at 0x0000028eb8afdfac to 0x0000028eb8b01228
Event: 63.836 Thread 0x0000028f12e83b90 Exception <a 'java/lang/InterruptedException'{0x000000073cd00b20}> (0x000000073cd00b20) 
thrown [s\src\hotspot\share\runtime\objectMonitor.cpp, line 1480]
Event: 63.836 Thread 0x0000028f12e83680 Exception <a 'java/lang/InterruptedException'{0x000000073cd23d80}> (0x000000073cd23d80) 
thrown [s\src\hotspot\share\runtime\objectMonitor.cpp, line 1658]

VM Operations (20 events):
Event: 70.032 Executing VM operation: HandshakeAllThreads done
Event: 70.296 Executing VM operation: G1CollectForAllocation
Event: 70.299 Executing VM operation: G1CollectForAllocation done
Event: 70.969 Executing VM operation: HandshakeAllThreads
Event: 70.984 Executing VM operation: HandshakeAllThreads done
Event: 71.084 Executing VM operation: HandshakeAllThreads
Event: 71.084 Executing VM operation: HandshakeAllThreads done
Event: 72.084 Executing VM operation: Cleanup
Event: 72.084 Executing VM operation: Cleanup done
Event: 73.084 Executing VM operation: Cleanup
Event: 73.084 Executing VM operation: Cleanup done
Event: 73.324 Executing VM operation: G1CollectForAllocation
Event: 73.327 Executing VM operation: G1CollectForAllocation done
Event: 74.159 Executing VM operation: ChangeBreakpoints
Event: 74.159 Executing VM operation: ChangeBreakpoints done
Event: 74.159 Executing VM operation: ChangeBreakpoints
Event: 74.159 Executing VM operation: ChangeBreakpoints done
Event: 74.159 Executing VM operation: ChangeBreakpoints
Event: 74.159 Executing VM operation: ChangeBreakpoints done
Event: 74.236 Executing VM operation: Exit

Events (20 events):
Event: 71.597 Thread 0x0000028f119051e0 Thread exited: 0x0000028f119051e0
Event: 72.235 Thread 0x0000028f119051e0 Thread added: 0x0000028f119051e0
Event: 73.630 Thread 0x0000028f119051e0 Thread exited: 0x0000028f119051e0
Event: 74.158 Thread 0x0000028f0f2a6730 Thread exited: 0x0000028f0f2a6730
Event: 74.178 Thread 0x0000028f0f2702e0 Thread exited: 0x0000028f0f2702e0
Event: 74.221 loading class jdk/internal/misc/Signal$1
Event: 74.221 loading class jdk/internal/misc/Signal$1 done
Event: 74.223 Thread 0x0000028f12e84fd0 Thread added: 0x0000028f12e84fd0
Event: 74.224 Thread 0x0000028f12e891a0 Thread added: 0x0000028f12e891a0
Event: 74.224 Thread 0x0000028f12e859f0 Thread added: 0x0000028f12e859f0
Event: 74.224 Thread 0x0000028f12e85f00 Thread added: 0x0000028f12e85f00
Event: 74.224 Thread 0x0000028f12e86410 Thread added: 0x0000028f12e86410
Event: 74.224 loading class java/util/WeakHashMap$KeyIterator
Event: 74.224 loading class java/util/WeakHashMap$HashIterator
Event: 74.224 loading class java/util/WeakHashMap$HashIterator done
Event: 74.225 loading class java/util/WeakHashMap$KeyIterator done
Event: 74.225 Thread 0x0000028f12e85f00 Thread exited: 0x0000028f12e85f00
Event: 74.229 Thread 0x0000028f12e859f0 Thread exited: 0x0000028f12e859f0
Event: 74.231 Thread 0x0000028f119051e0 Thread added: 0x0000028f119051e0
Event: 74.233 Thread 0x0000028f12e86410 Thread exited: 0x0000028f12e86410


Dynamic libraries:
0x00007ff647060000 - 0x00007ff64706e000 	C:\Users\USER\.jdks\corretto-17.0.10\bin\java.exe
0x00007ffccbc90000 - 0x00007ffccbe88000 	C:\Windows\SYSTEM32\ntdll.dll
0x00007ffcc9cd0000 - 0x00007ffcc9d8f000 	C:\Windows\System32\KERNEL32.DLL
0x00007ffcc9770000 - 0x00007ffcc9a42000 	C:\Windows\System32\KERNELBASE.dll
0x00007ffcc9670000 - 0x00007ffcc9770000 	C:\Windows\System32\ucrtbase.dll
0x00007ffcbd620000 - 0x00007ffcbd637000 	C:\Users\USER\.jdks\corretto-17.0.10\bin\jli.dll
0x00007ffccab20000 - 0x00007ffccacc1000 	C:\Windows\System32\USER32.dll
0x00007ffcc9640000 - 0x00007ffcc9662000 	C:\Windows\System32\win32u.dll
0x00007ffccb9a0000 - 0x00007ffccb9cb000 	C:\Windows\System32\GDI32.dll
0x00007ffcc93d0000 - 0x00007ffcc94df000 	C:\Windows\System32\gdi32full.dll
0x00007ffcc9a50000 - 0x00007ffcc9aed000 	C:\Windows\System32\msvcp_win.dll
0x00007ffcb3200000 - 0x00007ffcb349a000 	C:\Windows\WinSxS\amd64_microsoft.windows.common-controls_6595b64144ccf1df_6.0.19041.1110_none_60b5254171f9507e\COMCTL32.dll
0x00007ffccaa80000 - 0x00007ffccab1e000 	C:\Windows\System32\msvcrt.dll
0x00007ffcbd600000 - 0x00007ffcbd61b000 	C:\Users\USER\.jdks\corretto-17.0.10\bin\VCRUNTIME140.dll
0x00007ffccb6f0000 - 0x00007ffccb722000 	C:\Windows\System32\IMM32.DLL
0x00007ffcbd5f0000 - 0x00007ffcbd5fc000 	C:\Users\USER\.jdks\corretto-17.0.10\bin\vcruntime140_1.dll
0x00007ffc8ad10000 - 0x00007ffc8ad9d000 	C:\Users\USER\.jdks\corretto-17.0.10\bin\msvcp140.dll
0x00007ffc31000000 - 0x00007ffc31c62000 	C:\Users\USER\.jdks\corretto-17.0.10\bin\server\jvm.dll
0x00007ffcc9eb0000 - 0x00007ffcc9f5e000 	C:\Windows\System32\ADVAPI32.dll
0x00007ffccbb00000 - 0x00007ffccbb9c000 	C:\Windows\System32\sechost.dll
0x00007ffccb9d0000 - 0x00007ffccbaf5000 	C:\Windows\System32\RPCRT4.dll
0x00007ffcc8dc0000 - 0x00007ffcc8e0b000 	C:\Windows\SYSTEM32\POWRPROF.dll
0x00007ffcaf870000 - 0x00007ffcaf879000 	C:\Windows\SYSTEM32\WSOCK32.dll
0x00007ffccacd0000 - 0x00007ffccad3b000 	C:\Windows\System32\WS2_32.dll
0x00007ffca1e20000 - 0x00007ffca1e47000 	C:\Windows\SYSTEM32\WINMM.dll
0x00007ffcbb7c0000 - 0x00007ffcbb7ca000 	C:\Windows\SYSTEM32\VERSION.dll
0x00007ffcc8da0000 - 0x00007ffcc8db2000 	C:\Windows\SYSTEM32\UMPDC.dll
0x00007ffcc7b90000 - 0x00007ffcc7ba2000 	C:\Windows\SYSTEM32\kernel.appcore.dll
0x00007ffcbd5a0000 - 0x00007ffcbd5aa000 	C:\Users\USER\.jdks\corretto-17.0.10\bin\jimage.dll
0x00007ffcc7110000 - 0x00007ffcc72f4000 	C:\Windows\SYSTEM32\DBGHELP.DLL
0x00007ffcbbe70000 - 0x00007ffcbbea5000 	C:\Windows\SYSTEM32\dbgcore.DLL
0x00007ffcc9b20000 - 0x00007ffcc9ba2000 	C:\Windows\System32\bcryptPrimitives.dll
0x00007ffc9dba0000 - 0x00007ffc9dbdb000 	C:\Users\USER\.jdks\corretto-17.0.10\bin\jdwp.dll
0x00007ffcb2850000 - 0x00007ffcb285e000 	C:\Users\USER\.jdks\corretto-17.0.10\bin\instrument.dll
0x00007ffcb2860000 - 0x00007ffcb2885000 	C:\Users\USER\.jdks\corretto-17.0.10\bin\java.dll
0x00007ffc9efe0000 - 0x00007ffc9eff8000 	C:\Users\USER\.jdks\corretto-17.0.10\bin\zip.dll
0x00007ffc562a0000 - 0x00007ffc56377000 	C:\Users\USER\.jdks\corretto-17.0.10\bin\jsvml.dll
0x00007ffccafa0000 - 0x00007ffccb6e4000 	C:\Windows\System32\SHELL32.dll
0x00007ffcc7300000 - 0x00007ffcc7a92000 	C:\Windows\SYSTEM32\windows.storage.dll
0x00007ffcca710000 - 0x00007ffccaa65000 	C:\Windows\System32\combase.dll
0x00007ffcc8c20000 - 0x00007ffcc8c50000 	C:\Windows\SYSTEM32\Wldp.dll
0x00007ffccbba0000 - 0x00007ffccbc4d000 	C:\Windows\System32\SHCORE.dll
0x00007ffccb810000 - 0x00007ffccb865000 	C:\Windows\System32\shlwapi.dll
0x00007ffcc92c0000 - 0x00007ffcc92df000 	C:\Windows\SYSTEM32\profapi.dll
0x00007ffcb2840000 - 0x00007ffcb284c000 	C:\Users\USER\.jdks\corretto-17.0.10\bin\dt_socket.dll
0x00007ffcc8710000 - 0x00007ffcc874b000 	C:\Windows\SYSTEM32\IPHLPAPI.DLL
0x00007ffcc8a00000 - 0x00007ffcc8a6a000 	C:\Windows\system32\mswsock.dll
0x00007ffc9db80000 - 0x00007ffc9db99000 	C:\Users\USER\.jdks\corretto-17.0.10\bin\net.dll
0x00007ffcc1000000 - 0x00007ffcc110c000 	C:\Windows\SYSTEM32\WINHTTP.dll
0x00007ffc9db60000 - 0x00007ffc9db76000 	C:\Users\USER\.jdks\corretto-17.0.10\bin\nio.dll
0x00007ffca8d60000 - 0x00007ffca8d69000 	C:\Users\USER\.jdks\corretto-17.0.10\bin\management.dll
0x00007ffca20e0000 - 0x00007ffca20eb000 	C:\Users\USER\.jdks\corretto-17.0.10\bin\management_ext.dll
0x00007ffcc9f80000 - 0x00007ffcc9f88000 	C:\Windows\System32\PSAPI.DLL
0x00007ffca8340000 - 0x00007ffca8357000 	C:\Windows\system32\napinsp.dll
0x00007ffca8320000 - 0x00007ffca833b000 	C:\Windows\system32\pnrpnsp.dll
0x00007ffca8300000 - 0x00007ffca8315000 	C:\Windows\system32\wshbth.dll
0x00007ffcc1da0000 - 0x00007ffcc1dbd000 	C:\Windows\system32\NLAapi.dll
0x00007ffcc8750000 - 0x00007ffcc881a000 	C:\Windows\SYSTEM32\DNSAPI.dll
0x00007ffccaa70000 - 0x00007ffccaa78000 	C:\Windows\System32\NSI.dll
0x00007ffca82e0000 - 0x00007ffca82f2000 	C:\Windows\System32\winrnr.dll
0x00007ffcbc1b0000 - 0x00007ffcbc1ba000 	C:\Windows\System32\rasadhlp.dll
0x00007ffcbbd90000 - 0x00007ffcbbe10000 	C:\Windows\System32\fwpuclnt.dll
0x00007ffcc9af0000 - 0x00007ffcc9b17000 	C:\Windows\System32\bcrypt.dll
0x00007ffcc8c60000 - 0x00007ffcc8c78000 	C:\Windows\SYSTEM32\CRYPTSP.dll
0x00007ffcc8340000 - 0x00007ffcc8374000 	C:\Windows\system32\rsaenh.dll
0x00007ffcc9280000 - 0x00007ffcc92ae000 	C:\Windows\SYSTEM32\USERENV.dll
0x00007ffcc8b90000 - 0x00007ffcc8b9c000 	C:\Windows\SYSTEM32\CRYPTBASE.dll
0x00007ffcbc5d0000 - 0x00007ffcbc5e7000 	C:\Windows\SYSTEM32\dhcpcsvc6.DLL
0x00007ffcbedc0000 - 0x00007ffcbeddd000 	C:\Windows\SYSTEM32\dhcpcsvc.DLL
0x00007ffca0d70000 - 0x00007ffca0d7e000 	C:\Users\USER\.jdks\corretto-17.0.10\bin\sunmscapi.dll
0x00007ffcc94e0000 - 0x00007ffcc9636000 	C:\Windows\System32\CRYPT32.dll
0x00007ffcc8e50000 - 0x00007ffcc8e77000 	C:\Windows\SYSTEM32\ncrypt.dll
0x00007ffcc8e10000 - 0x00007ffcc8e4b000 	C:\Windows\SYSTEM32\NTASN1.dll
0x00007ffc9dcc0000 - 0x00007ffc9dcc9000 	C:\Users\USER\.jdks\corretto-17.0.10\bin\extnet.dll
0x00007ffcb91d0000 - 0x00007ffcb93bd000 	C:\Windows\system32\urlmon.dll
0x00007ffcb91a0000 - 0x00007ffcb91c8000 	C:\Windows\SYSTEM32\srvcli.dll
0x00007ffcb9510000 - 0x00007ffcb97c1000 	C:\Windows\SYSTEM32\iertutil.dll
0x00007ffcc8820000 - 0x00007ffcc882c000 	C:\Windows\SYSTEM32\netutils.dll
0x00007ffc56220000 - 0x00007ffc56292000 	C:\Users\USER\AppData\Local\Temp\lwjglUSER\3.2.2-build-10\lwjgl.dll
0x00007ffc56900000 - 0x00007ffc5695e000 	C:\Users\USER\AppData\Local\Temp\lwjglUSER\3.2.2-build-10\glfw.dll
0x00007ffc55fc0000 - 0x00007ffc56211000 	C:\Users\USER\AppData\Local\Temp\lwjglUSER\3.2.2-build-10\jemalloc.dll
0x00007ffcc6770000 - 0x00007ffcc680e000 	C:\Windows\system32\uxtheme.dll
0x00007ffc8acc0000 - 0x00007ffc8ad05000 	C:\Windows\SYSTEM32\dinput8.dll
0x00007ffc94aa0000 - 0x00007ffc94ab1000 	C:\Windows\SYSTEM32\xinput1_4.dll
0x00007ffcc9380000 - 0x00007ffcc93ce000 	C:\Windows\System32\cfgmgr32.dll
0x00007ffcc9130000 - 0x00007ffcc915c000 	C:\Windows\SYSTEM32\DEVOBJ.dll
0x00007ffcc6850000 - 0x00007ffcc687f000 	C:\Windows\SYSTEM32\dwmapi.dll
0x00007ffcba8f0000 - 0x00007ffcbaa42000 	C:\Windows\SYSTEM32\inputhost.dll
0x00007ffcca5c0000 - 0x00007ffcca68d000 	C:\Windows\System32\OLEAUT32.dll
0x00007ffcc5c70000 - 0x00007ffcc5d62000 	C:\Windows\SYSTEM32\CoreMessaging.dll
0x00007ffcc2320000 - 0x00007ffcc2416000 	C:\Windows\SYSTEM32\PROPSYS.dll
0x00007ffcc4bb0000 - 0x00007ffcc4d04000 	C:\Windows\SYSTEM32\wintypes.dll
0x00007ffcc5d70000 - 0x00007ffcc60ce000 	C:\Windows\SYSTEM32\CoreUIComponents.dll
0x00007ffcc8460000 - 0x00007ffcc8493000 	C:\Windows\SYSTEM32\ntmarta.dll
0x00007ffcc9d90000 - 0x00007ffcc9ea5000 	C:\Windows\System32\MSCTF.dll
0x00007ffcc7b80000 - 0x00007ffcc7b8d000 	C:\Windows\SYSTEM32\HID.DLL
0x00007ffcc9f90000 - 0x00007ffcca3f8000 	C:\Windows\System32\SETUPAPI.DLL
0x00007ffcc9bb0000 - 0x00007ffcc9c19000 	C:\Windows\System32\WINTRUST.dll
0x00007ffcc8f70000 - 0x00007ffcc8f82000 	C:\Windows\SYSTEM32\MSASN1.dll
0x00007ffca1830000 - 0x00007ffca1955000 	C:\Windows\SYSTEM32\opengl32.dll
0x00007ffca17c0000 - 0x00007ffca17ec000 	C:\Windows\SYSTEM32\GLU32.dll
0x00007ffccae90000 - 0x00007ffccaf3f000 	C:\Windows\System32\clbcatq.dll
0x00007ffc59ef0000 - 0x00007ffc5aec2000 	C:\Windows\System32\DriverStore\FileRepository\iigd_dch.inf_amd64_fc32f5e030916127\igxelpicd64.dll
0x00007ffccb870000 - 0x00007ffccb99a000 	C:\Windows\System32\ole32.dll
0x00007ffcc7c00000 - 0x00007ffcc7cf3000 	C:\Windows\system32\dxgi.dll
0x00007ffcaa010000 - 0x00007ffcaa14c000 	C:\Windows\System32\DriverStore\FileRepository\iigd_dch.inf_amd64_fc32f5e030916127\igdml64.dll
0x00007ffcbcf30000 - 0x00007ffcbd33a000 	C:\Windows\System32\DriverStore\FileRepository\iigd_dch.inf_amd64_fc32f5e030916127\igdgmm64.dll
0x00007ffcb3880000 - 0x00007ffcb7ef0000 	C:\Windows\System32\DriverStore\FileRepository\iigd_dch.inf_amd64_fc32f5e030916127\igc64.dll
0x00007ffcbaa50000 - 0x00007ffcbab49000 	C:\Windows\SYSTEM32\textinputframework.dll
0x00007ffc55420000 - 0x00007ffc55478000 	C:\Users\USER\AppData\Local\Temp\lwjglUSER\3.2.2-build-10\lwjgl_opengl.dll
0x00007ffc94ad0000 - 0x00007ffc94ae0000 	C:\Users\USER\.jdks\corretto-17.0.10\bin\verify.dll
0x00007ffc6db00000 - 0x00007ffc6db42000 	C:\Users\USER\AppData\Local\Temp\jna-2614219\jna16837746337071204090.dll
0x00007ffc918f0000 - 0x00007ffc9190a000 	C:\Users\USER\Desktop\Максим\expensive-master-fixed\libraries\natives\SAPIWrapper_x64.dll
0x00007ffc5d880000 - 0x00007ffc5da06000 	C:\Windows\System32\Speech\Common\sapi.dll
0x00007ffc5d860000 - 0x00007ffc5d87e000 	C:\Windows\SYSTEM32\MSACM32.dll
0x00007ffc947c0000 - 0x00007ffc947cb000 	C:\Windows\SYSTEM32\msdmo.dll
0x00007ffc945b0000 - 0x00007ffc945d6000 	C:\Windows\SYSTEM32\winmmbase.dll
0x00007ffcbb670000 - 0x00007ffcbb6f5000 	C:\Windows\System32\MMDevApi.dll
0x00007ffc32470000 - 0x00007ffc32600000 	C:\Users\USER\.jdks\corretto-17.0.10\bin\awt.dll
0x00007ffcc6590000 - 0x00007ffcc6621000 	C:\Windows\SYSTEM32\apphelp.dll
0x00007ffc50410000 - 0x00007ffc5048f000 	C:\Users\USER\AppData\Local\Temp\lwjglUSER\3.2.2-build-10\lwjgl_stb.dll
0x00007ffc32630000 - 0x00007ffc32744000 	C:\Users\USER\AppData\Local\Temp\lwjglUSER\3.2.2-build-10\OpenAL.dll
0x00007ffca2ab0000 - 0x00007ffca2c32000 	C:\Windows\SYSTEM32\AUDIOSES.DLL
0x00007ffcc6880000 - 0x00007ffcc6894000 	C:\Windows\SYSTEM32\resourcepolicyclient.dll
0x00007ffcac250000 - 0x00007ffcac257000 	C:\Windows\system32\wshunix.dll

dbghelp: loaded successfully - version: 4.0.5 - missing functions: none
symbol engine: initialized successfully - sym options: 0x614 - pdb path: .;C:\Users\USER\.jdks\corretto-17.0.10\bin;C:\Windows\SYSTEM32;C:\Windows\WinSxS\amd64_microsoft.windows.common-controls_6595b64144ccf1df_6.0.19041.1110_none_60b5254171f9507e;C:\Users\USER\.jdks\corretto-17.0.10\bin\server;C:\Users\USER\AppData\Local\Temp\lwjglUSER\3.2.2-build-10;C:\Windows\System32\DriverStore\FileRepository\iigd_dch.inf_amd64_fc32f5e030916127;C:\Users\USER\AppData\Local\Temp\jna-2614219;C:\Users\USER\Desktop\Максим\expensive-master-fixed\libraries\natives;C:\Windows\System32\Speech\Common

VM Arguments:
jvm_args: -agentlib:jdwp=transport=dt_socket,address=127.0.0.1:7554,suspend=y,server=n -Djava.library.path=C:\Users\USER\Desktop\Максим\expensive-master-fixed\libraries\natives -javaagent:C:\Users\USER\AppData\Local\JetBrains\IntelliJIdea2024.1\captureAgent\debugger-agent.jar -Dfile.encoding=UTF-8 
java_command: Start
java_class_path (initial): C:\Users\USER\Desktop\Максим\expensive-master-fixed\out\production\client;C:\Users\USER\Desktop\Максим\expensive-master-fixed\libraries\1.16.5.jar;C:\Users\USER\Desktop\Максим\expensive-master-fixed\libraries\jna-4.4.0.jar;C:\Users\USER\Desktop\Максим\expensive-master-fixed\libraries\user_info.jar;C:\Users\USER\Desktop\Максим\expensive-master-fixed\libraries\guava-21.0.jar;C:\Users\USER\Desktop\Максим\expensive-master-fixed\libraries\icu4j-66.1.jar;C:\Users\USER\Desktop\Максим\expensive-master-fixed\libraries\gson-2.10.1.jar;C:\Users\USER\Desktop\Максим\expensive-master-fixed\libraries\lwjgl-3.2.2.jar;C:\Users\USER\Desktop\Максим\expensive-master-fixed\libraries\ca-fixer-1.0.jar;C:\Users\USER\Desktop\Максим\expensive-master-fixed\libraries\jinput-2.0.5.jar;C:\Users\USER\Desktop\Максим\expensive-master-fixed\libraries\jsr305-3.0.2.jar;C:\Users\USER\Desktop\Максим\expensive-master-fixed\libraries\jutils-1.0.0.jar;C:\Users\USER\Desktop\Максим\expensive-master-fixed\libraries\patchy-1.3.9.jar;C:\Users\USER\Desktop\Максим\expensive-master-fixed\libraries\oshi-core-1.1.jar;C:\Users\USER\Desktop\Максим\expensive-master-fixed\libraries\snakeyaml-2.2.jar;C:\Users\USER\Desktop\Максим\expensive-master-fixed\libraries\Animations-4.0.jar;C:\Users\USER\Desktop\Максим\expensive-master-fixed\libraries\authlib-2.1.28.jar;C:\Users\USER\Desktop\Максим\expensive-master-fixed\libraries\commons-io-2.5.jar;C:\Users\USER\Desktop\Максим\expensive-master-fixed\libraries\fastutil-8.2.1.jar;C:\Users\USER\Desktop\Максим\expensive-master-fixed\libraries\lombok-1.18.30.jar;C:\Users\USER\Desktop\Максим\expensive-master-fixed\libraries\platform-3.4.0.jar;C:\Users\USER\Desktop\Максим\expensive-master-fixed\libraries\httpcore-4.4.16.jar;C:\Users\USER\Desktop\Максим\expensive-master-fixed\libraries\jjwt-api-0.12.2.jar;C:\Users\USER\Desktop\Максим\expensive-master-fixed\libraries\log4j-api-2.8.1.jar;C:\Users\USER\Desktop\Максим\expensive-master-fixed\libraries\lwjgl-stb-3.2
Launcher Type: SUN_STANDARD

[Global flags]
     intx CICompilerCount                          = 3                                         {product} {ergonomic}
     uint ConcGCThreads                            = 1                                         {product} {ergonomic}
     uint G1ConcRefinementThreads                  = 4                                         {product} {ergonomic}
   size_t G1HeapRegionSize                         = 2097152                                   {product} {ergonomic}
    uintx GCDrainStackTargetSize                   = 64                                        {product} {ergonomic}
   size_t InitialHeapSize                          = 228589568                                 {product} {ergonomic}
   size_t MarkStackSize                            = 4194304                                   {product} {ergonomic}
   size_t MaxHeapSize                              = 3653238784                                {product} {ergonomic}
   size_t MaxNewSize                               = 2191523840                                {product} {ergonomic}
   size_t MinHeapDeltaBytes                        = 2097152                                   {product} {ergonomic}
   size_t MinHeapSize                              = 8388608                                   {product} {ergonomic}
    uintx NonNMethodCodeHeapSize                   = 5832780                                {pd product} {ergonomic}
    uintx NonProfiledCodeHeapSize                  = 122912730                              {pd product} {ergonomic}
    uintx ProfiledCodeHeapSize                     = 122912730                              {pd product} {ergonomic}
    uintx ReservedCodeCacheSize                    = 251658240                              {pd product} {ergonomic}
     bool SegmentedCodeCache                       = true                                      {product} {ergonomic}
   size_t SoftMaxHeapSize                          = 3653238784                             {manageable} {ergonomic}
     bool UseCompressedClassPointers               = true                           {product lp64_product} {ergonomic}
     bool UseCompressedOops                        = true                           {product lp64_product} {ergonomic}
     bool UseG1GC                                  = true                                      {product} {ergonomic}
     bool UseLargePagesIndividualAllocation        = false                                  {pd product} {ergonomic}

Logging:
Log output configuration:
 #0: stdout all=off uptime,level,tags
 #1: stderr all=off uptime,level,tags

Environment Variables:
PATH=C:\ProgramData\Oracle\Java\javapath;C:\Program Files\Common Files\Oracle\Java\javapath;C:\Program Files (x86)\Common Files\Oracle\Java\java8path;C:\Program Files (x86)\Common Files\Oracle\Java\javapath;C:\Windows\system32;C:\Windows;C:\Windows\System32\Wbem;C:\Windows\System32\WindowsPowerShell\v1.0\;C:\Windows\System32\OpenSSH\;C:\Program Files\7-Zip;C:\Program Files\dotnet\;C:\Program Files\Git\cmd;C:\Program Files\playit_gg\bin\;C:\Program Files\nodejs\;C:\Users\USER\AppData\Local\Programs\Python\Python312\Scripts\;C:\Users\USER\AppData\Local\Programs\Python\Python312\;C:\Users\USER\AppData\Local\Microsoft\WindowsApps;C:\Windows\system32;C:\Users\USER\Новая папка\Fiddler;C:\Users\USER\Desktop\Fiddler;C:\Users\USER\AppData\Roaming\npm
USERNAME=USER
OS=Windows_NT
PROCESSOR_IDENTIFIER=Intel64 Family 6 Model 140 Stepping 1, GenuineIntel
TMP=C:\Users\USER\AppData\Local\Temp
TEMP=C:\Users\USER\AppData\Local\Temp



Periodic native trim disabled


---------------  S Y S T E M  ---------------

OS:
 Windows 10 , 64 bit Build 19041 (10.0.19041.2364)
OS uptime: 0 days 8:56 hours
Hyper-V role detected

CPU: total 4 (initial active 4) (2 cores per cpu, 2 threads per core) family 6 model 140 stepping 1 microcode 0xa6, cx8, cmov, fxsr, ht, mmx, 3dnowpref, sse, sse2, sse3, ssse3, sse4.1, sse4.2, popcnt, lzcnt, tsc, tscinvbit, avx, avx2, aes, erms, clmul, bmi1, bmi2, adx, avx512f, avx512dq, avx512cd, avx512bw, avx512vl, sha, fma, vzeroupper, avx512_vpopcntdq, avx512_vpclmulqdq, avx512_vaes, avx512_vnni, clflush, clflushopt, clwb, avx512_vbmi2, avx512_vbmi, hv
Processor Information for all 4 processors :
  Max Mhz: 1997, Current Mhz: 1997, Mhz Limit: 1997

Memory: 4k page, system-wide physical 13931M (2549M free)
TotalPageFile size 31931M (AvailPageFile size 15071M)
current process WorkingSet (physical memory assigned to process): 1312M, peak: 1365M
current process commit charge ("private bytes"): 1303M, peak: 1356M

vm_info: OpenJDK 64-Bit Server VM (17.0.10+7-LTS) for windows-amd64 JRE (17.0.10+7-LTS), built on Jan 10 2024 22:11:07 by "Administrator" with MS VC++ 16.10 / 16.11 (VS2019)

END.
