#
# A fatal error has been detected by the Java Runtime Environment:
#
#  EXCEPTION_ACCESS_VIOLATION (0xc0000005) at pc=0x00007ffc5a25c02a, pid=16072, tid=9892
#
# JRE version: OpenJDK Runtime Environment Corretto-17.0.10.7.1 (17.0.10+7) (build 17.0.10+7-LTS)
# Java VM: OpenJDK 64-Bit Server VM Corretto-17.0.10.7.1 (17.0.10+7-LTS, mixed mode, sharing, tiered, compressed oops, compressed class ptrs, g1 gc, windows-amd64)
# Problematic frame:
# C  [igxelpicd64.dll+0x36c02a]
#
# No core dump will be written. Minidumps are not enabled by default on client versions of Windows
#
# If you would like to submit a bug report, please visit:
#   https://github.com/corretto/corretto-17/issues/
#

---------------  S U M M A R Y ------------

Command Line: -Djava.library.path=C:\Users\USER\Desktop\Максим\expensive-master-fixed\libraries\natives -javaagent:C:\Program Files\JetBrains\IntelliJ IDEA 2024.1.2\lib\idea_rt.jar=7815:C:\Program Files\JetBrains\IntelliJ IDEA 2024.1.2\bin -Dfile.encoding=UTF-8 Start

Host: Intel(R) Pentium(R) Gold 7505 @ 2.00GHz, 4 cores, 13G,  Windows 10 , 64 bit Build 19041 (10.0.19041.2364)
Time: Tue Sep 24 17:10:26 2024  Windows 10 , 64 bit Build 19041 (10.0.19041.2364) elapsed time: 244.409466 seconds (0d 0h 4m 4s)

---------------  T H R E A D  ---------------

Current thread (0x000002007fcb5990):  VMThread "VM Thread" [stack: 0x000000395a800000,0x000000395a900000] [id=9892]

Stack: [0x000000395a800000,0x000000395a900000],  sp=0x000000395a8fe260,  free space=1016k
Native frames: (J=compiled Java code, j=interpreted, Vv=VM code, C=native code)
C  [igxelpicd64.dll+0x36c02a]


siginfo: EXCEPTION_ACCESS_VIOLATION (0xc0000005), reading address 0x0000000000035888


Registers:
RAX=0x000002009125ffd8, RBX=0x0000000000000000, RCX=0x0000000000000000, RDX=0x00000000fffffff0
RSP=0x000000395a8fe260, RBP=0x000000395a8fe2c8, RSI=0x000002004af12c50, RDI=0x0000000000000000
R8 =0x0000000000000000, R9 =0x0000000000000000, R10=0x00000200912604a0, R11=0x0000000000000246
R12=0x000002004be27e18, R13=0x0000000000000000, R14=0x000002009125fed0, R15=0x0000000000000016
RIP=0x00007ffc5a25c02a, EFLAGS=0x0000000000010206


Register to memory mapping:

RIP=0x00007ffc5a25c02a igxelpicd64.dll
RAX=0x000002009125ffd8 points into unknown readable memory: 0x0000000000816410 | 10 64 81 00 00 00 00 00
RBX=0x0 is NULL
RCX=0x0 is NULL
RDX=0x00000000fffffff0 is an unknown value
RSP=0x000000395a8fe260 points into unknown readable memory: 0x000002004aa606e0 | e0 06 a6 4a 00 02 00 00
RBP=0x000000395a8fe2c8 points into unknown readable memory: 0x0000000000000010 | 10 00 00 00 00 00 00 00
RSI=0x000002004af12c50 points into unknown readable memory: 0x0000020049e52500 | 00 25 e5 49 00 02 00 00
RDI=0x0 is NULL
R8 =0x0 is NULL
R9 =0x0 is NULL
R10=0x00000200912604a0 points into unknown readable memory: 0x0000020054fce0a0 | a0 e0 fc 54 00 02 00 00
R11=0x0000000000000246 is an unknown value
R12=0x000002004be27e18 points into unknown readable memory: 0x0000000000040000 | 00 00 04 00 00 00 00 00
R13=0x0 is NULL
R14=0x000002009125fed0 points into unknown readable memory: 0x000002004a714560 | 60 45 71 4a 00 02 00 00
R15=0x0000000000000016 is an unknown value


Top of Stack: (sp=0x000000395a8fe260)
0x000000395a8fe260:   000002004aa606e0 0000000000000000
0x000000395a8fe270:   000000395a8fe410 00007ffccab3d499
0x000000395a8fe280:   0000020054fce0a0 0000000000000000
0x000000395a8fe290:   000002004aa606e0 00000200912604a0
0x000000395a8fe2a0:   00f8f56201512962 00007ffccbd30ef4
0x000000395a8fe2b0:   01246d650126c964 00a76867010e7f65
0x000000395a8fe2c0:   0081d26902519367 0000000000000010
0x000000395a8fe2d0:   000000000081646d 0000b8021def0000
0x000000395a8fe2e0:   000002004be27e18 0000000000000000
0x000000395a8fe2f0:   0000000000000000 000002004af12c50
0x000000395a8fe300:   000000395a8fe410 00007ffc59f8a847
0x000000395a8fe310:   000002004af12c00 0000000000000016
0x000000395a8fe320:   0143068f01470500 00c8679100f33c00
0x000000395a8fe330:   000000390000a8c4 0114c49200000000
0x000000395a8fe340:   0000000000000000 010b399600d49694
0x000000395a8fe350:   00a4569b0157c69a 0127409c005cce9b
0x000000395a8fe360:   00c3609f00a09f9d 00cac89f006e8f9f
0x000000395a8fe370:   010ab5a0011cada0 00f8a6a200b3d7a1
0x000000395a8fe380:   006af7a300e2c4a3 010304a500cfdba4
0x000000395a8fe390:   00608fa500a422a5 0133c2a700da38a6
0x000000395a8fe3a0:   012712ab00dbb2a9 000002004bdf2ec0
0x000000395a8fe3b0:   0000020050ad0000 0000000000000060
0x000000395a8fe3c0:   0000b8021def0000 000000000000a8c4
0x000000395a8fe3d0:   0000000000000000 4000168000000001
0x000000395a8fe3e0:   0000000000000000 0000000000000000
0x000000395a8fe3f0:   0000000000000000 0000000000000000
0x000000395a8fe400:   0000000000000000 0000000000000000
0x000000395a8fe410:   0000000000000000 0000000000000000
0x000000395a8fe420:   0000000000000000 0000000000000000
0x000000395a8fe430:   0000000000000000 0000000000000000
0x000000395a8fe440:   0000000000000000 0000000000000000
0x000000395a8fe450:   0000000000000000 0000000000000000 

Instructions: (pc=0x00007ffc5a25c02a)
0x00007ffc5a25bf2a:   25 58 00 00 00 41 bd 20 00 00 00 48 8b 04 f8 4e
0x00007ffc5a25bf3a:   8b 2c 28 40 8a 7d 58 4c 3b 2d 38 98 ba 00 45 0f
0x00007ffc5a25bf4a:   44 f8 44 89 7d 50 48 85 c9 0f 84 69 07 00 00 33
0x00007ffc5a25bf5a:   db 4c 8b f1 4c 8d 91 d0 05 00 00 4c 89 55 d0 49
0x00007ffc5a25bf6a:   8b 02 48 89 45 b8 40 84 ff 74 10 48 8b d1 48 8b
0x00007ffc5a25bf7a:   09 e8 f0 2a d3 ff e9 f0 06 00 00 44 8b 86 c8 01
0x00007ffc5a25bf8a:   00 00 48 8b 05 6d 71 aa 00 83 b8 68 03 00 00 02
0x00007ffc5a25bf9a:   0f 85 1e 02 00 00 41 8d 50 f0 41 83 f8 10 73 11
0x00007ffc5a25bfaa:   4a 8d 04 c5 21 00 00 00 49 03 c0 48 8d 04 c1 eb
0x00007ffc5a25bfba:   5b 8b c2 c1 e8 04 83 f8 03 73 1f 0f ae e8 8b ca
0x00007ffc5a25bfca:   83 e1 0f 4d 8b 8c c6 88 05 00 00 4d 85 c9 74 21
0x00007ffc5a25bfda:   48 8d 0c c9 49 8d 04 c9 eb 32 48 8b 81 a0 05 00
0x00007ffc5a25bfea:   00 eb 09 44 39 00 74 2f 48 8b 40 50 48 85 c0 75
0x00007ffc5a25bffa:   f2 41 38 9e a8 05 00 00 74 23 41 8b c0 83 e0 0f
0x00007ffc5a25c00a:   48 8d 04 c0 48 8d 40 21 49 8d 04 c6 48 85 c0 74
0x00007ffc5a25c01a:   0c 48 8b 48 08 eb 09 48 83 c0 08 eb ef 48 8b cb
0x00007ffc5a25c02a:   49 3b 8d 88 58 03 00 0f 86 87 01 00 00 41 83 f8
0x00007ffc5a25c03a:   10 73 0d 4a 8d 04 c5 21 00 00 00 49 03 c0 eb 55
0x00007ffc5a25c04a:   8b c2 c1 e8 04 83 f8 03 73 1d 0f ae e8 83 e2 0f
0x00007ffc5a25c05a:   4d 8b 8c c6 88 05 00 00 4d 85 c9 74 21 48 8d 0c
0x00007ffc5a25c06a:   d2 49 8d 04 c9 eb 32 49 8b 86 a0 05 00 00 eb 09
0x00007ffc5a25c07a:   44 39 00 74 2f 48 8b 40 50 48 85 c0 75 f2 41 38
0x00007ffc5a25c08a:   9e a8 05 00 00 74 23 41 8b c0 83 e0 0f 48 8d 04
0x00007ffc5a25c09a:   c0 48 8d 40 21 49 8d 04 c6 48 85 c0 74 0c 48 8b
0x00007ffc5a25c0aa:   48 08 eb 09 48 83 c0 08 eb ef 48 8b cb 49 3b 8e
0x00007ffc5a25c0ba:   48 06 00 00 0f 86 fa 00 00 00 48 8b 86 78 02 00
0x00007ffc5a25c0ca:   00 49 89 02 4c 89 b6 78 02 00 00 ff 86 80 02 00
0x00007ffc5a25c0da:   00 ba 01 00 00 00 49 8b 4e 08 e8 d7 4a cd ff 0f
0x00007ffc5a25c0ea:   b7 c8 48 2b c1 48 05 00 00 01 00 48 01 86 88 02
0x00007ffc5a25c0fa:   00 00 ba 01 00 00 00 49 8b 4e 08 e8 b6 4a cd ff
0x00007ffc5a25c10a:   48 01 86 98 02 00 00 45 85 ff 0f 84 9a 00 00 00
0x00007ffc5a25c11a:   49 8b 9d 38 50 03 00 0f 57 c0 f3 0f 7f 45 d8 45 


Stack slot to memory mapping:
stack at sp + 0 slots: 0x000002004aa606e0 points into unknown readable memory: 0xffffffffffffffff | ff ff ff ff ff ff ff ff
stack at sp + 1 slots: 0x0 is NULL
stack at sp + 2 slots: 0x000000395a8fe410 points into unknown readable memory: 0x0000000000000000 | 00 00 00 00 00 00 00 00
stack at sp + 3 slots: 0x00007ffccab3d499 USER32.dll
stack at sp + 4 slots: 0x0000020054fce0a0 points into unknown readable memory: 0x000002004a714560 | 60 45 71 4a 00 02 00 00
stack at sp + 5 slots: 0x0 is NULL
stack at sp + 6 slots: 0x000002004aa606e0 points into unknown readable memory: 0xffffffffffffffff | ff ff ff ff ff ff ff ff
stack at sp + 7 slots: 0x00000200912604a0 points into unknown readable memory: 0x0000020054fce0a0 | a0 e0 fc 54 00 02 00 00

VM_Operation (0x0000003959ffefe0): Exit, mode: safepoint, requested by thread 0x0000020054d3cc20


---------------  P R O C E S S  ---------------

Threads class SMR info:
_java_thread_list=0x00000200547ff320, length=29, elements={
0x00000200621e82e0, 0x000002007fcbb450, 0x000002007fcbbf20, 0x000002007fcd2960,
0x000002007fcd5240, 0x000002007fcd5b10, 0x000002007fcdf730, 0x000002007fcecd20,
0x00000200037a8050, 0x000002007fca3e30, 0x000002000394fd40, 0x0000020049072550,
0x000002004b6fb1b0, 0x000002004aae8ea0, 0x000002004c46f480, 0x0000020054c8a810,
0x0000020054c88ec0, 0x0000020054c884a0, 0x0000020054c87570, 0x000002004c4712e0,
0x000002004c4717f0, 0x0000020054d41810, 0x0000020054d3b2d0, 0x0000020054d40df0,
0x0000020054d42740, 0x0000020054d42c50, 0x0000020054d3c200, 0x0000020054d3f9b0,
0x0000020054d3cc20
}

Java Threads: ( => current thread )
  0x00000200621e82e0 JavaThread "Render thread" [_thread_blocked, id=14944, stack(0x000000395a200000,0x000000395a300000)]
  0x000002007fcbb450 JavaThread "Reference Handler" daemon [_thread_blocked, id=9736, stack(0x000000395a900000,0x000000395aa00000)]
  0x000002007fcbbf20 JavaThread "Finalizer" daemon [_thread_blocked, id=10468, stack(0x000000395aa00000,0x000000395ab00000)]
  0x000002007fcd2960 JavaThread "Attach Listener" daemon [_thread_blocked, id=4012, stack(0x000000395ac00000,0x000000395ad00000)]
  0x000002007fcd5240 JavaThread "Service Thread" daemon [_thread_blocked, id=8768, stack(0x000000395ad00000,0x000000395ae00000)]
  0x000002007fcd5b10 JavaThread "Monitor Deflation Thread" daemon [_thread_blocked, id=12588, stack(0x000000395ae00000,0x000000395af00000)]
  0x000002007fcdf730 JavaThread "C2 CompilerThread0" daemon [_thread_blocked, id=15588, stack(0x000000395af00000,0x000000395b000000)]
  0x000002007fcecd20 JavaThread "C1 CompilerThread0" daemon [_thread_blocked, id=7524, stack(0x000000395b000000,0x000000395b100000)]
  0x00000200037a8050 JavaThread "Sweeper thread" daemon [_thread_blocked, id=8188, stack(0x000000395b100000,0x000000395b200000)]
  0x000002007fca3e30 JavaThread "Common-Cleaner" daemon [_thread_blocked, id=13588, stack(0x000000395b200000,0x000000395b300000)]
  0x000002000394fd40 JavaThread "Monitor Ctrl-Break" daemon [_thread_in_native, id=11392, stack(0x000000395b300000,0x000000395b400000)]
  0x0000020049072550 JavaThread "Notification Thread" daemon [_thread_blocked, id=12324, stack(0x000000395b400000,0x000000395b500000)]
  0x000002004b6fb1b0 JavaThread "Timer hack thread" daemon [_thread_blocked, id=13884, stack(0x000000395bb00000,0x000000395bc00000)]
  0x000002004aae8ea0 JavaThread "Snooper Timer" daemon [_thread_blocked, id=11416, stack(0x000000395bc00000,0x000000395bd00000)]
  0x000002004c46f480 JavaThread "Narrator" [_thread_blocked, id=15812, stack(0x000000395be00000,0x000000395bf00000)]
  0x0000020054c8a810 JavaThread "Via Async Scheduler 0" [_thread_blocked, id=15912, stack(0x000000395d400000,0x000000395d500000)]
  0x0000020054c88ec0 JavaThread "Worker-Main-1" daemon [_thread_blocked, id=10712, stack(0x000000395d500000,0x000000395d600000)]
  0x0000020054c884a0 JavaThread "Worker-Main-3" daemon [_thread_blocked, id=6104, stack(0x000000395d700000,0x000000395d800000)]
  0x0000020054c87570 JavaThread "Java2D Disposer" daemon [_thread_blocked, id=6780, stack(0x000000395c700000,0x000000395c800000)]
  0x000002004c4712e0 JavaThread "Server Pinger #0" daemon [_thread_blocked, id=4092, stack(0x000000395a000000,0x000000395a100000)]
  0x000002004c4717f0 JavaThread "Thread-4" daemon [_thread_in_native, id=12216, stack(0x000000395a100000,0x000000395a200000)]
  0x0000020054d41810 JavaThread "ObjectCleanerThread" daemon [_thread_blocked, id=15136, stack(0x000000395ba00000,0x000000395bb00000)]
  0x0000020054d3b2d0 JavaThread "Netty Client IO #0" daemon [_thread_blocked, id=15408, stack(0x000000395d000000,0x000000395d100000)]
  0x0000020054d40df0 JavaThread "Netty Client IO #1" daemon [_thread_in_native, id=16052, stack(0x000000395d100000,0x000000395d200000)]
  0x0000020054d42740 JavaThread "Sound engine" daemon [_thread_blocked, id=14084, stack(0x000000395d200000,0x000000395d300000)]
  0x0000020054d42c50 JavaThread "Worker-Cape-5" daemon [_thread_blocked, id=14724, stack(0x000000395c600000,0x000000395c700000)]
  0x0000020054d3c200 JavaThread "Worker-Cape-6" daemon [_thread_blocked, id=15500, stack(0x000000395dc00000,0x000000395dd00000)]
  0x0000020054d3f9b0 JavaThread "Worker-Cape-7" daemon [_thread_blocked, id=15976, stack(0x000000395e300000,0x000000395e400000)]
  0x0000020054d3cc20 JavaThread "SIGINT handler" daemon [_thread_blocked, id=13904, stack(0x0000003959f00000,0x000000395a000000)]

Other Threads:
=>0x000002007fcb5990 VMThread "VM Thread" [stack: 0x000000395a800000,0x000000395a900000] [id=9892]
  0x0000020062249ba0 GCTaskThread "GC Thread#0" [stack: 0x000000395a300000,0x000000395a400000] [id=15400]
  0x00000200492ec9e0 GCTaskThread "GC Thread#1" [stack: 0x000000395b600000,0x000000395b700000] [id=15392]
  0x0000020049332360 GCTaskThread "GC Thread#2" [stack: 0x000000395b700000,0x000000395b800000] [id=5196]
  0x0000020049332620 GCTaskThread "GC Thread#3" [stack: 0x000000395b800000,0x000000395b900000] [id=13148]
  0x00000200622584b0 ConcurrentGCThread "G1 Main Marker" terminated
  0x0000020062258ed0 ConcurrentGCThread "G1 Conc#0" [stack: 0x000000395a500000,0x000000395a600000] [id=12564]
  0x000002007fb730d0 ConcurrentGCThread "G1 Refine#0" terminated
  0x000002004a2917f0 ConcurrentGCThread "G1 Refine#1" terminated
  0x000002004c360290 ConcurrentGCThread "G1 Refine#2" terminated
  0x000002007fb73b00 ConcurrentGCThread "G1 Service" terminated

Threads with active compile tasks:
C1 CompilerThread0  
[error occurred during error reporting (printing all threads), id 0xc0000005, EXCEPTION_ACCESS_VIOLATION (0xc0000005) at pc=0x00007ffc570e29d3]

VM state: at safepoint (shutting down)

VM Mutex/Monitor currently owned by a thread:  ([mutex/lock_event])
[0x00000200621e5280] Threads_lock - owner thread: 0x000002007fcb5990
[0x00000200621e4d70] Heap_lock - owner thread: 0x0000020054d3cc20

Heap address: 0x0000000726400000, size: 3484 MB, Compressed Oops mode: Zero based, Oop shift amount: 3

CDS archive(s) mapped at: [0x0000020004000000-0x0000020004bb0000-0x0000020004bb0000), size 12255232, SharedBaseAddress: 0x0000020004000000, ArchiveRelocationMode: 1.
Compressed class space mapped at: 0x0000020005000000-0x0000020045000000, reserved size: 1073741824
Narrow klass base: 0x0000020004000000, Narrow klass shift: 0, Narrow klass range: 0x100000000

GC Precious Log:
 CPUs: 4 total, 4 available
 Memory: 13931M
 Large Page Support: Disabled
 NUMA Support: Disabled
 Compressed Oops: Enabled (Zero based)
 Heap Region Size: 2M
 Heap Min Capacity: 8M
 Heap Initial Capacity: 218M
 Heap Max Capacity: 3484M
 Pre-touch: Disabled
 Parallel Workers: 4
 Concurrent Workers: 1
 Concurrent Refinement Workers: 4
 Periodic GC: Disabled

Heap:
 garbage-first heap   total 458752K, used 383187K [0x0000000726400000, 0x0000000800000000)
  region size 2048K, 78 young (159744K), 1 survivors (2048K)
 Metaspace       used 85692K, committed 86400K, reserved 1179648K
  class space    used 11366K, committed 11712K, reserved 1048576K

Heap Regions: E=young(eden), S=young(survivor), O=old, HS=humongous(starts), HC=humongous(continues), CS=collection set, F=free, OA=open archive, CA=closed archive, TAMS=top-at-mark-start (previous, next)
|   0|0x0000000726400000, 0x0000000726600000, 0x0000000726600000|100%|HS|  |TAMS 0x0000000726600000, 0x0000000726400000| Complete 
|   1|0x0000000726600000, 0x0000000726800000, 0x0000000726800000|100%| O|  |TAMS 0x0000000726800000, 0x0000000726600000| Untracked 
|   2|0x0000000726800000, 0x0000000726a00000, 0x0000000726a00000|100%|HS|  |TAMS 0x0000000726a00000, 0x0000000726800000| Complete 
|   3|0x0000000726a00000, 0x0000000726c00000, 0x0000000726c00000|100%| O|  |TAMS 0x0000000726c00000, 0x0000000726a00000| Untracked 
|   4|0x0000000726c00000, 0x0000000726e00000, 0x0000000726e00000|100%| O|  |TAMS 0x0000000726e00000, 0x0000000726c00000| Untracked 
|   5|0x0000000726e00000, 0x0000000727000000, 0x0000000727000000|100%| O|  |TAMS 0x0000000727000000, 0x0000000726e00000| Untracked 
|   6|0x0000000727000000, 0x0000000727200000, 0x0000000727200000|100%| O|  |TAMS 0x0000000727200000, 0x0000000727000000| Untracked 
|   7|0x0000000727200000, 0x0000000727400000, 0x0000000727400000|100%| O|  |TAMS 0x0000000727400000, 0x0000000727200000| Untracked 
|   8|0x0000000727400000, 0x0000000727600000, 0x0000000727600000|100%| O|  |TAMS 0x0000000727600000, 0x0000000727400000| Untracked 
|   9|0x0000000727600000, 0x0000000727800000, 0x0000000727800000|100%| O|  |TAMS 0x0000000727800000, 0x0000000727600000| Untracked 
|  10|0x0000000727800000, 0x0000000727a00000, 0x0000000727a00000|100%| O|  |TAMS 0x0000000727a00000, 0x0000000727800000| Untracked 
|  11|0x0000000727a00000, 0x0000000727c00000, 0x0000000727c00000|100%| O|  |TAMS 0x0000000727c00000, 0x0000000727a00000| Untracked 
|  12|0x0000000727c00000, 0x0000000727e00000, 0x0000000727e00000|100%| O|  |TAMS 0x0000000727e00000, 0x0000000727c00000| Untracked 
|  13|0x0000000727e00000, 0x0000000728000000, 0x0000000728000000|100%| O|  |TAMS 0x0000000728000000, 0x0000000727e00000| Untracked 
|  14|0x0000000728000000, 0x0000000728200000, 0x0000000728200000|100%| O|  |TAMS 0x0000000728200000, 0x0000000728000000| Untracked 
|  15|0x0000000728200000, 0x0000000728400000, 0x0000000728400000|100%| O|  |TAMS 0x0000000728400000, 0x0000000728200000| Untracked 
|  16|0x0000000728400000, 0x0000000728600000, 0x0000000728600000|100%| O|  |TAMS 0x0000000728600000, 0x0000000728400000| Untracked 
|  17|0x0000000728600000, 0x0000000728800000, 0x0000000728800000|100%| O|  |TAMS 0x0000000728800000, 0x0000000728600000| Untracked 
|  18|0x0000000728800000, 0x0000000728a00000, 0x0000000728a00000|100%| O|  |TAMS 0x0000000728a00000, 0x0000000728800000| Untracked 
|  19|0x0000000728a00000, 0x0000000728c00000, 0x0000000728c00000|100%| O|  |TAMS 0x0000000728c00000, 0x0000000728a00000| Untracked 
|  20|0x0000000728c00000, 0x0000000728e00000, 0x0000000728e00000|100%| O|  |TAMS 0x0000000728e00000, 0x0000000728c00000| Untracked 
|  21|0x0000000728e00000, 0x0000000729000000, 0x0000000729000000|100%|HS|  |TAMS 0x0000000729000000, 0x0000000728e00000| Complete 
|  22|0x0000000729000000, 0x0000000729200000, 0x0000000729200000|100%|HC|  |TAMS 0x0000000729200000, 0x0000000729000000| Complete 
|  23|0x0000000729200000, 0x0000000729400000, 0x0000000729400000|100%|HC|  |TAMS 0x0000000729400000, 0x0000000729200000| Complete 
|  24|0x0000000729400000, 0x0000000729600000, 0x0000000729600000|100%|HC|  |TAMS 0x0000000729600000, 0x0000000729400000| Complete 
|  25|0x0000000729600000, 0x0000000729800000, 0x0000000729800000|100%|HC|  |TAMS 0x0000000729800000, 0x0000000729600000| Complete 
|  26|0x0000000729800000, 0x0000000729a00000, 0x0000000729a00000|100%|HC|  |TAMS 0x0000000729a00000, 0x0000000729800000| Complete 
|  27|0x0000000729a00000, 0x0000000729c00000, 0x0000000729c00000|100%| O|  |TAMS 0x0000000729c00000, 0x0000000729a00000| Untracked 
|  28|0x0000000729c00000, 0x0000000729e00000, 0x0000000729e00000|100%| O|  |TAMS 0x0000000729e00000, 0x0000000729c00000| Untracked 
|  29|0x0000000729e00000, 0x000000072a000000, 0x000000072a000000|100%| O|  |TAMS 0x000000072a000000, 0x0000000729e00000| Untracked 
|  30|0x000000072a000000, 0x000000072a200000, 0x000000072a200000|100%| O|  |TAMS 0x000000072a200000, 0x000000072a000000| Untracked 
|  31|0x000000072a200000, 0x000000072a400000, 0x000000072a400000|100%| O|  |TAMS 0x000000072a400000, 0x000000072a200000| Untracked 
|  32|0x000000072a400000, 0x000000072a600000, 0x000000072a600000|100%| O|  |TAMS 0x000000072a600000, 0x000000072a400000| Untracked 
|  33|0x000000072a600000, 0x000000072a800000, 0x000000072a800000|100%| O|  |TAMS 0x000000072a800000, 0x000000072a600000| Untracked 
|  34|0x000000072a800000, 0x000000072aa00000, 0x000000072aa00000|100%| O|  |TAMS 0x000000072aa00000, 0x000000072a800000| Untracked 
|  35|0x000000072aa00000, 0x000000072ac00000, 0x000000072ac00000|100%| O|  |TAMS 0x000000072ac00000, 0x000000072aa00000| Untracked 
|  36|0x000000072ac00000, 0x000000072ae00000, 0x000000072ae00000|100%| O|  |TAMS 0x000000072ae00000, 0x000000072ac00000| Untracked 
|  37|0x000000072ae00000, 0x000000072b000000, 0x000000072b000000|100%| O|  |TAMS 0x000000072ae00000, 0x000000072ae00000| Untracked 
|  38|0x000000072b000000, 0x000000072b200000, 0x000000072b200000|100%|HS|  |TAMS 0x000000072b200000, 0x000000072b000000| Complete 
|  39|0x000000072b200000, 0x000000072b400000, 0x000000072b400000|100%|HC|  |TAMS 0x000000072b400000, 0x000000072b200000| Complete 
|  40|0x000000072b400000, 0x000000072b600000, 0x000000072b600000|100%|HC|  |TAMS 0x000000072b600000, 0x000000072b400000| Complete 
|  41|0x000000072b600000, 0x000000072b800000, 0x000000072b800000|100%| O|  |TAMS 0x000000072b800000, 0x000000072b600000| Untracked 
|  42|0x000000072b800000, 0x000000072ba00000, 0x000000072ba00000|100%| O|  |TAMS 0x000000072ba00000, 0x000000072b800000| Untracked 
|  43|0x000000072ba00000, 0x000000072bc00000, 0x000000072bc00000|100%| O|  |TAMS 0x000000072bc00000, 0x000000072ba00000| Untracked 
|  44|0x000000072bc00000, 0x000000072be00000, 0x000000072be00000|100%| O|  |TAMS 0x000000072be00000, 0x000000072bc00000| Untracked 
|  45|0x000000072be00000, 0x000000072c000000, 0x000000072c000000|100%| O|  |TAMS 0x000000072c000000, 0x000000072be00000| Untracked 
|  46|0x000000072c000000, 0x000000072c200000, 0x000000072c200000|100%| O|  |TAMS 0x000000072c200000, 0x000000072c000000| Untracked 
|  47|0x000000072c200000, 0x000000072c400000, 0x000000072c400000|100%| O|  |TAMS 0x000000072c400000, 0x000000072c200000| Untracked 
|  48|0x000000072c400000, 0x000000072c600000, 0x000000072c600000|100%| O|  |TAMS 0x000000072c600000, 0x000000072c400000| Untracked 
|  49|0x000000072c600000, 0x000000072c800000, 0x000000072c800000|100%| O|  |TAMS 0x000000072c600000, 0x000000072c600000| Untracked 
|  50|0x000000072c800000, 0x000000072ca00000, 0x000000072ca00000|100%| O|  |TAMS 0x000000072ca00000, 0x000000072c800000| Untracked 
|  51|0x000000072ca00000, 0x000000072cc00000, 0x000000072cc00000|100%| O|  |TAMS 0x000000072cc00000, 0x000000072ca00000| Untracked 
|  52|0x000000072cc00000, 0x000000072ce00000, 0x000000072ce00000|100%| O|  |TAMS 0x000000072ce00000, 0x000000072cc00000| Untracked 
|  53|0x000000072ce00000, 0x000000072d000000, 0x000000072d000000|100%| O|  |TAMS 0x000000072d000000, 0x000000072ce00000| Untracked 
|  54|0x000000072d000000, 0x000000072d200000, 0x000000072d200000|100%| O|  |TAMS 0x000000072d200000, 0x000000072d000000| Untracked 
|  55|0x000000072d200000, 0x000000072d400000, 0x000000072d400000|100%| O|  |TAMS 0x000000072d400000, 0x000000072d200000| Untracked 
|  56|0x000000072d400000, 0x000000072d600000, 0x000000072d600000|100%| O|  |TAMS 0x000000072d600000, 0x000000072d400000| Untracked 
|  57|0x000000072d600000, 0x000000072d800000, 0x000000072d800000|100%| O|  |TAMS 0x000000072d800000, 0x000000072d600000| Untracked 
|  58|0x000000072d800000, 0x000000072da00000, 0x000000072da00000|100%| O|  |TAMS 0x000000072da00000, 0x000000072d800000| Untracked 
|  59|0x000000072da00000, 0x000000072dc00000, 0x000000072dc00000|100%| O|  |TAMS 0x000000072dc00000, 0x000000072da00000| Untracked 
|  60|0x000000072dc00000, 0x000000072de00000, 0x000000072de00000|100%| O|  |TAMS 0x000000072de00000, 0x000000072dc00000| Untracked 
|  61|0x000000072de00000, 0x000000072e000000, 0x000000072e000000|100%| O|  |TAMS 0x000000072e000000, 0x000000072de00000| Untracked 
|  62|0x000000072e000000, 0x000000072e200000, 0x000000072e200000|100%| O|  |TAMS 0x000000072e200000, 0x000000072e000000| Untracked 
|  63|0x000000072e200000, 0x000000072e400000, 0x000000072e400000|100%| O|  |TAMS 0x000000072e400000, 0x000000072e200000| Untracked 
|  64|0x000000072e400000, 0x000000072e600000, 0x000000072e600000|100%| O|  |TAMS 0x000000072e600000, 0x000000072e400000| Untracked 
|  65|0x000000072e600000, 0x000000072e800000, 0x000000072e800000|100%| O|  |TAMS 0x000000072e800000, 0x000000072e600000| Untracked 
|  66|0x000000072e800000, 0x000000072ea00000, 0x000000072ea00000|100%| O|  |TAMS 0x000000072ea00000, 0x000000072e800000| Untracked 
|  67|0x000000072ea00000, 0x000000072ec00000, 0x000000072ec00000|100%| O|  |TAMS 0x000000072ec00000, 0x000000072ea00000| Untracked 
|  68|0x000000072ec00000, 0x000000072ee00000, 0x000000072ee00000|100%| O|  |TAMS 0x000000072ee00000, 0x000000072ec00000| Untracked 
|  69|0x000000072ee00000, 0x000000072f000000, 0x000000072f000000|100%| O|  |TAMS 0x000000072f000000, 0x000000072ee00000| Untracked 
|  70|0x000000072f000000, 0x000000072f200000, 0x000000072f200000|100%| O|  |TAMS 0x000000072f200000, 0x000000072f000000| Untracked 
|  71|0x000000072f200000, 0x000000072f400000, 0x000000072f400000|100%| O|  |TAMS 0x000000072f400000, 0x000000072f200000| Untracked 
|  72|0x000000072f400000, 0x000000072f600000, 0x000000072f600000|100%| O|  |TAMS 0x000000072f600000, 0x000000072f400000| Untracked 
|  73|0x000000072f600000, 0x000000072f800000, 0x000000072f800000|100%| O|  |TAMS 0x000000072f800000, 0x000000072f600000| Untracked 
|  74|0x000000072f800000, 0x000000072fa00000, 0x000000072fa00000|100%| O|  |TAMS 0x000000072fa00000, 0x000000072f800000| Untracked 
|  75|0x000000072fa00000, 0x000000072fc00000, 0x000000072fc00000|100%| O|  |TAMS 0x000000072fc00000, 0x000000072fa00000| Untracked 
|  76|0x000000072fc00000, 0x000000072fe00000, 0x000000072fe00000|100%| O|  |TAMS 0x000000072fe00000, 0x000000072fc00000| Untracked 
|  77|0x000000072fe00000, 0x0000000730000000, 0x0000000730000000|100%| O|  |TAMS 0x0000000730000000, 0x000000072fe00000| Untracked 
|  78|0x0000000730000000, 0x0000000730200000, 0x0000000730200000|100%| O|  |TAMS 0x0000000730200000, 0x0000000730000000| Untracked 
|  79|0x0000000730200000, 0x0000000730400000, 0x0000000730400000|100%| O|  |TAMS 0x0000000730400000, 0x0000000730200000| Untracked 
|  80|0x0000000730400000, 0x0000000730600000, 0x0000000730600000|100%| O|  |TAMS 0x0000000730600000, 0x0000000730400000| Untracked 
|  81|0x0000000730600000, 0x0000000730800000, 0x0000000730800000|100%| O|  |TAMS 0x0000000730800000, 0x0000000730600000| Untracked 
|  82|0x0000000730800000, 0x0000000730a00000, 0x0000000730a00000|100%| O|  |TAMS 0x0000000730a00000, 0x0000000730800000| Untracked 
|  83|0x0000000730a00000, 0x0000000730c00000, 0x0000000730c00000|100%| O|  |TAMS 0x0000000730c00000, 0x0000000730a00000| Untracked 
|  84|0x0000000730c00000, 0x0000000730e00000, 0x0000000730e00000|100%| O|  |TAMS 0x0000000730e00000, 0x0000000730c00000| Untracked 
|  85|0x0000000730e00000, 0x0000000731000000, 0x0000000731000000|100%| O|  |TAMS 0x0000000731000000, 0x0000000730e00000| Untracked 
|  86|0x0000000731000000, 0x0000000731200000, 0x0000000731200000|100%| O|  |TAMS 0x0000000731200000, 0x0000000731000000| Untracked 
|  87|0x0000000731200000, 0x0000000731400000, 0x0000000731400000|100%| O|  |TAMS 0x0000000731400000, 0x0000000731200000| Untracked 
|  88|0x0000000731400000, 0x0000000731600000, 0x0000000731600000|100%| O|  |TAMS 0x0000000731600000, 0x0000000731400000| Untracked 
|  89|0x0000000731600000, 0x0000000731800000, 0x0000000731800000|100%| O|  |TAMS 0x0000000731800000, 0x0000000731600000| Untracked 
|  90|0x0000000731800000, 0x0000000731a00000, 0x0000000731a00000|100%| O|  |TAMS 0x0000000731a00000, 0x0000000731800000| Untracked 
|  91|0x0000000731a00000, 0x0000000731c00000, 0x0000000731c00000|100%| O|  |TAMS 0x0000000731c00000, 0x0000000731a00000| Untracked 
|  92|0x0000000731c00000, 0x0000000731e00000, 0x0000000731e00000|100%| O|  |TAMS 0x0000000731e00000, 0x0000000731c00000| Untracked 
|  93|0x0000000731e00000, 0x0000000732000000, 0x0000000732000000|100%| O|  |TAMS 0x0000000731e00000, 0x0000000731e00000| Untracked 
|  94|0x0000000732000000, 0x0000000732200000, 0x0000000732200000|100%| O|  |TAMS 0x00000007320cc600, 0x0000000732000000| Untracked 
|  95|0x0000000732200000, 0x0000000732400000, 0x0000000732400000|100%| O|  |TAMS 0x0000000732200000, 0x0000000732200000| Untracked 
|  96|0x0000000732400000, 0x0000000732600000, 0x0000000732600000|100%| O|  |TAMS 0x0000000732400000, 0x0000000732400000| Untracked 
|  97|0x0000000732600000, 0x0000000732800000, 0x0000000732800000|100%| O|  |TAMS 0x0000000732600000, 0x0000000732600000| Untracked 
|  98|0x0000000732800000, 0x0000000732a00000, 0x0000000732a00000|100%| O|  |TAMS 0x0000000732800000, 0x0000000732800000| Untracked 
|  99|0x0000000732a00000, 0x0000000732c00000, 0x0000000732c00000|100%| O|  |TAMS 0x0000000732a00000, 0x0000000732a00000| Untracked 
| 100|0x0000000732c00000, 0x0000000732e00000, 0x0000000732e00000|100%| O|  |TAMS 0x0000000732c00000, 0x0000000732c00000| Untracked 
| 101|0x0000000732e00000, 0x0000000733000000, 0x0000000733000000|100%| O|  |TAMS 0x0000000732e00000, 0x0000000732e00000| Untracked 
| 102|0x0000000733000000, 0x0000000733200000, 0x0000000733200000|100%| O|  |TAMS 0x0000000733000000, 0x0000000733000000| Untracked 
| 103|0x0000000733200000, 0x0000000733400000, 0x0000000733400000|100%| O|  |TAMS 0x0000000733200000, 0x0000000733200000| Untracked 
| 104|0x0000000733400000, 0x0000000733600000, 0x0000000733600000|100%| O|  |TAMS 0x0000000733400000, 0x0000000733400000| Untracked 
| 105|0x0000000733600000, 0x0000000733800000, 0x0000000733800000|100%| O|  |TAMS 0x0000000733600000, 0x0000000733600000| Untracked 
| 106|0x0000000733800000, 0x0000000733a00000, 0x0000000733a00000|100%| O|  |TAMS 0x0000000733800000, 0x0000000733800000| Untracked 
| 107|0x0000000733a00000, 0x0000000733c00000, 0x0000000733c00000|100%| O|  |TAMS 0x0000000733a00000, 0x0000000733a00000| Untracked 
| 108|0x0000000733c00000, 0x0000000733e00000, 0x0000000733e00000|100%| O|  |TAMS 0x0000000733c00000, 0x0000000733c00000| Untracked 
| 109|0x0000000733e00000, 0x0000000734000000, 0x0000000734000000|100%| O|  |TAMS 0x0000000733e00000, 0x0000000733e00000| Untracked 
| 110|0x0000000734000000, 0x0000000734200000, 0x0000000734200000|100%| O|  |TAMS 0x0000000734000000, 0x0000000734000000| Untracked 
| 111|0x0000000734200000, 0x0000000734213600, 0x0000000734400000|  3%| O|  |TAMS 0x0000000734200000, 0x0000000734200000| Untracked 
| 112|0x0000000734400000, 0x0000000734400000, 0x0000000734600000|  0%| F|  |TAMS 0x0000000734400000, 0x0000000734400000| Untracked 
| 113|0x0000000734600000, 0x0000000734600000, 0x0000000734800000|  0%| F|  |TAMS 0x0000000734600000, 0x0000000734600000| Untracked 
| 114|0x0000000734800000, 0x0000000734800000, 0x0000000734a00000|  0%| F|  |TAMS 0x0000000734800000, 0x0000000734800000| Untracked 
| 115|0x0000000734a00000, 0x0000000734a00000, 0x0000000734c00000|  0%| F|  |TAMS 0x0000000734a00000, 0x0000000734a00000| Untracked 
| 116|0x0000000734c00000, 0x0000000734c00000, 0x0000000734e00000|  0%| F|  |TAMS 0x0000000734c00000, 0x0000000734c00000| Untracked 
| 117|0x0000000734e00000, 0x0000000734e00000, 0x0000000735000000|  0%| F|  |TAMS 0x0000000734e00000, 0x0000000734e00000| Untracked 
| 118|0x0000000735000000, 0x0000000735000000, 0x0000000735200000|  0%| F|  |TAMS 0x0000000735000000, 0x0000000735000000| Untracked 
| 119|0x0000000735200000, 0x0000000735200000, 0x0000000735400000|  0%| F|  |TAMS 0x0000000735200000, 0x0000000735200000| Untracked 
| 120|0x0000000735400000, 0x0000000735400000, 0x0000000735600000|  0%| F|  |TAMS 0x0000000735400000, 0x0000000735400000| Untracked 
| 121|0x0000000735600000, 0x0000000735600000, 0x0000000735800000|  0%| F|  |TAMS 0x0000000735600000, 0x0000000735600000| Untracked 
| 122|0x0000000735800000, 0x0000000735800000, 0x0000000735a00000|  0%| F|  |TAMS 0x0000000735800000, 0x0000000735800000| Untracked 
| 123|0x0000000735a00000, 0x0000000735a00000, 0x0000000735c00000|  0%| F|  |TAMS 0x0000000735a00000, 0x0000000735a00000| Untracked 
| 124|0x0000000735c00000, 0x0000000735c00000, 0x0000000735e00000|  0%| F|  |TAMS 0x0000000735c00000, 0x0000000735c00000| Untracked 
| 125|0x0000000735e00000, 0x0000000735e00000, 0x0000000736000000|  0%| F|  |TAMS 0x0000000735e00000, 0x0000000735e00000| Untracked 
| 126|0x0000000736000000, 0x0000000736000000, 0x0000000736200000|  0%| F|  |TAMS 0x0000000736000000, 0x0000000736000000| Untracked 
| 127|0x0000000736200000, 0x0000000736200000, 0x0000000736400000|  0%| F|  |TAMS 0x0000000736200000, 0x0000000736200000| Untracked 
| 128|0x0000000736400000, 0x0000000736400000, 0x0000000736600000|  0%| F|  |TAMS 0x0000000736400000, 0x0000000736400000| Untracked 
| 129|0x0000000736600000, 0x0000000736600000, 0x0000000736800000|  0%| F|  |TAMS 0x0000000736600000, 0x0000000736600000| Untracked 
| 130|0x0000000736800000, 0x0000000736800000, 0x0000000736a00000|  0%| F|  |TAMS 0x0000000736800000, 0x0000000736800000| Untracked 
| 131|0x0000000736a00000, 0x0000000736a00000, 0x0000000736c00000|  0%| F|  |TAMS 0x0000000736a00000, 0x0000000736a00000| Untracked 
| 132|0x0000000736c00000, 0x0000000736c00000, 0x0000000736e00000|  0%| F|  |TAMS 0x0000000736c00000, 0x0000000736c00000| Untracked 
| 133|0x0000000736e00000, 0x0000000736e00000, 0x0000000737000000|  0%| F|  |TAMS 0x0000000736e00000, 0x0000000736e00000| Untracked 
| 134|0x0000000737000000, 0x0000000737000000, 0x0000000737200000|  0%| F|  |TAMS 0x0000000737000000, 0x0000000737000000| Untracked 
| 135|0x0000000737200000, 0x00000007372216e0, 0x0000000737400000|  6%| S|CS|TAMS 0x0000000737200000, 0x0000000737200000| Complete 
| 136|0x0000000737400000, 0x0000000737400000, 0x0000000737600000|  0%| F|  |TAMS 0x0000000737400000, 0x0000000737400000| Untracked 
| 137|0x0000000737600000, 0x0000000737600000, 0x0000000737800000|  0%| F|  |TAMS 0x0000000737600000, 0x0000000737600000| Untracked 
| 138|0x0000000737800000, 0x0000000737800000, 0x0000000737a00000|  0%| F|  |TAMS 0x0000000737800000, 0x0000000737800000| Untracked 
| 139|0x0000000737a00000, 0x0000000737a00000, 0x0000000737c00000|  0%| F|  |TAMS 0x0000000737a00000, 0x0000000737a00000| Untracked 
| 140|0x0000000737c00000, 0x0000000737c00000, 0x0000000737e00000|  0%| F|  |TAMS 0x0000000737c00000, 0x0000000737c00000| Untracked 
| 141|0x0000000737e00000, 0x0000000737e00000, 0x0000000738000000|  0%| F|  |TAMS 0x0000000737e00000, 0x0000000737e00000| Untracked 
| 142|0x0000000738000000, 0x0000000738000000, 0x0000000738200000|  0%| F|  |TAMS 0x0000000738000000, 0x0000000738000000| Untracked 
| 143|0x0000000738200000, 0x0000000738200000, 0x0000000738400000|  0%| F|  |TAMS 0x0000000738200000, 0x0000000738200000| Untracked 
| 144|0x0000000738400000, 0x0000000738400000, 0x0000000738600000|  0%| F|  |TAMS 0x0000000738400000, 0x0000000738400000| Untracked 
| 145|0x0000000738600000, 0x0000000738600000, 0x0000000738800000|  0%| F|  |TAMS 0x0000000738600000, 0x0000000738600000| Untracked 
| 146|0x0000000738800000, 0x0000000738800000, 0x0000000738a00000|  0%| F|  |TAMS 0x0000000738800000, 0x0000000738800000| Untracked 
| 147|0x0000000738a00000, 0x0000000738ab2ae0, 0x0000000738c00000| 34%| E|  |TAMS 0x0000000738a00000, 0x0000000738a00000| Complete 
| 148|0x0000000738c00000, 0x0000000738e00000, 0x0000000738e00000|100%| E|CS|TAMS 0x0000000738c00000, 0x0000000738c00000| Complete 
| 149|0x0000000738e00000, 0x0000000739000000, 0x0000000739000000|100%| E|CS|TAMS 0x0000000738e00000, 0x0000000738e00000| Complete 
| 150|0x0000000739000000, 0x0000000739200000, 0x0000000739200000|100%| E|CS|TAMS 0x0000000739000000, 0x0000000739000000| Complete 
| 151|0x0000000739200000, 0x0000000739400000, 0x0000000739400000|100%| E|CS|TAMS 0x0000000739200000, 0x0000000739200000| Complete 
| 152|0x0000000739400000, 0x0000000739600000, 0x0000000739600000|100%| E|CS|TAMS 0x0000000739400000, 0x0000000739400000| Complete 
| 153|0x0000000739600000, 0x0000000739800000, 0x0000000739800000|100%| E|CS|TAMS 0x0000000739600000, 0x0000000739600000| Complete 
| 154|0x0000000739800000, 0x0000000739a00000, 0x0000000739a00000|100%| E|CS|TAMS 0x0000000739800000, 0x0000000739800000| Complete 
| 155|0x0000000739a00000, 0x0000000739c00000, 0x0000000739c00000|100%| E|CS|TAMS 0x0000000739a00000, 0x0000000739a00000| Complete 
| 156|0x0000000739c00000, 0x0000000739e00000, 0x0000000739e00000|100%| E|CS|TAMS 0x0000000739c00000, 0x0000000739c00000| Complete 
| 157|0x0000000739e00000, 0x000000073a000000, 0x000000073a000000|100%| E|CS|TAMS 0x0000000739e00000, 0x0000000739e00000| Complete 
| 158|0x000000073a000000, 0x000000073a200000, 0x000000073a200000|100%| E|CS|TAMS 0x000000073a000000, 0x000000073a000000| Complete 
| 159|0x000000073a200000, 0x000000073a400000, 0x000000073a400000|100%| E|CS|TAMS 0x000000073a200000, 0x000000073a200000| Complete 
| 160|0x000000073a400000, 0x000000073a600000, 0x000000073a600000|100%| E|CS|TAMS 0x000000073a400000, 0x000000073a400000| Complete 
| 161|0x000000073a600000, 0x000000073a800000, 0x000000073a800000|100%| E|CS|TAMS 0x000000073a600000, 0x000000073a600000| Complete 
| 162|0x000000073a800000, 0x000000073aa00000, 0x000000073aa00000|100%| E|CS|TAMS 0x000000073a800000, 0x000000073a800000| Complete 
| 163|0x000000073aa00000, 0x000000073ac00000, 0x000000073ac00000|100%| E|CS|TAMS 0x000000073aa00000, 0x000000073aa00000| Complete 
| 164|0x000000073ac00000, 0x000000073ae00000, 0x000000073ae00000|100%| E|CS|TAMS 0x000000073ac00000, 0x000000073ac00000| Complete 
| 165|0x000000073ae00000, 0x000000073b000000, 0x000000073b000000|100%| E|CS|TAMS 0x000000073ae00000, 0x000000073ae00000| Complete 
| 166|0x000000073b000000, 0x000000073b200000, 0x000000073b200000|100%| E|CS|TAMS 0x000000073b000000, 0x000000073b000000| Complete 
| 167|0x000000073b200000, 0x000000073b400000, 0x000000073b400000|100%| E|CS|TAMS 0x000000073b200000, 0x000000073b200000| Complete 
| 168|0x000000073b400000, 0x000000073b600000, 0x000000073b600000|100%| E|CS|TAMS 0x000000073b400000, 0x000000073b400000| Complete 
| 169|0x000000073b600000, 0x000000073b800000, 0x000000073b800000|100%| E|CS|TAMS 0x000000073b600000, 0x000000073b600000| Complete 
| 170|0x000000073b800000, 0x000000073ba00000, 0x000000073ba00000|100%| E|CS|TAMS 0x000000073b800000, 0x000000073b800000| Complete 
| 171|0x000000073ba00000, 0x000000073bc00000, 0x000000073bc00000|100%| E|CS|TAMS 0x000000073ba00000, 0x000000073ba00000| Complete 
| 172|0x000000073bc00000, 0x000000073be00000, 0x000000073be00000|100%| E|CS|TAMS 0x000000073bc00000, 0x000000073bc00000| Complete 
| 173|0x000000073be00000, 0x000000073c000000, 0x000000073c000000|100%| E|CS|TAMS 0x000000073be00000, 0x000000073be00000| Complete 
| 174|0x000000073c000000, 0x000000073c200000, 0x000000073c200000|100%| E|CS|TAMS 0x000000073c000000, 0x000000073c000000| Complete 
| 175|0x000000073c200000, 0x000000073c400000, 0x000000073c400000|100%| E|CS|TAMS 0x000000073c200000, 0x000000073c200000| Complete 
| 176|0x000000073c400000, 0x000000073c600000, 0x000000073c600000|100%| E|CS|TAMS 0x000000073c400000, 0x000000073c400000| Complete 
| 177|0x000000073c600000, 0x000000073c800000, 0x000000073c800000|100%| E|CS|TAMS 0x000000073c600000, 0x000000073c600000| Complete 
| 178|0x000000073c800000, 0x000000073ca00000, 0x000000073ca00000|100%| E|CS|TAMS 0x000000073c800000, 0x000000073c800000| Complete 
| 179|0x000000073ca00000, 0x000000073cc00000, 0x000000073cc00000|100%| E|CS|TAMS 0x000000073ca00000, 0x000000073ca00000| Complete 
| 180|0x000000073cc00000, 0x000000073ce00000, 0x000000073ce00000|100%| E|CS|TAMS 0x000000073cc00000, 0x000000073cc00000| Complete 
| 181|0x000000073ce00000, 0x000000073d000000, 0x000000073d000000|100%| E|CS|TAMS 0x000000073ce00000, 0x000000073ce00000| Complete 
| 182|0x000000073d000000, 0x000000073d200000, 0x000000073d200000|100%| E|CS|TAMS 0x000000073d000000, 0x000000073d000000| Complete 
| 183|0x000000073d200000, 0x000000073d400000, 0x000000073d400000|100%| E|CS|TAMS 0x000000073d200000, 0x000000073d200000| Complete 
| 184|0x000000073d400000, 0x000000073d600000, 0x000000073d600000|100%| E|CS|TAMS 0x000000073d400000, 0x000000073d400000| Complete 
| 185|0x000000073d600000, 0x000000073d800000, 0x000000073d800000|100%| E|CS|TAMS 0x000000073d600000, 0x000000073d600000| Complete 
| 186|0x000000073d800000, 0x000000073da00000, 0x000000073da00000|100%| E|CS|TAMS 0x000000073d800000, 0x000000073d800000| Complete 
| 187|0x000000073da00000, 0x000000073dc00000, 0x000000073dc00000|100%| E|CS|TAMS 0x000000073da00000, 0x000000073da00000| Complete 
| 188|0x000000073dc00000, 0x000000073de00000, 0x000000073de00000|100%| E|CS|TAMS 0x000000073dc00000, 0x000000073dc00000| Complete 
| 189|0x000000073de00000, 0x000000073e000000, 0x000000073e000000|100%| E|CS|TAMS 0x000000073de00000, 0x000000073de00000| Complete 
| 190|0x000000073e000000, 0x000000073e200000, 0x000000073e200000|100%| E|CS|TAMS 0x000000073e000000, 0x000000073e000000| Complete 
| 191|0x000000073e200000, 0x000000073e400000, 0x000000073e400000|100%| E|CS|TAMS 0x000000073e200000, 0x000000073e200000| Complete 
| 192|0x000000073e400000, 0x000000073e600000, 0x000000073e600000|100%| E|CS|TAMS 0x000000073e400000, 0x000000073e400000| Complete 
| 193|0x000000073e600000, 0x000000073e800000, 0x000000073e800000|100%| E|CS|TAMS 0x000000073e600000, 0x000000073e600000| Complete 
| 194|0x000000073e800000, 0x000000073ea00000, 0x000000073ea00000|100%| E|CS|TAMS 0x000000073e800000, 0x000000073e800000| Complete 
| 195|0x000000073ea00000, 0x000000073ec00000, 0x000000073ec00000|100%| E|CS|TAMS 0x000000073ea00000, 0x000000073ea00000| Complete 
| 196|0x000000073ec00000, 0x000000073ee00000, 0x000000073ee00000|100%| E|CS|TAMS 0x000000073ec00000, 0x000000073ec00000| Complete 
| 197|0x000000073ee00000, 0x000000073f000000, 0x000000073f000000|100%| E|CS|TAMS 0x000000073ee00000, 0x000000073ee00000| Complete 
| 198|0x000000073f000000, 0x000000073f200000, 0x000000073f200000|100%| E|CS|TAMS 0x000000073f000000, 0x000000073f000000| Complete 
| 199|0x000000073f200000, 0x000000073f400000, 0x000000073f400000|100%| E|CS|TAMS 0x000000073f200000, 0x000000073f200000| Complete 
| 200|0x000000073f400000, 0x000000073f600000, 0x000000073f600000|100%| E|CS|TAMS 0x000000073f400000, 0x000000073f400000| Complete 
| 201|0x000000073f600000, 0x000000073f800000, 0x000000073f800000|100%| E|CS|TAMS 0x000000073f600000, 0x000000073f600000| Complete 
| 202|0x000000073f800000, 0x000000073fa00000, 0x000000073fa00000|100%| E|CS|TAMS 0x000000073f800000, 0x000000073f800000| Complete 
| 203|0x000000073fa00000, 0x000000073fc00000, 0x000000073fc00000|100%| E|CS|TAMS 0x000000073fa00000, 0x000000073fa00000| Complete 
| 204|0x000000073fc00000, 0x000000073fe00000, 0x000000073fe00000|100%| E|CS|TAMS 0x000000073fc00000, 0x000000073fc00000| Complete 
| 205|0x000000073fe00000, 0x0000000740000000, 0x0000000740000000|100%| E|CS|TAMS 0x000000073fe00000, 0x000000073fe00000| Complete 
| 206|0x0000000740000000, 0x0000000740200000, 0x0000000740200000|100%| E|CS|TAMS 0x0000000740000000, 0x0000000740000000| Complete 
| 207|0x0000000740200000, 0x0000000740400000, 0x0000000740400000|100%| E|CS|TAMS 0x0000000740200000, 0x0000000740200000| Complete 
| 208|0x0000000740400000, 0x0000000740600000, 0x0000000740600000|100%| E|CS|TAMS 0x0000000740400000, 0x0000000740400000| Complete 
| 209|0x0000000740600000, 0x0000000740800000, 0x0000000740800000|100%| E|CS|TAMS 0x0000000740600000, 0x0000000740600000| Complete 
| 210|0x0000000740800000, 0x0000000740a00000, 0x0000000740a00000|100%| E|CS|TAMS 0x0000000740800000, 0x0000000740800000| Complete 
| 211|0x0000000740a00000, 0x0000000740c00000, 0x0000000740c00000|100%| E|CS|TAMS 0x0000000740a00000, 0x0000000740a00000| Complete 
| 212|0x0000000740c00000, 0x0000000740e00000, 0x0000000740e00000|100%| E|CS|TAMS 0x0000000740c00000, 0x0000000740c00000| Complete 
| 213|0x0000000740e00000, 0x0000000741000000, 0x0000000741000000|100%| E|CS|TAMS 0x0000000740e00000, 0x0000000740e00000| Complete 
| 214|0x0000000741000000, 0x0000000741200000, 0x0000000741200000|100%| E|CS|TAMS 0x0000000741000000, 0x0000000741000000| Complete 
| 215|0x0000000741200000, 0x0000000741400000, 0x0000000741400000|100%| E|CS|TAMS 0x0000000741200000, 0x0000000741200000| Complete 
| 216|0x0000000741400000, 0x0000000741600000, 0x0000000741600000|100%| E|CS|TAMS 0x0000000741400000, 0x0000000741400000| Complete 
| 217|0x0000000741600000, 0x0000000741800000, 0x0000000741800000|100%| E|CS|TAMS 0x0000000741600000, 0x0000000741600000| Complete 
| 218|0x0000000741800000, 0x0000000741a00000, 0x0000000741a00000|100%| E|CS|TAMS 0x0000000741800000, 0x0000000741800000| Complete 
| 219|0x0000000741a00000, 0x0000000741c00000, 0x0000000741c00000|100%| E|CS|TAMS 0x0000000741a00000, 0x0000000741a00000| Complete 
| 220|0x0000000741c00000, 0x0000000741e00000, 0x0000000741e00000|100%| E|CS|TAMS 0x0000000741c00000, 0x0000000741c00000| Complete 
| 221|0x0000000741e00000, 0x0000000742000000, 0x0000000742000000|100%| E|CS|TAMS 0x0000000741e00000, 0x0000000741e00000| Complete 
| 222|0x0000000742000000, 0x0000000742200000, 0x0000000742200000|100%| E|CS|TAMS 0x0000000742000000, 0x0000000742000000| Complete 
| 223|0x0000000742200000, 0x0000000742400000, 0x0000000742400000|100%| E|CS|TAMS 0x0000000742200000, 0x0000000742200000| Complete 

Card table byte_map: [0x00000200793d0000,0x0000020079aa0000] _byte_map_base: 0x0000020075a9e000

Marking Bits (Prev, Next): (CMBitMap*) 0x000002006224a200, (CMBitMap*) 0x000002006224a1c0
 Prev Bits: [0x0000020000000000, 0x0000020003670000)
 Next Bits: [0x000002007a170000, 0x000002007d7e0000)

Polling page: 0x00000200600b0000

Metaspace:

Usage:
  Non-class:     72.58 MB used.
      Class:     11.10 MB used.
       Both:     83.68 MB used.

Virtual space:
  Non-class space:      128.00 MB reserved,      72.94 MB ( 57%) committed,  2 nodes.
      Class space:        1.00 GB reserved,      11.44 MB (  1%) committed,  1 nodes.
             Both:        1.12 GB reserved,      84.38 MB (  7%) committed. 

Chunk freelists:
   Non-Class:  6.64 MB
       Class:  4.41 MB
        Both:  11.05 MB

MaxMetaspaceSize: unlimited
CompressedClassSpaceSize: 1.00 GB
Initial GC threshold: 21.00 MB
Current GC threshold: 133.88 MB
CDS: on
MetaspaceReclaimPolicy: balanced
 - commit_granule_bytes: 65536.
 - commit_granule_words: 8192.
 - virtual_space_node_default_size: 8388608.
 - enlarge_chunks_in_place: 1.
 - new_chunks_are_fully_committed: 0.
 - uncommit_free_chunks: 1.
 - use_allocation_guard: 0.
 - handle_deallocations: 1.


Internal statistics:

num_allocs_failed_limit: 9.
num_arena_births: 1028.
num_arena_deaths: 0.
num_vsnodes_births: 3.
num_vsnodes_deaths: 0.
num_space_committed: 1348.
num_space_uncommitted: 0.
num_chunks_returned_to_freelist: 9.
num_chunks_taken_from_freelist: 4040.
num_chunk_merges: 3.
num_chunk_splits: 2750.
num_chunks_enlarged: 2150.
num_inconsistent_stats: 0.

CodeHeap 'non-profiled nmethods': size=120000Kb used=14743Kb max_used=14743Kb free=105256Kb
 bounds [0x00000200717d0000, 0x0000020072640000, 0x0000020078d00000]
CodeHeap 'profiled nmethods': size=120000Kb used=20390Kb max_used=23130Kb free=99609Kb
 bounds [0x0000020069d00000, 0x000002006b400000, 0x0000020071230000]
CodeHeap 'non-nmethods': size=5760Kb used=2198Kb max_used=2281Kb free=3561Kb
 bounds [0x0000020071230000, 0x00000200714a0000, 0x00000200717d0000]
 total_blobs=14713 nmethods=12944 adapters=1680
 compilation: enabled
              stopped_count=0, restarted_count=0
 full_count=0

Compilation events (20 events):
Event: 236.739 Thread 0x000002007fcdf730 nmethod 18611 0x0000020072632090 code [0x0000020072632220, 0x0000020072632bb8]
Event: 236.788 Thread 0x000002007fcecd20 18612       3       io.netty.channel.AbstractChannelHandlerContext::writeAndFlush (39 bytes)
Event: 236.789 Thread 0x000002007fcecd20 nmethod 18612 0x000002006acbc210 code [0x000002006acbc420, 0x000002006acbcad8]
Event: 236.845 Thread 0x000002007fcdf730 18613       4       java.lang.String::encodeASCII (151 bytes)
Event: 236.850 Thread 0x000002007fcdf730 nmethod 18613 0x0000020072632e90 code [0x0000020072633020, 0x0000020072633298]
Event: 236.973 Thread 0x000002007fcdf730 18614       4       java.nio.DirectByteBuffer::duplicate (5 bytes)
Event: 236.981 Thread 0x000002007fcdf730 nmethod 18614 0x0000020072633410 code [0x00000200726335a0, 0x0000020072633c38]
Event: 237.887 Thread 0x000002007fcdf730 18615       4       net.minecraft.fluid.FlowingFluid::getActualHeight (18 bytes)
Event: 237.892 Thread 0x000002007fcdf730 nmethod 18615 0x0000020072634090 code [0x0000020072634280, 0x0000020072634548]
Event: 239.538 Thread 0x000002007fcdf730 18616       4       java.lang.Class::getCanonicalName (37 bytes)
Event: 239.551 Thread 0x000002007fcdf730 nmethod 18616 0x0000020072634890 code [0x0000020072634a60, 0x0000020072635448]
Event: 240.785 Thread 0x000002007fcdf730 18617       4       io.netty.buffer.PoolThreadCache::allocate (44 bytes)
Event: 240.786 Thread 0x000002007fcdf730 nmethod 18617 0x0000020072635790 code [0x0000020072635920, 0x0000020072635a18]
Event: 244.059 Thread 0x000002007fcecd20 18618       1       javax.management.ObjectName$Property::setKeyIndex (6 bytes)
Event: 244.059 Thread 0x000002007fcecd20 nmethod 18618 0x0000020072635b10 code [0x0000020072635ca0, 0x0000020072635d78]
Event: 244.059 Thread 0x000002007fcecd20 18619       3       org.apache.logging.log4j.core.config.AbstractConfiguration::getLoggerConfig (56 bytes)
Event: 244.060 Thread 0x000002007fcecd20 nmethod 18619 0x0000020069e44710 code [0x0000020069e44960, 0x0000020069e45488]
Event: 244.060 Thread 0x000002007fcecd20 18620       3       org.apache.logging.log4j.core.Logger$PrivateConfig::<init> (56 bytes)
Event: 244.060 Thread 0x000002007fcecd20 nmethod 18620 0x000002006b243890 code [0x000002006b243a80, 0x000002006b244318]
Event: 244.060 Thread 0x000002007fcecd20 18621       3       org.apache.logging.log4j.core.config.LoggerConfig::getLevel (22 bytes)

GC Heap History (20 events):
Event: 217.496 GC heap before
{Heap before GC invocations=94 (full 0):
 garbage-first heap   total 458752K, used 405687K [0x0000000726400000, 0x0000000800000000)
  region size 2048K, 88 young (180224K), 1 survivors (2048K)
 Metaspace       used 85661K, committed 86400K, reserved 1179648K
  class space    used 11363K, committed 11712K, reserved 1048576K
}
Event: 217.497 GC heap after
{Heap after GC invocations=95 (full 0):
 garbage-first heap   total 458752K, used 227515K [0x0000000726400000, 0x0000000800000000)
  region size 2048K, 1 young (2048K), 1 survivors (2048K)
 Metaspace       used 85661K, committed 86400K, reserved 1179648K
  class space    used 11363K, committed 11712K, reserved 1048576K
}
Event: 220.259 GC heap before
{Heap before GC invocations=95 (full 0):
 garbage-first heap   total 458752K, used 405691K [0x0000000726400000, 0x0000000800000000)
  region size 2048K, 88 young (180224K), 1 survivors (2048K)
 Metaspace       used 85673K, committed 86400K, reserved 1179648K
  class space    used 11363K, committed 11712K, reserved 1048576K
}
Event: 220.261 GC heap after
{Heap after GC invocations=96 (full 0):
 garbage-first heap   total 458752K, used 227558K [0x0000000726400000, 0x0000000800000000)
  region size 2048K, 1 young (2048K), 1 survivors (2048K)
 Metaspace       used 85673K, committed 86400K, reserved 1179648K
  class space    used 11363K, committed 11712K, reserved 1048576K
}
Event: 223.039 GC heap before
{Heap before GC invocations=96 (full 0):
 garbage-first heap   total 458752K, used 405734K [0x0000000726400000, 0x0000000800000000)
  region size 2048K, 88 young (180224K), 1 survivors (2048K)
 Metaspace       used 85673K, committed 86400K, reserved 1179648K
  class space    used 11363K, committed 11712K, reserved 1048576K
}
Event: 223.040 GC heap after
{Heap after GC invocations=97 (full 0):
 garbage-first heap   total 458752K, used 227546K [0x0000000726400000, 0x0000000800000000)
  region size 2048K, 1 young (2048K), 1 survivors (2048K)
 Metaspace       used 85673K, committed 86400K, reserved 1179648K
  class space    used 11363K, committed 11712K, reserved 1048576K
}
Event: 225.829 GC heap before
{Heap before GC invocations=97 (full 0):
 garbage-first heap   total 458752K, used 405722K [0x0000000726400000, 0x0000000800000000)
  region size 2048K, 88 young (180224K), 1 survivors (2048K)
 Metaspace       used 85675K, committed 86400K, reserved 1179648K
  class space    used 11363K, committed 11712K, reserved 1048576K
}
Event: 225.830 GC heap after
{Heap after GC invocations=98 (full 0):
 garbage-first heap   total 458752K, used 227525K [0x0000000726400000, 0x0000000800000000)
  region size 2048K, 1 young (2048K), 1 survivors (2048K)
 Metaspace       used 85675K, committed 86400K, reserved 1179648K
  class space    used 11363K, committed 11712K, reserved 1048576K
}
Event: 228.557 GC heap before
{Heap before GC invocations=98 (full 0):
 garbage-first heap   total 458752K, used 405701K [0x0000000726400000, 0x0000000800000000)
  region size 2048K, 88 young (180224K), 1 survivors (2048K)
 Metaspace       used 85675K, committed 86400K, reserved 1179648K
  class space    used 11363K, committed 11712K, reserved 1048576K
}
Event: 228.558 GC heap after
{Heap after GC invocations=99 (full 0):
 garbage-first heap   total 458752K, used 227529K [0x0000000726400000, 0x0000000800000000)
  region size 2048K, 1 young (2048K), 1 survivors (2048K)
 Metaspace       used 85675K, committed 86400K, reserved 1179648K
  class space    used 11363K, committed 11712K, reserved 1048576K
}
Event: 231.269 GC heap before
{Heap before GC invocations=99 (full 0):
 garbage-first heap   total 458752K, used 405705K [0x0000000726400000, 0x0000000800000000)
  region size 2048K, 88 young (180224K), 1 survivors (2048K)
 Metaspace       used 85675K, committed 86400K, reserved 1179648K
  class space    used 11363K, committed 11712K, reserved 1048576K
}
Event: 231.270 GC heap after
{Heap after GC invocations=100 (full 0):
 garbage-first heap   total 458752K, used 227525K [0x0000000726400000, 0x0000000800000000)
  region size 2048K, 1 young (2048K), 1 survivors (2048K)
 Metaspace       used 85675K, committed 86400K, reserved 1179648K
  class space    used 11363K, committed 11712K, reserved 1048576K
}
Event: 233.899 GC heap before
{Heap before GC invocations=100 (full 0):
 garbage-first heap   total 458752K, used 405701K [0x0000000726400000, 0x0000000800000000)
  region size 2048K, 88 young (180224K), 1 survivors (2048K)
 Metaspace       used 85675K, committed 86400K, reserved 1179648K
  class space    used 11363K, committed 11712K, reserved 1048576K
}
Event: 233.901 GC heap after
{Heap after GC invocations=101 (full 0):
 garbage-first heap   total 458752K, used 227523K [0x0000000726400000, 0x0000000800000000)
  region size 2048K, 1 young (2048K), 1 survivors (2048K)
 Metaspace       used 85675K, committed 86400K, reserved 1179648K
  class space    used 11363K, committed 11712K, reserved 1048576K
}
Event: 236.550 GC heap before
{Heap before GC invocations=101 (full 0):
 garbage-first heap   total 458752K, used 405699K [0x0000000726400000, 0x0000000800000000)
  region size 2048K, 88 young (180224K), 1 survivors (2048K)
 Metaspace       used 85675K, committed 86400K, reserved 1179648K
  class space    used 11363K, committed 11712K, reserved 1048576K
}
Event: 236.552 GC heap after
{Heap after GC invocations=102 (full 0):
 garbage-first heap   total 458752K, used 227512K [0x0000000726400000, 0x0000000800000000)
  region size 2048K, 1 young (2048K), 1 survivors (2048K)
 Metaspace       used 85675K, committed 86400K, reserved 1179648K
  class space    used 11363K, committed 11712K, reserved 1048576K
}
Event: 239.319 GC heap before
{Heap before GC invocations=102 (full 0):
 garbage-first heap   total 458752K, used 405688K [0x0000000726400000, 0x0000000800000000)
  region size 2048K, 88 young (180224K), 1 survivors (2048K)
 Metaspace       used 85677K, committed 86400K, reserved 1179648K
  class space    used 11363K, committed 11712K, reserved 1048576K
}
Event: 239.320 GC heap after
{Heap after GC invocations=103 (full 0):
 garbage-first heap   total 458752K, used 227534K [0x0000000726400000, 0x0000000800000000)
  region size 2048K, 1 young (2048K), 1 survivors (2048K)
 Metaspace       used 85677K, committed 86400K, reserved 1179648K
  class space    used 11363K, committed 11712K, reserved 1048576K
}
Event: 241.512 GC heap before
{Heap before GC invocations=103 (full 0):
 garbage-first heap   total 458752K, used 405710K [0x0000000726400000, 0x0000000800000000)
  region size 2048K, 88 young (180224K), 1 survivors (2048K)
 Metaspace       used 85677K, committed 86400K, reserved 1179648K
  class space    used 11363K, committed 11712K, reserved 1048576K
}
Event: 241.513 GC heap after
{Heap after GC invocations=104 (full 0):
 garbage-first heap   total 458752K, used 227539K [0x0000000726400000, 0x0000000800000000)
  region size 2048K, 1 young (2048K), 1 survivors (2048K)
 Metaspace       used 85677K, committed 86400K, reserved 1179648K
  class space    used 11363K, committed 11712K, reserved 1048576K
}

Dll operation events (19 events):
Event: 0.008 Loaded shared library C:\Users\USER\.jdks\corretto-17.0.10\bin\java.dll
Event: 0.028 Loaded shared library C:\Users\USER\.jdks\corretto-17.0.10\bin\jsvml.dll
Event: 0.151 Loaded shared library C:\Users\USER\.jdks\corretto-17.0.10\bin\zip.dll
Event: 0.158 Loaded shared library C:\Users\USER\.jdks\corretto-17.0.10\bin\instrument.dll
Event: 0.165 Loaded shared library C:\Users\USER\.jdks\corretto-17.0.10\bin\net.dll
Event: 0.168 Loaded shared library C:\Users\USER\.jdks\corretto-17.0.10\bin\nio.dll
Event: 0.183 Loaded shared library C:\Users\USER\.jdks\corretto-17.0.10\bin\zip.dll
Event: 0.302 Loaded shared library C:\Program Files\JetBrains\IntelliJ IDEA 2024.1.2\bin\breakgen64.dll
Event: 0.313 Loaded shared library C:\Users\USER\.jdks\corretto-17.0.10\bin\extnet.dll
Event: 0.329 Loaded shared library C:\Users\USER\.jdks\corretto-17.0.10\bin\jimage.dll
Event: 0.404 Loaded shared library C:\Users\USER\.jdks\corretto-17.0.10\bin\management.dll
Event: 0.410 Loaded shared library C:\Users\USER\.jdks\corretto-17.0.10\bin\management_ext.dll
Event: 6.560 Loaded shared library C:\Users\USER\.jdks\corretto-17.0.10\bin\sunmscapi.dll
Event: 7.126 Loaded shared library C:\Users\USER\AppData\Local\Temp\lwjglUSER\3.2.2-build-10\lwjgl.dll
Event: 7.483 Loaded shared library C:\Users\USER\AppData\Local\Temp\lwjglUSER\3.2.2-build-10\lwjgl_opengl.dll
Event: 7.756 Loaded shared library C:\Users\USER\.jdks\corretto-17.0.10\bin\verify.dll
Event: 7.788 Loaded shared library C:\Users\USER\AppData\Local\Temp\jna-2614219\jna17148217960692621594.dll
Event: 9.833 Loaded shared library C:\Users\USER\.jdks\corretto-17.0.10\bin\awt.dll
Event: 10.019 Loaded shared library C:\Users\USER\AppData\Local\Temp\lwjglUSER\3.2.2-build-10\lwjgl_stb.dll

Deoptimization events (20 events):
Event: 214.306 Thread 0x0000020054d3b2d0 Uncommon trap: trap_request=0xffffff45 fr.pc=0x00000200721d8f34 relative=0x0000000000000094
Event: 214.306 Thread 0x0000020054d3b2d0 Uncommon trap: reason=unstable_if action=reinterpret pc=0x00000200721d8f34 method=io.netty.util.internal.shaded.org.jctools.queues.BaseMpscLinkedArrayQueue.isEmpty()Z @ 9 c2
Event: 214.306 Thread 0x0000020054d3b2d0 DEOPT PACKING pc=0x00000200721d8f34 sp=0x000000395d0ff380
Event: 214.306 Thread 0x0000020054d3b2d0 DEOPT UNPACKING pc=0x000002007128a1a3 sp=0x000000395d0ff2a8 mode 2
Event: 244.058 Thread 0x0000020054d403d0 Uncommon trap: trap_request=0xffffffde fr.pc=0x00000200721078c4 relative=0x00000000000001a4
Event: 244.058 Thread 0x0000020054d403d0 Uncommon trap: reason=class_check action=maybe_recompile pc=0x00000200721078c4 method=java.util.concurrent.locks.AbstractQueuedSynchronizer.acquireShared(I)V @ 2 c2
Event: 244.058 Thread 0x0000020054d403d0 DEOPT PACKING pc=0x00000200721078c4 sp=0x000000395c8feb50
Event: 244.058 Thread 0x0000020054d403d0 DEOPT UNPACKING pc=0x000002007128a1a3 sp=0x000000395c8feb18 mode 2
Event: 244.058 Thread 0x0000020054d403d0 Uncommon trap: trap_request=0xffffffde fr.pc=0x00000200721078c4 relative=0x00000000000001a4
Event: 244.058 Thread 0x0000020054d403d0 Uncommon trap: reason=class_check action=maybe_recompile pc=0x00000200721078c4 method=java.util.concurrent.locks.AbstractQueuedSynchronizer.acquireShared(I)V @ 2 c2
Event: 244.058 Thread 0x0000020054d403d0 DEOPT PACKING pc=0x00000200721078c4 sp=0x000000395c8feb10
Event: 244.058 Thread 0x0000020054d403d0 DEOPT UNPACKING pc=0x000002007128a1a3 sp=0x000000395c8fead8 mode 2
Event: 244.058 Thread 0x0000020054d403d0 Uncommon trap: trap_request=0xffffffde fr.pc=0x00000200721078c4 relative=0x00000000000001a4
Event: 244.058 Thread 0x0000020054d403d0 Uncommon trap: reason=class_check action=maybe_recompile pc=0x00000200721078c4 method=java.util.concurrent.locks.AbstractQueuedSynchronizer.acquireShared(I)V @ 2 c2
Event: 244.058 Thread 0x0000020054d403d0 DEOPT PACKING pc=0x00000200721078c4 sp=0x000000395c8feae0
Event: 244.058 Thread 0x0000020054d403d0 DEOPT UNPACKING pc=0x000002007128a1a3 sp=0x000000395c8feaa8 mode 2
Event: 244.058 Thread 0x0000020054d403d0 Uncommon trap: trap_request=0xffffffde fr.pc=0x00000200721078c4 relative=0x00000000000001a4
Event: 244.058 Thread 0x0000020054d403d0 Uncommon trap: reason=class_check action=maybe_recompile pc=0x00000200721078c4 method=java.util.concurrent.locks.AbstractQueuedSynchronizer.acquireShared(I)V @ 2 c2
Event: 244.058 Thread 0x0000020054d403d0 DEOPT PACKING pc=0x00000200721078c4 sp=0x000000395c8feaa0
Event: 244.058 Thread 0x0000020054d403d0 DEOPT UNPACKING pc=0x000002007128a1a3 sp=0x000000395c8fea68 mode 2

Classes unloaded (0 events):
No events

Classes redefined (0 events):
No events

Internal exceptions (20 events):
Event: 178.331 Thread 0x0000020054d3cc20 Exception <a 'java/lang/InterruptedException'{0x000000073c700b20}> (0x000000073c700b20) 
thrown [s\src\hotspot\share\runtime\objectMonitor.cpp, line 1480]
Event: 178.331 Thread 0x0000020054d3ef90 Exception <a 'java/lang/InterruptedException'{0x000000073c731570}> (0x000000073c731570) 
thrown [s\src\hotspot\share\runtime\objectMonitor.cpp, line 1658]
Event: 188.282 Thread 0x0000020054d3ea80 Exception <a 'java/lang/InterruptedException'{0x0000000741800320}> (0x0000000741800320) 
thrown [s\src\hotspot\share\runtime\objectMonitor.cpp, line 1480]
Event: 188.282 Thread 0x0000020054d403d0 Exception <a 'java/lang/InterruptedException'{0x000000074185aaf0}> (0x000000074185aaf0) 
thrown [s\src\hotspot\share\runtime\objectMonitor.cpp, line 1658]
Event: 194.429 Thread 0x0000020054d3cc20 Exception <a 'java/lang/InterruptedException'{0x0000000742165788}> (0x0000000742165788) 
thrown [s\src\hotspot\share\runtime\objectMonitor.cpp, line 1480]
Event: 194.429 Thread 0x0000020054d3e060 Exception <a 'java/lang/InterruptedException'{0x0000000742117a60}> (0x0000000742117a60) 
thrown [s\src\hotspot\share\runtime\objectMonitor.cpp, line 1658]
Event: 200.545 Thread 0x0000020054d3e060 Exception <a 'java/lang/InterruptedException'{0x000000073c9055e0}> (0x000000073c9055e0) 
thrown [s\src\hotspot\share\runtime\objectMonitor.cpp, line 1480]
Event: 200.545 Thread 0x0000020054d3db50 Exception <a 'java/lang/InterruptedException'{0x000000073d6a03f0}> (0x000000073d6a03f0) 
thrown [s\src\hotspot\share\runtime\objectMonitor.cpp, line 1658]
Event: 202.669 Thread 0x0000020054d3cc20 Exception <a 'java/lang/InterruptedException'{0x0000000741a56f68}> (0x0000000741a56f68) 
thrown [s\src\hotspot\share\runtime\objectMonitor.cpp, line 1480]
Event: 202.670 Thread 0x0000020054d408e0 Exception <a 'java/lang/InterruptedException'{0x0000000741a03508}> (0x0000000741a03508) 
thrown [s\src\hotspot\share\runtime\objectMonitor.cpp, line 1658]
Event: 208.234 Thread 0x0000020054d408e0 Exception <a 'java/lang/InterruptedException'{0x000000073f300b20}> (0x000000073f300b20) 
thrown [s\src\hotspot\share\runtime\objectMonitor.cpp, line 1480]
Event: 208.235 Thread 0x0000020054d3cc20 Exception <a 'java/lang/InterruptedException'{0x000000073f34ac18}> (0x000000073f34ac18) 
thrown [s\src\hotspot\share\runtime\objectMonitor.cpp, line 1658]
Event: 214.902 Thread 0x0000020054d3db50 Exception <a 'java/lang/InterruptedException'{0x000000073f700b20}> (0x000000073f700b20) 
thrown [s\src\hotspot\share\runtime\objectMonitor.cpp, line 1480]
Event: 214.902 Thread 0x0000020054d3cc20 Exception <a 'java/lang/InterruptedException'{0x0000000741e04a00}> (0x0000000741e04a00) 
thrown [s\src\hotspot\share\runtime\objectMonitor.cpp, line 1658]
Event: 217.678 Thread 0x0000020054d403d0 Exception <a 'java/lang/InterruptedException'{0x0000000741600320}> (0x0000000741600320) 
thrown [s\src\hotspot\share\runtime\objectMonitor.cpp, line 1480]
Event: 217.678 Thread 0x0000020054d3cc20 Exception <a 'java/lang/InterruptedException'{0x00000007416383f0}> (0x00000007416383f0) 
thrown [s\src\hotspot\share\runtime\objectMonitor.cpp, line 1658]
Event: 221.181 Thread 0x0000020054d3cc20 Exception <a 'java/lang/InterruptedException'{0x000000073e900b20}> (0x000000073e900b20) 
thrown [s\src\hotspot\share\runtime\objectMonitor.cpp, line 1480]
Event: 221.182 Thread 0x0000020054d403d0 Exception <a 'java/lang/InterruptedException'{0x000000073e940248}> (0x000000073e940248) 
thrown [s\src\hotspot\share\runtime\objectMonitor.cpp, line 1658]
Event: 238.053 Thread 0x0000020054d3db50 Exception <a 'java/lang/InterruptedException'{0x0000000741109de0}> (0x0000000741109de0) 
thrown [s\src\hotspot\share\runtime\objectMonitor.cpp, line 1480]
Event: 238.053 Thread 0x0000020054d3cc20 Exception <a 'java/lang/InterruptedException'{0x0000000741fee540}> (0x0000000741fee540) 
thrown [s\src\hotspot\share\runtime\objectMonitor.cpp, line 1658]

VM Operations (20 events):
Event: 223.040 Executing VM operation: G1CollectForAllocation done
Event: 225.829 Executing VM operation: G1CollectForAllocation
Event: 225.830 Executing VM operation: G1CollectForAllocation done
Event: 228.557 Executing VM operation: G1CollectForAllocation
Event: 228.558 Executing VM operation: G1CollectForAllocation done
Event: 231.269 Executing VM operation: G1CollectForAllocation
Event: 231.270 Executing VM operation: G1CollectForAllocation done
Event: 233.899 Executing VM operation: G1CollectForAllocation
Event: 233.901 Executing VM operation: G1CollectForAllocation done
Event: 236.550 Executing VM operation: G1CollectForAllocation
Event: 236.552 Executing VM operation: G1CollectForAllocation done
Event: 238.551 Executing VM operation: Cleanup
Event: 238.551 Executing VM operation: Cleanup done
Event: 239.319 Executing VM operation: G1CollectForAllocation
Event: 239.320 Executing VM operation: G1CollectForAllocation done
Event: 240.384 Executing VM operation: HandshakeAllThreads
Event: 240.384 Executing VM operation: HandshakeAllThreads done
Event: 241.512 Executing VM operation: G1CollectForAllocation
Event: 241.513 Executing VM operation: G1CollectForAllocation done
Event: 244.060 Executing VM operation: Exit

Events (20 events):
Event: 237.052 Thread 0x0000020054d403d0 Thread exited: 0x0000020054d403d0
Event: 237.053 Thread 0x0000020054d3e060 Thread exited: 0x0000020054d3e060
Event: 238.053 Thread 0x0000020054d3cc20 Thread exited: 0x0000020054d3cc20
Event: 238.053 Thread 0x0000020054d3db50 Thread exited: 0x0000020054d3db50
Event: 244.051 loading class jdk/internal/misc/Signal$1
Event: 244.051 loading class jdk/internal/misc/Signal$1 done
Event: 244.052 Thread 0x0000020054d3cc20 Thread added: 0x0000020054d3cc20
Event: 244.052 Thread 0x0000020054d3db50 Thread added: 0x0000020054d3db50
Event: 244.052 Thread 0x0000020054d3e060 Thread added: 0x0000020054d3e060
Event: 244.052 Thread 0x0000020054d403d0 Thread added: 0x0000020054d403d0
Event: 244.052 Thread 0x0000020054d3ea80 Thread added: 0x0000020054d3ea80
Event: 244.053 loading class java/util/WeakHashMap$KeyIterator
Event: 244.053 loading class java/util/WeakHashMap$HashIterator
Event: 244.053 loading class java/util/WeakHashMap$HashIterator done
Event: 244.053 loading class java/util/WeakHashMap$KeyIterator done
Event: 244.053 Thread 0x0000020054d3ea80 Thread exited: 0x0000020054d3ea80
Event: 244.058 Thread 0x0000020054d3e060 Thread exited: 0x0000020054d3e060
Event: 244.058 Thread 0x0000020054d3db50 Thread exited: 0x0000020054d3db50
Event: 244.060 Thread 0x0000020054d403d0 Thread exited: 0x0000020054d403d0
Event: 244.060 Thread 0x000002007fcd0080 Thread exited: 0x000002007fcd0080


Dynamic libraries:
0x00007ff647060000 - 0x00007ff64706e000 	C:\Users\USER\.jdks\corretto-17.0.10\bin\java.exe
0x00007ffccbc90000 - 0x00007ffccbe88000 	C:\Windows\SYSTEM32\ntdll.dll
0x00007ffcc9cd0000 - 0x00007ffcc9d8f000 	C:\Windows\System32\KERNEL32.DLL
0x00007ffcc9770000 - 0x00007ffcc9a42000 	C:\Windows\System32\KERNELBASE.dll
0x00007ffcc9670000 - 0x00007ffcc9770000 	C:\Windows\System32\ucrtbase.dll
0x00007ffcbd600000 - 0x00007ffcbd61b000 	C:\Users\USER\.jdks\corretto-17.0.10\bin\VCRUNTIME140.dll
0x00007ffcbd620000 - 0x00007ffcbd637000 	C:\Users\USER\.jdks\corretto-17.0.10\bin\jli.dll
0x00007ffccab20000 - 0x00007ffccacc1000 	C:\Windows\System32\USER32.dll
0x00007ffcc9640000 - 0x00007ffcc9662000 	C:\Windows\System32\win32u.dll
0x00007ffcb3200000 - 0x00007ffcb349a000 	C:\Windows\WinSxS\amd64_microsoft.windows.common-controls_6595b64144ccf1df_6.0.19041.1110_none_60b5254171f9507e\COMCTL32.dll
0x00007ffccb9a0000 - 0x00007ffccb9cb000 	C:\Windows\System32\GDI32.dll
0x00007ffccaa80000 - 0x00007ffccab1e000 	C:\Windows\System32\msvcrt.dll
0x00007ffcc93d0000 - 0x00007ffcc94df000 	C:\Windows\System32\gdi32full.dll
0x00007ffcc9a50000 - 0x00007ffcc9aed000 	C:\Windows\System32\msvcp_win.dll
0x00007ffccb6f0000 - 0x00007ffccb722000 	C:\Windows\System32\IMM32.DLL
0x00007ffcbd5f0000 - 0x00007ffcbd5fc000 	C:\Users\USER\.jdks\corretto-17.0.10\bin\vcruntime140_1.dll
0x00007ffc8adc0000 - 0x00007ffc8ae4d000 	C:\Users\USER\.jdks\corretto-17.0.10\bin\msvcp140.dll
0x00007ffc568f0000 - 0x00007ffc57552000 	C:\Users\USER\.jdks\corretto-17.0.10\bin\server\jvm.dll
0x00007ffcc9eb0000 - 0x00007ffcc9f5e000 	C:\Windows\System32\ADVAPI32.dll
0x00007ffccbb00000 - 0x00007ffccbb9c000 	C:\Windows\System32\sechost.dll
0x00007ffccb9d0000 - 0x00007ffccbaf5000 	C:\Windows\System32\RPCRT4.dll
0x00007ffcc8dc0000 - 0x00007ffcc8e0b000 	C:\Windows\SYSTEM32\POWRPROF.dll
0x00007ffcbb7c0000 - 0x00007ffcbb7ca000 	C:\Windows\SYSTEM32\VERSION.dll
0x00007ffca1e20000 - 0x00007ffca1e47000 	C:\Windows\SYSTEM32\WINMM.dll
0x00007ffcaf870000 - 0x00007ffcaf879000 	C:\Windows\SYSTEM32\WSOCK32.dll
0x00007ffccacd0000 - 0x00007ffccad3b000 	C:\Windows\System32\WS2_32.dll
0x00007ffcc8da0000 - 0x00007ffcc8db2000 	C:\Windows\SYSTEM32\UMPDC.dll
0x00007ffcc7b90000 - 0x00007ffcc7ba2000 	C:\Windows\SYSTEM32\kernel.appcore.dll
0x00007ffcbd5e0000 - 0x00007ffcbd5ea000 	C:\Users\USER\.jdks\corretto-17.0.10\bin\jimage.dll
0x00007ffcc7110000 - 0x00007ffcc72f4000 	C:\Windows\SYSTEM32\DBGHELP.DLL
0x00007ffcbbe70000 - 0x00007ffcbbea5000 	C:\Windows\SYSTEM32\dbgcore.DLL
0x00007ffcc9b20000 - 0x00007ffcc9ba2000 	C:\Windows\System32\bcryptPrimitives.dll
0x00007ffcbd5d0000 - 0x00007ffcbd5de000 	C:\Users\USER\.jdks\corretto-17.0.10\bin\instrument.dll
0x00007ffcb2860000 - 0x00007ffcb2885000 	C:\Users\USER\.jdks\corretto-17.0.10\bin\java.dll
0x00007ffc8ace0000 - 0x00007ffc8adb7000 	C:\Users\USER\.jdks\corretto-17.0.10\bin\jsvml.dll
0x00007ffccafa0000 - 0x00007ffccb6e4000 	C:\Windows\System32\SHELL32.dll
0x00007ffcc7300000 - 0x00007ffcc7a92000 	C:\Windows\SYSTEM32\windows.storage.dll
0x00007ffcca710000 - 0x00007ffccaa65000 	C:\Windows\System32\combase.dll
0x00007ffcc8c20000 - 0x00007ffcc8c50000 	C:\Windows\SYSTEM32\Wldp.dll
0x00007ffccbba0000 - 0x00007ffccbc4d000 	C:\Windows\System32\SHCORE.dll
0x00007ffccb810000 - 0x00007ffccb865000 	C:\Windows\System32\shlwapi.dll
0x00007ffcc92c0000 - 0x00007ffcc92df000 	C:\Windows\SYSTEM32\profapi.dll
0x00007ffcb2840000 - 0x00007ffcb2858000 	C:\Users\USER\.jdks\corretto-17.0.10\bin\zip.dll
0x00007ffcabf80000 - 0x00007ffcabf99000 	C:\Users\USER\.jdks\corretto-17.0.10\bin\net.dll
0x00007ffcc1000000 - 0x00007ffcc110c000 	C:\Windows\SYSTEM32\WINHTTP.dll
0x00007ffcc8a00000 - 0x00007ffcc8a6a000 	C:\Windows\system32\mswsock.dll
0x00007ffca9e50000 - 0x00007ffca9e66000 	C:\Users\USER\.jdks\corretto-17.0.10\bin\nio.dll
0x00007ffca98c0000 - 0x00007ffca98da000 	C:\Program Files\JetBrains\IntelliJ IDEA 2024.1.2\bin\breakgen64.dll
0x00007ffcbd5a0000 - 0x00007ffcbd5a9000 	C:\Users\USER\.jdks\corretto-17.0.10\bin\extnet.dll
0x00007ffcabe50000 - 0x00007ffcabe59000 	C:\Users\USER\.jdks\corretto-17.0.10\bin\management.dll
0x00007ffca8d80000 - 0x00007ffca8d8b000 	C:\Users\USER\.jdks\corretto-17.0.10\bin\management_ext.dll
0x00007ffcc9f80000 - 0x00007ffcc9f88000 	C:\Windows\System32\PSAPI.DLL
0x00007ffca8340000 - 0x00007ffca8357000 	C:\Windows\system32\napinsp.dll
0x00007ffca8320000 - 0x00007ffca833b000 	C:\Windows\system32\pnrpnsp.dll
0x00007ffca8300000 - 0x00007ffca8315000 	C:\Windows\system32\wshbth.dll
0x00007ffcc1da0000 - 0x00007ffcc1dbd000 	C:\Windows\system32\NLAapi.dll
0x00007ffcc8710000 - 0x00007ffcc874b000 	C:\Windows\SYSTEM32\IPHLPAPI.DLL
0x00007ffcc8750000 - 0x00007ffcc881a000 	C:\Windows\SYSTEM32\DNSAPI.dll
0x00007ffccaa70000 - 0x00007ffccaa78000 	C:\Windows\System32\NSI.dll
0x00007ffca82e0000 - 0x00007ffca82f2000 	C:\Windows\System32\winrnr.dll
0x00007ffcbc1b0000 - 0x00007ffcbc1ba000 	C:\Windows\System32\rasadhlp.dll
0x00007ffcbbd90000 - 0x00007ffcbbe10000 	C:\Windows\System32\fwpuclnt.dll
0x00007ffcc9af0000 - 0x00007ffcc9b17000 	C:\Windows\System32\bcrypt.dll
0x00007ffcc8c60000 - 0x00007ffcc8c78000 	C:\Windows\SYSTEM32\CRYPTSP.dll
0x00007ffcc8340000 - 0x00007ffcc8374000 	C:\Windows\system32\rsaenh.dll
0x00007ffcc9280000 - 0x00007ffcc92ae000 	C:\Windows\SYSTEM32\USERENV.dll
0x00007ffcc8b90000 - 0x00007ffcc8b9c000 	C:\Windows\SYSTEM32\CRYPTBASE.dll
0x00007ffcbc5d0000 - 0x00007ffcbc5e7000 	C:\Windows\SYSTEM32\dhcpcsvc6.DLL
0x00007ffcbedc0000 - 0x00007ffcbeddd000 	C:\Windows\SYSTEM32\dhcpcsvc.DLL
0x00007ffca8d70000 - 0x00007ffca8d7e000 	C:\Users\USER\.jdks\corretto-17.0.10\bin\sunmscapi.dll
0x00007ffcc94e0000 - 0x00007ffcc9636000 	C:\Windows\System32\CRYPT32.dll
0x00007ffcc8e50000 - 0x00007ffcc8e77000 	C:\Windows\SYSTEM32\ncrypt.dll
0x00007ffcc8e10000 - 0x00007ffcc8e4b000 	C:\Windows\SYSTEM32\NTASN1.dll
0x00007ffcb91d0000 - 0x00007ffcb93bd000 	C:\Windows\system32\urlmon.dll
0x00007ffcb9510000 - 0x00007ffcb97c1000 	C:\Windows\SYSTEM32\iertutil.dll
0x00007ffcc8820000 - 0x00007ffcc882c000 	C:\Windows\SYSTEM32\netutils.dll
0x00007ffcb91a0000 - 0x00007ffcb91c8000 	C:\Windows\SYSTEM32\srvcli.dll
0x00007ffc5aef0000 - 0x00007ffc5af62000 	C:\Users\USER\AppData\Local\Temp\lwjglUSER\3.2.2-build-10\lwjgl.dll
0x00007ffc6dd80000 - 0x00007ffc6ddde000 	C:\Users\USER\AppData\Local\Temp\lwjglUSER\3.2.2-build-10\glfw.dll
0x00007ffc561c0000 - 0x00007ffc56411000 	C:\Users\USER\AppData\Local\Temp\lwjglUSER\3.2.2-build-10\jemalloc.dll
0x00007ffcc6770000 - 0x00007ffcc680e000 	C:\Windows\system32\uxtheme.dll
0x00007ffc7e080000 - 0x00007ffc7e0c5000 	C:\Windows\SYSTEM32\dinput8.dll
0x00007ffca8ca0000 - 0x00007ffca8cb1000 	C:\Windows\SYSTEM32\xinput1_4.dll
0x00007ffcc9380000 - 0x00007ffcc93ce000 	C:\Windows\System32\cfgmgr32.dll
0x00007ffcc9130000 - 0x00007ffcc915c000 	C:\Windows\SYSTEM32\DEVOBJ.dll
0x00007ffcc6850000 - 0x00007ffcc687f000 	C:\Windows\SYSTEM32\dwmapi.dll
0x00007ffcba8f0000 - 0x00007ffcbaa42000 	C:\Windows\SYSTEM32\inputhost.dll
0x00007ffcca5c0000 - 0x00007ffcca68d000 	C:\Windows\System32\OLEAUT32.dll
0x00007ffcc5c70000 - 0x00007ffcc5d62000 	C:\Windows\SYSTEM32\CoreMessaging.dll
0x00007ffcc2320000 - 0x00007ffcc2416000 	C:\Windows\SYSTEM32\PROPSYS.dll
0x00007ffcc4bb0000 - 0x00007ffcc4d04000 	C:\Windows\SYSTEM32\wintypes.dll
0x00007ffcc5d70000 - 0x00007ffcc60ce000 	C:\Windows\SYSTEM32\CoreUIComponents.dll
0x00007ffcc8460000 - 0x00007ffcc8493000 	C:\Windows\SYSTEM32\ntmarta.dll
0x00007ffcc9d90000 - 0x00007ffcc9ea5000 	C:\Windows\System32\MSCTF.dll
0x00007ffcc7b80000 - 0x00007ffcc7b8d000 	C:\Windows\SYSTEM32\HID.DLL
0x00007ffcc9f90000 - 0x00007ffcca3f8000 	C:\Windows\System32\SETUPAPI.DLL
0x00007ffcc9bb0000 - 0x00007ffcc9c19000 	C:\Windows\System32\WINTRUST.dll
0x00007ffcc8f70000 - 0x00007ffcc8f82000 	C:\Windows\SYSTEM32\MSASN1.dll
0x00007ffca1830000 - 0x00007ffca1955000 	C:\Windows\SYSTEM32\opengl32.dll
0x00007ffca17c0000 - 0x00007ffca17ec000 	C:\Windows\SYSTEM32\GLU32.dll
0x00007ffccae90000 - 0x00007ffccaf3f000 	C:\Windows\System32\clbcatq.dll
0x00007ffc59ef0000 - 0x00007ffc5aec2000 	C:\Windows\System32\DriverStore\FileRepository\iigd_dch.inf_amd64_fc32f5e030916127\igxelpicd64.dll
0x00007ffccb870000 - 0x00007ffccb99a000 	C:\Windows\System32\ole32.dll
0x00007ffcc7c00000 - 0x00007ffcc7cf3000 	C:\Windows\system32\dxgi.dll
0x00007ffcaa010000 - 0x00007ffcaa14c000 	C:\Windows\System32\DriverStore\FileRepository\iigd_dch.inf_amd64_fc32f5e030916127\igdml64.dll
0x00007ffcbcf30000 - 0x00007ffcbd33a000 	C:\Windows\System32\DriverStore\FileRepository\iigd_dch.inf_amd64_fc32f5e030916127\igdgmm64.dll
0x00007ffcb3880000 - 0x00007ffcb7ef0000 	C:\Windows\System32\DriverStore\FileRepository\iigd_dch.inf_amd64_fc32f5e030916127\igc64.dll
0x00007ffcbaa50000 - 0x00007ffcbab49000 	C:\Windows\SYSTEM32\textinputframework.dll
0x00007ffc56100000 - 0x00007ffc56158000 	C:\Users\USER\AppData\Local\Temp\lwjglUSER\3.2.2-build-10\lwjgl_opengl.dll
0x00007ffca8d60000 - 0x00007ffca8d70000 	C:\Users\USER\.jdks\corretto-17.0.10\bin\verify.dll
0x00007ffc6db00000 - 0x00007ffc6db42000 	C:\Users\USER\AppData\Local\Temp\jna-2614219\jna17148217960692621594.dll
0x00007ffc9efe0000 - 0x00007ffc9effa000 	C:\Users\USER\Desktop\Максим\expensive-master-fixed\libraries\natives\SAPIWrapper_x64.dll
0x00007ffc5d880000 - 0x00007ffc5da06000 	C:\Windows\System32\Speech\Common\sapi.dll
0x00007ffc947c0000 - 0x00007ffc947cb000 	C:\Windows\SYSTEM32\msdmo.dll
0x00007ffc5d860000 - 0x00007ffc5d87e000 	C:\Windows\SYSTEM32\MSACM32.dll
0x00007ffc945b0000 - 0x00007ffc945d6000 	C:\Windows\SYSTEM32\winmmbase.dll
0x00007ffcbb670000 - 0x00007ffcbb6f5000 	C:\Windows\System32\MMDevApi.dll
0x00007ffc55f70000 - 0x00007ffc56100000 	C:\Users\USER\.jdks\corretto-17.0.10\bin\awt.dll
0x00007ffcc6590000 - 0x00007ffcc6621000 	C:\Windows\SYSTEM32\apphelp.dll
0x00007ffc559f0000 - 0x00007ffc55a6f000 	C:\Users\USER\AppData\Local\Temp\lwjglUSER\3.2.2-build-10\lwjgl_stb.dll
0x00007ffc5af70000 - 0x00007ffc5b084000 	C:\Users\USER\AppData\Local\Temp\lwjglUSER\3.2.2-build-10\OpenAL.dll
0x00007ffca2ab0000 - 0x00007ffca2c32000 	C:\Windows\SYSTEM32\AUDIOSES.DLL
0x00007ffcc6880000 - 0x00007ffcc6894000 	C:\Windows\SYSTEM32\resourcepolicyclient.dll
0x00007ffcac250000 - 0x00007ffcac257000 	C:\Windows\system32\wshunix.dll

dbghelp: loaded successfully - version: 4.0.5 - missing functions: none
symbol engine: initialized successfully - sym options: 0x614 - pdb path: .;C:\Users\USER\.jdks\corretto-17.0.10\bin;C:\Windows\SYSTEM32;C:\Windows\WinSxS\amd64_microsoft.windows.common-controls_6595b64144ccf1df_6.0.19041.1110_none_60b5254171f9507e;C:\Users\USER\.jdks\corretto-17.0.10\bin\server;C:\Program Files\JetBrains\IntelliJ IDEA 2024.1.2\bin;C:\Users\USER\AppData\Local\Temp\lwjglUSER\3.2.2-build-10;C:\Windows\System32\DriverStore\FileRepository\iigd_dch.inf_amd64_fc32f5e030916127;C:\Users\USER\AppData\Local\Temp\jna-2614219;C:\Users\USER\Desktop\Максим\expensive-master-fixed\libraries\natives;C:\Windows\System32\Speech\Common

VM Arguments:
jvm_args: -Djava.library.path=C:\Users\USER\Desktop\Максим\expensive-master-fixed\libraries\natives -javaagent:C:\Program Files\JetBrains\IntelliJ IDEA 2024.1.2\lib\idea_rt.jar=7815:C:\Program Files\JetBrains\IntelliJ IDEA 2024.1.2\bin -Dfile.encoding=UTF-8 
java_command: Start
java_class_path (initial): C:\Users\USER\Desktop\Максим\expensive-master-fixed\out\production\client;C:\Users\USER\Desktop\Максим\expensive-master-fixed\libraries\1.16.5.jar;C:\Users\USER\Desktop\Максим\expensive-master-fixed\libraries\jna-4.4.0.jar;C:\Users\USER\Desktop\Максим\expensive-master-fixed\libraries\user_info.jar;C:\Users\USER\Desktop\Максим\expensive-master-fixed\libraries\guava-21.0.jar;C:\Users\USER\Desktop\Максим\expensive-master-fixed\libraries\icu4j-66.1.jar;C:\Users\USER\Desktop\Максим\expensive-master-fixed\libraries\gson-2.10.1.jar;C:\Users\USER\Desktop\Максим\expensive-master-fixed\libraries\lwjgl-3.2.2.jar;C:\Users\USER\Desktop\Максим\expensive-master-fixed\libraries\ca-fixer-1.0.jar;C:\Users\USER\Desktop\Максим\expensive-master-fixed\libraries\jinput-2.0.5.jar;C:\Users\USER\Desktop\Максим\expensive-master-fixed\libraries\jsr305-3.0.2.jar;C:\Users\USER\Desktop\Максим\expensive-master-fixed\libraries\jutils-1.0.0.jar;C:\Users\USER\Desktop\Максим\expensive-master-fixed\libraries\patchy-1.3.9.jar;C:\Users\USER\Desktop\Максим\expensive-master-fixed\libraries\oshi-core-1.1.jar;C:\Users\USER\Desktop\Максим\expensive-master-fixed\libraries\snakeyaml-2.2.jar;C:\Users\USER\Desktop\Максим\expensive-master-fixed\libraries\Animations-4.0.jar;C:\Users\USER\Desktop\Максим\expensive-master-fixed\libraries\authlib-2.1.28.jar;C:\Users\USER\Desktop\Максим\expensive-master-fixed\libraries\commons-io-2.5.jar;C:\Users\USER\Desktop\Максим\expensive-master-fixed\libraries\fastutil-8.2.1.jar;C:\Users\USER\Desktop\Максим\expensive-master-fixed\libraries\lombok-1.18.30.jar;C:\Users\USER\Desktop\Максим\expensive-master-fixed\libraries\platform-3.4.0.jar;C:\Users\USER\Desktop\Максим\expensive-master-fixed\libraries\httpcore-4.4.16.jar;C:\Users\USER\Desktop\Максим\expensive-master-fixed\libraries\jjwt-api-0.12.2.jar;C:\Users\USER\Desktop\Максим\expensive-master-fixed\libraries\log4j-api-2.8.1.jar;C:\Users\USER\Desktop\Максим\expensive-master-fixed\libraries\lwjgl-stb-3.2
Launcher Type: SUN_STANDARD

[Global flags]
     intx CICompilerCount                          = 3                                         {product} {ergonomic}
     uint ConcGCThreads                            = 1                                         {product} {ergonomic}
     uint G1ConcRefinementThreads                  = 4                                         {product} {ergonomic}
   size_t G1HeapRegionSize                         = 2097152                                   {product} {ergonomic}
    uintx GCDrainStackTargetSize                   = 64                                        {product} {ergonomic}
   size_t InitialHeapSize                          = 228589568                                 {product} {ergonomic}
   size_t MarkStackSize                            = 4194304                                   {product} {ergonomic}
   size_t MaxHeapSize                              = 3653238784                                {product} {ergonomic}
   size_t MaxNewSize                               = 2191523840                                {product} {ergonomic}
   size_t MinHeapDeltaBytes                        = 2097152                                   {product} {ergonomic}
   size_t MinHeapSize                              = 8388608                                   {product} {ergonomic}
    uintx NonNMethodCodeHeapSize                   = 5832780                                {pd product} {ergonomic}
    uintx NonProfiledCodeHeapSize                  = 122912730                              {pd product} {ergonomic}
    uintx ProfiledCodeHeapSize                     = 122912730                              {pd product} {ergonomic}
    uintx ReservedCodeCacheSize                    = 251658240                              {pd product} {ergonomic}
     bool SegmentedCodeCache                       = true                                      {product} {ergonomic}
   size_t SoftMaxHeapSize                          = 3653238784                             {manageable} {ergonomic}
     bool UseCompressedClassPointers               = true                           {product lp64_product} {ergonomic}
     bool UseCompressedOops                        = true                           {product lp64_product} {ergonomic}
     bool UseG1GC                                  = true                                      {product} {ergonomic}
     bool UseLargePagesIndividualAllocation        = false                                  {pd product} {ergonomic}

Logging:
Log output configuration:
 #0: stdout all=off uptime,level,tags
 #1: stderr all=off uptime,level,tags

Environment Variables:
PATH=C:\ProgramData\Oracle\Java\javapath;C:\Program Files\Common Files\Oracle\Java\javapath;C:\Program Files (x86)\Common Files\Oracle\Java\java8path;C:\Program Files (x86)\Common Files\Oracle\Java\javapath;C:\Windows\system32;C:\Windows;C:\Windows\System32\Wbem;C:\Windows\System32\WindowsPowerShell\v1.0\;C:\Windows\System32\OpenSSH\;C:\Program Files\7-Zip;C:\Program Files\dotnet\;C:\Program Files\Git\cmd;C:\Program Files\playit_gg\bin\;C:\Program Files\nodejs\;C:\Users\USER\AppData\Local\Programs\Python\Python312\Scripts\;C:\Users\USER\AppData\Local\Programs\Python\Python312\;C:\Users\USER\AppData\Local\Microsoft\WindowsApps;C:\Windows\system32;C:\Users\USER\Новая папка\Fiddler;C:\Users\USER\Desktop\Fiddler;C:\Users\USER\AppData\Roaming\npm
USERNAME=USER
OS=Windows_NT
PROCESSOR_IDENTIFIER=Intel64 Family 6 Model 140 Stepping 1, GenuineIntel
TMP=C:\Users\USER\AppData\Local\Temp
TEMP=C:\Users\USER\AppData\Local\Temp



Periodic native trim disabled


---------------  S Y S T E M  ---------------

OS:
 Windows 10 , 64 bit Build 19041 (10.0.19041.2364)
OS uptime: 0 days 9:19 hours
Hyper-V role detected

CPU: total 4 (initial active 4) (2 cores per cpu, 2 threads per core) family 6 model 140 stepping 1 microcode 0xa6, cx8, cmov, fxsr, ht, mmx, 3dnowpref, sse, sse2, sse3, ssse3, sse4.1, sse4.2, popcnt, lzcnt, tsc, tscinvbit, avx, avx2, aes, erms, clmul, bmi1, bmi2, adx, avx512f, avx512dq, avx512cd, avx512bw, avx512vl, sha, fma, vzeroupper, avx512_vpopcntdq, avx512_vpclmulqdq, avx512_vaes, avx512_vnni, clflush, clflushopt, clwb, avx512_vbmi2, avx512_vbmi, hv
Processor Information for all 4 processors :
  Max Mhz: 1997, Current Mhz: 1997, Mhz Limit: 1997

Memory: 4k page, system-wide physical 13931M (1125M free)
TotalPageFile size 31931M (AvailPageFile size 13584M)
current process WorkingSet (physical memory assigned to process): 1383M, peak: 1410M
current process commit charge ("private bytes"): 1368M, peak: 1397M

vm_info: OpenJDK 64-Bit Server VM (17.0.10+7-LTS) for windows-amd64 JRE (17.0.10+7-LTS), built on Jan 10 2024 22:11:07 by "Administrator" with MS VC++ 16.10 / 16.11 (VS2019)

END.
