[00:42:29] [main/INFO]: [OptiFine] (Reflector) Class not present: net.minecraftforge.eventbus.api.Event$Result
[00:42:29] [main/INFO]: [OptiFine] (Reflector) Method not present: net.minecraftforge.common.extensions.IForgeBlockState.hasTileEntity
[00:42:29] [main/INFO]: [OptiFine] (Reflector) Class not present: net.minecraftforge.common.extensions.IForgeEntity
[00:42:29] [main/INFO]: [OptiFine] (Reflector) Class not present: net.minecraftforge.fml.CrashReportExtender
[00:42:30] [main/INFO]: [OptiFine] (Reflector) Method not present: net.minecraft.tags.ItemTags.createOptional
[00:42:31] [main/INFO]: [OptiFine] (Reflector) Class not present: net.minecraftforge.client.ForgeHooksClient
[00:42:31] [main/INFO]: Environment: authHost='https://authserver.mojang.com', accountsHost='https://api.mojang.com', sessionHost='https://sessionserver.mojang.com', servicesHost='https://api.minecraftservices.com', name='PROD'
[00:42:32] [main/INFO]: Setting user: fgst_812
[00:42:32] [main/INFO]: [OptiFine] (Reflector) Class not present: net.minecraftforge.client.settings.KeyConflictContext
[00:42:32] [main/INFO]: [OptiFine] (Reflector) Class not present: net.minecraftforge.client.settings.KeyModifier
[00:42:32] [main/INFO]: Backend library: LWJGL version 3.2.2 build 10
[00:42:32] [main/INFO]: [OptiFine] (Reflector) Method not present: net.minecraftforge.fml.loading.progress.EarlyProgressVisualization.handOffWindow
[00:42:33] [main/INFO]: [OptiFine] 
[00:42:33] [main/INFO]: [OptiFine] OptiFine_1.16.5_HD_U_G8
[00:42:33] [main/INFO]: [OptiFine] (Reflector) Class not present: optifine.OptiFineResourceLocator
[00:42:33] [main/INFO]: [OptiFine] Build: null
[00:42:33] [main/INFO]: [OptiFine] OS: Windows 11 (amd64) version 10.0
[00:42:33] [main/INFO]: [OptiFine] Java: 17.0.12, Oracle Corporation
[00:42:33] [main/INFO]: [OptiFine] VM: Java HotSpot(TM) 64-Bit Server VM (mixed mode, sharing), Oracle Corporation
[00:42:33] [main/INFO]: [OptiFine] LWJGL: 3.3.0 Win32 WGL EGL OSMesa VisualC DLL
[00:42:33] [main/INFO]: [OptiFine] OpenGL: NVIDIA GeForce RTX 3060/PCIe/SSE2, version 4.6.0 NVIDIA 565.90, NVIDIA Corporation
[00:42:33] [main/INFO]: [OptiFine] OpenGL Version: 4.6.0
[00:42:33] [main/INFO]: [OptiFine] Maximum texture size: 32768x32768
[00:42:33] [VersionCheck/INFO]: [OptiFine] Checking for new version
[00:42:33] [main/INFO]: [Shaders] OpenGL Version: 4.6.0 NVIDIA 565.90
[00:42:33] [main/INFO]: [Shaders] Vendor:  NVIDIA Corporation
[00:42:33] [main/INFO]: [Shaders] Renderer: NVIDIA GeForce RTX 3060/PCIe/SSE2
[00:42:33] [main/INFO]: [Shaders] Capabilities:  2.0  2.1  3.0  3.2  4.0 
[00:42:33] [main/INFO]: [Shaders] GL_MAX_DRAW_BUFFERS: 8
[00:42:33] [main/INFO]: [Shaders] GL_MAX_COLOR_ATTACHMENTS_EXT: 8
[00:42:33] [main/INFO]: [Shaders] GL_MAX_TEXTURE_IMAGE_UNITS: 32
[00:42:33] [main/INFO]: [Shaders] Load shaders configuration.
[00:42:33] [main/INFO]: [Shaders] Save shaders configuration.
[00:42:33] [main/INFO]: [Shaders] No shaderpack loaded.
[00:42:33] [main/INFO]: [OptiFine] (Reflector) Class not present: net.minecraftforge.fml.common.Loader
[00:42:33] [VersionCheck/INFO]: [OptiFine] Version found: G7
[00:42:33] [main/WARN]: [OptiFine] java.lang.ClassNotFoundException: sun.misc.SharedSecrets
[00:42:33] [main/WARN]: [OptiFine] java.lang.ClassNotFoundException: jdk.internal.misc.SharedSecrets
[00:42:33] [main/WARN]: [OptiFine] java.lang.ClassNotFoundException: sun.misc.VM
[00:42:33] [main/WARN]: [OptiFine] java.lang.reflect.InaccessibleObjectException: Unable to make public static long jdk.internal.misc.VM.maxDirectMemory() accessible: module java.base does not "exports jdk.internal.misc" to unnamed module @4e718207
[00:42:33] [main/INFO]: [OptiFine] (Reflector) Class not present: net.minecraftforge.client.ItemModelMesherForge
[00:42:33] [main/INFO]: [OptiFine] (Reflector) Class not present: net.minecraftforge.client.model.pipeline.ForgeBlockModelRenderer
